<?xml version="1.0" encoding="utf-8"?>
<shfbBuild product="Sandcastle Help File Builder and Tools" version="2016.9.17.0" projectFile="C:\Dev\Composable\SandcastleDocumentation\SandcastleDocumentation.shfbproj" started="2016-11-26 12:45:28">
<buildStep step="Initializing">
Finding tools...
The Sandcastle tools are located in &#39;C:\Program Files (x86)\EWSoftware\Sandcastle Help File Builder\&#39;
Locating components in the following folder(s):
    C:\Dev\Composable\SandcastleDocumentation
    C:\ProgramData\EWSoftware\Sandcastle Help File Builder\Components and Plug-Ins\
    C:\Program Files (x86)\EWSoftware\Sandcastle Help File Builder\
Using framework reflection data for &#39;.NET Framework 4.5.1&#39; located in &#39;C:\Program Files (x86)\EWSoftware\Sandcastle Help File Builder\Data\.NETFramework&#39;
Using presentation style &#39;VS2013&#39; located in &#39;C:\Program Files (x86)\EWSoftware\Sandcastle Help File Builder\PresentationStyles\VS2013&#39;
Loading and initializing plug-ins...
Lightweight Website Style Version 2016.9.17.0
Copyright &#169; 2006-2016, Eric Woodruff, All Rights Reserved
Portions Copyright &#169; 2014, Sam Harwell, All Rights Reserved
-------------------------------
Clearing any prior web/markdown output...
</buildStep>
<buildStep step="ValidatingDocumentationSources">
Validating and copying documentation source information
Source: C:\Dev\Composable\Composable.System\Composable.Core.csproj
    Found project &#39;C:\Dev\Composable\Composable.System\Composable.Core.csproj&#39;
Source: C:\Dev\Composable\Composable.CQRS\Composable.CQRS.csproj
    Found project &#39;C:\Dev\Composable\Composable.CQRS\Composable.CQRS.csproj&#39;
Source: C:\Dev\Composable\Composable.Windsor\Composable.Windsor.csproj
    Found project &#39;C:\Dev\Composable\Composable.Windsor\Composable.Windsor.csproj&#39;

Parsing project files
    Found assembly &#39;C:\Dev\Composable\Composable.System\bin\Debug\Composable.Core.dll&#39;
    Found assembly &#39;C:\Dev\Composable\Composable.CQRS\bin\Debug\Composable.CQRS.dll&#39;
    Found assembly &#39;C:\Dev\Composable\Composable.Windsor\bin\Debug\Composable.Windsor.dll&#39;

References to include (excluding framework assemblies):
    None
SHFB: Warning BE0062: No XML comments files found.  The help file will not contain any member comments.
</buildStep>
<buildStep step="GenerateSharedContent">
Generating shared content files (en-US, English (United States))...
<plugIn name="Lightweight Website Style" behavior="After" priority="1000">
</plugIn>    Last step completed in 00:00:00,0150
</buildStep>
<buildStep step="GenerateApiFilter">
Generating API filter for MRefBuilder...
    Last step completed in 00:00:00,0030
</buildStep>
<buildStep step="GenerateReflectionInfo">
Generating reflection information...
[C:\Program Files (x86)\MSBuild\14.0\bin\MSBuild.exe - GenerateRefInfo.proj]
Build started 2016-11-26 12:45:30.
Project &quot;C:\Dev\Composable\SandcastleDocumentation\Help\Working\GenerateRefInfo.proj&quot; on node 1 (default targets).
PrepareForBuild:
  Creating directory &quot;obj\Debug\&quot;.
GenerateRefInfo:
  MRefBuilder (v2016.9.17.0)
  Copyright &#184; 2006-2016, Microsoft Corporation, All Rights Reserved.
  Portions Copyright &#184; 2006-2016, Eric Woodruff, All Rights Reserved.
  No source code context base path specified.  Source context information is unavailable.
  Loaded 3 assemblies for reflection and 1 dependency assemblies.
  Wrote information on 26 namespaces, 252 types, and 744 members
  Copying file from &quot;reflection.org&quot; to &quot;reflection.all&quot;.
  XslTransform (v2016.9.17.0)
  Copyright &#184; 2006-2016, Microsoft Corporation, All Rights Reserved.
  Portions Copyright &#184; 2006-2016, Eric Woodruff, All Rights Reserved.
  Applying XSL transformation &#39;C:\Program Files (x86)\EWSoftware\Sandcastle Help File Builder\ProductionTransforms\MergeDuplicates.xsl&#39;.
Done Building Project &quot;C:\Dev\Composable\SandcastleDocumentation\Help\Working\GenerateRefInfo.proj&quot; (default targets).

Build succeeded.

Time Elapsed 00:00:01.08
    Last step completed in 00:00:01,2179
</buildStep>
<buildStep step="TransformReflectionInfo">
Transforming reflection output...
[C:\Program Files (x86)\MSBuild\14.0\bin\MSBuild.exe - TransformManifest.proj]
Build started 2016-11-26 12:45:31.
Project &quot;C:\Dev\Composable\SandcastleDocumentation\Help\Working\TransformManifest.proj&quot; on node 1 (default targets).
TransformManifest:
  XslTransform (v2016.9.17.0)
  Copyright &#184; 2006-2016, Microsoft Corporation, All Rights Reserved.
  Portions Copyright &#184; 2006-2016, Eric Woodruff, All Rights Reserved.
  Applying XSL transformation &#39;C:\Program Files (x86)\EWSoftware\Sandcastle Help File Builder\\ProductionTransforms\ApplyVSDocModel.xsl&#39;.
  Copying file from &quot;reflection.xml&quot; to &quot;reflection.nofilenames&quot;.
  XslTransform (v2016.9.17.0)
  Copyright &#184; 2006-2016, Microsoft Corporation, All Rights Reserved.
  Portions Copyright &#184; 2006-2016, Eric Woodruff, All Rights Reserved.
  Applying XSL transformation &#39;C:\Program Files (x86)\EWSoftware\Sandcastle Help File Builder\ProductionTransforms\AddFilenames.xsl&#39;.
  XslTransform (v2016.9.17.0)
  Copyright &#184; 2006-2016, Microsoft Corporation, All Rights Reserved.
  Portions Copyright &#184; 2006-2016, Eric Woodruff, All Rights Reserved.
  Applying XSL transformation &#39;C:\Program Files (x86)\EWSoftware\Sandcastle Help File Builder\ProductionTransforms\ReflectionToManifest.xsl&#39;.
Done Building Project &quot;C:\Dev\Composable\SandcastleDocumentation\Help\Working\TransformManifest.proj&quot; (default targets).

Build succeeded.

Time Elapsed 00:00:00.80
    Last step completed in 00:00:00,9039
</buildStep>
<buildStep step="GenerateNamespaceSummaries">
Generating namespace summary information...
    Last step completed in 00:00:00,0790
</buildStep>
<buildStep step="CopyConceptualContent">
Copying conceptual content...
Copying standard token shared content file...
Checking for other token files...
Checking for code snippets files...
Copying images and creating the media map file...
Generating conceptual topic files
    Parsing topic file &#39;C:\Dev\Composable\SandcastleDocumentation\Content\Welcome.aml&#39;
    C:\Dev\Composable\SandcastleDocumentation\Content\Welcome.aml -&gt; C:\Dev\Composable\SandcastleDocumentation\Help\Working\ddueXml\5969534b-012d-4db6-bd8a-5b17d3d62671.xml
    Parsing topic file &#39;C:\Dev\Composable\SandcastleDocumentation\Content\VersionHistory\VersionHistory.aml&#39;
    C:\Dev\Composable\SandcastleDocumentation\Content\VersionHistory\VersionHistory.aml -&gt; C:\Dev\Composable\SandcastleDocumentation\Help\Working\ddueXml\4e15df1b-259c-4359-9c0f-7871f306f0a6.xml
    Parsing topic file &#39;C:\Dev\Composable\SandcastleDocumentation\Content\VersionHistory\v1.0.0.0.aml&#39;
    C:\Dev\Composable\SandcastleDocumentation\Content\VersionHistory\v1.0.0.0.aml -&gt; C:\Dev\Composable\SandcastleDocumentation\Help\Working\ddueXml\959fce4f-69e3-4bcd-b046-2efcb36daa69.xml
    Last step completed in 00:00:00,0450
</buildStep>
<buildStep step="CreateConceptualTopicConfigs">
Creating conceptual topic configuration files...
    Companion files
    _ContentMetadata_.xml
    Merging topic IDs into manifest.xml
    Last step completed in 00:00:00,0170
</buildStep>
<buildStep step="CopyAdditionalContent">
Copying additional content files...
C:\Dev\Composable\SandcastleDocumentation\icons\Help.png -&gt; C:\Dev\Composable\SandcastleDocumentation\Help\Working\Output\Website\icons\Help.png
    Last step completed in 00:00:00,0070
</buildStep>
<buildStep step="MergeTablesOfContents">
Merging conceptual and additional tables of contents...
    Last step completed in 00:00:00,0040
</buildStep>
<buildStep step="GenerateIntermediateTableOfContents">
Generating intermediate table of contents file...
[C:\Program Files (x86)\MSBuild\14.0\bin\MSBuild.exe - GenerateIntermediateTOC.proj]
Build started 2016-11-26 12:45:32.
Project &quot;C:\Dev\Composable\SandcastleDocumentation\Help\Working\GenerateIntermediateTOC.proj&quot; on node 1 (default targets).
GenerateIntermediateTOC:
  XslTransform (v2016.9.17.0)
  Copyright &#184; 2006-2016, Microsoft Corporation, All Rights Reserved.
  Portions Copyright &#184; 2006-2016, Eric Woodruff, All Rights Reserved.
  Applying XSL transformation &#39;C:\Program Files (x86)\EWSoftware\Sandcastle Help File Builder\\ProductionTransforms\CreateVSToc.xsl&#39;.
Done Building Project &quot;C:\Dev\Composable\SandcastleDocumentation\Help\Working\GenerateIntermediateTOC.proj&quot; (default targets).

Build succeeded.

Time Elapsed 00:00:00.17
Generating conceptual content intermediate TOC file...
    Last step completed in 00:00:00,2790
</buildStep>
<buildStep step="CreateBuildAssemblerConfigs">
Creating Sandcastle configuration files...
    sandcastle.config
    Last step completed in 00:00:00,3035
</buildStep>
<buildStep step="MergeCustomConfigs">
Merging custom build component configurations
C:\Dev\Composable\SandcastleDocumentation\Help\Working\sandcastle.config
  Updating reference topic configurations.
    Replacing default configuration for &#39;Code Block Component&#39; with the custom configuration
  Updating conceptual topic configurations.
    Replacing default configuration for &#39;Code Block Component&#39; with the custom configuration
    Removing unused ExampleComponent.
    Last step completed in 00:00:00,0130
</buildStep>
<buildStep step="BuildTopics">
Building help topics...
[C:\Program Files (x86)\MSBuild\14.0\bin\MSBuild.exe - BuildTopics.proj]
Build started 2016-11-26 12:45:33.
Project &quot;C:\Dev\Composable\SandcastleDocumentation\Help\Working\BuildTopics.proj&quot; on node 1 (default targets).
BuildTopics:
  BuildAssembler (v2016.9.17.0)
  Copyright &#184; 2006-2016, Microsoft Corporation, All Rights Reserved.
  Portions Copyright &#184; 2006-2016, Eric Woodruff, All Rights Reserved.
  Loading configuration...
  Processing topics...
BuildAssembler : warning : ResolveReferenceLinksComponent: [P:Composable.CQRS.CommandResult.Events] Unknown reference link target &#39;T:Composable.DomainEvents.IDomainEvent&#39;. [C:\Dev\Composable\SandcastleDocumentation\Help\Working\BuildTopics.proj]
BuildAssembler : warning : ResolveReferenceLinksComponent: [M:Composable.CQRS.CommandResult.RegisterEvent(Composable.DomainEvents.IDomainEvent)] Unknown reference link target &#39;T:Composable.DomainEvents.IDomainEvent&#39;. [C:\Dev\Composable\SandcastleDocumentation\Help\Working\BuildTopics.proj]
BuildAssembler : warning : ResolveReferenceLinksComponent: [M:Composable.CQRS.Command.CommandService.#ctor(Castle.Windsor.IWindsorContainer)] Unknown reference link target &#39;T:Castle.Windsor.IWindsorContainer&#39;. [C:\Dev\Composable\SandcastleDocumentation\Help\Working\BuildTopics.proj]
BuildAssembler : warning : ResolveReferenceLinksComponent: [M:Composable.CQRS.Command.CommandSuccessResponse.#ctor(System.Guid,System.Collections.Generic.IEnumerable{Composable.DomainEvents.IDomainEvent})] Unknown reference link target &#39;T:Composable.DomainEvents.IDomainEvent&#39;. [C:\Dev\Composable\SandcastleDocumentation\Help\Working\BuildTopics.proj]
BuildAssembler : warning : ResolveReferenceLinksComponent: [P:Composable.CQRS.Command.CommandSuccessResponse.Events] Unknown reference link target &#39;T:Composable.DomainEvents.IDomainEvent&#39;. [C:\Dev\Composable\SandcastleDocumentation\Help\Working\BuildTopics.proj]
BuildAssembler : warning : ResolveReferenceLinksComponent: [P:Composable.CQRS.Command.ICommandSuccessResponse.Events] Unknown reference link target &#39;T:Composable.DomainEvents.IDomainEvent&#39;. [C:\Dev\Composable\SandcastleDocumentation\Help\Working\BuildTopics.proj]
BuildAssembler : warning : ResolveReferenceLinksComponent: [M:Composable.CQRS.EventSourcing.EventsReplayer.#ctor(Castle.Windsor.IWindsorContainer)] Unknown reference link target &#39;T:Castle.Windsor.IWindsorContainer&#39;. [C:\Dev\Composable\SandcastleDocumentation\Help\Working\BuildTopics.proj]
BuildAssembler : warning : ResolveReferenceLinksComponent: [M:Composable.CQRS.EventSourcing.EventsReplayer.Replay(Composable.CQRS.EventSourcing.IEvent)] Unknown reference link target &#39;T:Composable.CQRS.EventSourcing.IEvent&#39;. [C:\Dev\Composable\SandcastleDocumentation\Help\Working\BuildTopics.proj]
BuildAssembler : warning : ResolveReferenceLinksComponent: [M:Composable.CQRS.EventSourcing.EventStoreSession.GetHistory(System.Guid)] Unknown reference link target &#39;T:Composable.CQRS.EventSourcing.IAggregateRootEvent&#39;. [C:\Dev\Composable\SandcastleDocumentation\Help\Working\BuildTopics.proj]
BuildAssembler : warning : ResolveReferenceLinksComponent: [M:Composable.CQRS.EventSourcing.EventStoreTestingExtensions.ListAllEventsForTestingPurposesAbsolutelyNotUsableForARealEventStoreOfAnySize(Composable.CQRS.EventSourcing.IEventStore)] Unknown reference link target &#39;T:Composable.CQRS.EventSourcing.IAggregateRootEvent&#39;. [C:\Dev\Composable\SandcastleDocumentation\Help\Working\BuildTopics.proj]
BuildAssembler : warning : ResolveReferenceLinksComponent: [P:Composable.CQRS.EventSourcing.HandlerRegistration.Handler] Unknown reference link target &#39;T:Composable.CQRS.EventSourcing.IAggregateRootEvent&#39;. [C:\Dev\Composable\SandcastleDocumentation\Help\Working\BuildTopics.proj]
BuildAssembler : warning : ResolveReferenceLinksComponent: [M:Composable.CQRS.EventSourcing.IEventStore.GetAggregateHistory(System.Guid)] Unknown reference link target &#39;T:Composable.CQRS.EventSourcing.IAggregateRootEvent&#39;. [C:\Dev\Composable\SandcastleDocumentation\Help\Working\BuildTopics.proj]
BuildAssembler : warning : ResolveReferenceLinksComponent: [M:Composable.CQRS.EventSourcing.IEventStore.GetAggregateHistoryForUpdate(System.Guid)] Unknown reference link target &#39;T:Composable.CQRS.EventSourcing.IAggregateRootEvent&#39;. [C:\Dev\Composable\SandcastleDocumentation\Help\Working\BuildTopics.proj]
BuildAssembler : warning : ResolveReferenceLinksComponent: [M:Composable.CQRS.EventSourcing.IEventStore.SaveEvents(System.Collections.Generic.IEnumerable{Composable.CQRS.EventSourcing.IAggregateRootEvent})] Unknown reference link target &#39;T:Composable.CQRS.EventSourcing.IAggregateRootEvent&#39;. [C:\Dev\Composable\SandcastleDocumentation\Help\Working\BuildTopics.proj]
BuildAssembler : warning : ResolveReferenceLinksComponent: [M:Composable.CQRS.EventSourcing.IEventStore.StreamEvents(System.Int32,System.Action{System.Collections.Generic.IReadOnlyList{Composable.CQRS.EventSourcing.IAggregateRootEvent}})] Unknown reference link target &#39;T:Composable.CQRS.EventSourcing.IAggregateRootEvent&#39;. [C:\Dev\Composable\SandcastleDocumentation\Help\Working\BuildTopics.proj]
BuildAssembler : warning : ResolveReferenceLinksComponent: [M:Composable.CQRS.EventSourcing.IEventStored.GetChanges] Unknown reference link target &#39;T:Composable.CQRS.EventSourcing.IAggregateRootEvent&#39;. [C:\Dev\Composable\SandcastleDocumentation\Help\Working\BuildTopics.proj]
BuildAssembler : warning : ResolveReferenceLinksComponent: [M:Composable.CQRS.EventSourcing.IEventStored.LoadFromHistory(System.Collections.Generic.IEnumerable{Composable.CQRS.EventSourcing.IAggregateRootEvent})] Unknown reference link target &#39;T:Composable.CQRS.EventSourcing.IAggregateRootEvent&#39;. [C:\Dev\Composable\SandcastleDocumentation\Help\Working\BuildTopics.proj]
BuildAssembler : warning : ResolveReferenceLinksComponent: [M:Composable.CQRS.EventSourcing.IEventStoreReader.GetHistory(System.Guid)] Unknown reference link target &#39;T:Composable.CQRS.EventSourcing.IAggregateRootEvent&#39;. [C:\Dev\Composable\SandcastleDocumentation\Help\Working\BuildTopics.proj]
BuildAssembler : warning : ResolveReferenceLinksComponent: [M:Composable.CQRS.EventSourcing.InMemoryEventStore.GetAggregateHistory(System.Guid)] Unknown reference link target &#39;T:Composable.CQRS.EventSourcing.IAggregateRootEvent&#39;. [C:\Dev\Composable\SandcastleDocumentation\Help\Working\BuildTopics.proj]
BuildAssembler : warning : ResolveReferenceLinksComponent: [M:Composable.CQRS.EventSourcing.InMemoryEventStore.GetAggregateHistoryForUpdate(System.Guid)] Unknown reference link target &#39;T:Composable.CQRS.EventSourcing.IAggregateRootEvent&#39;. [C:\Dev\Composable\SandcastleDocumentation\Help\Working\BuildTopics.proj]
BuildAssembler : warning : ResolveReferenceLinksComponent: [M:Composable.CQRS.EventSourcing.InMemoryEventStore.SaveEvents(System.Collections.Generic.IEnumerable{Composable.CQRS.EventSourcing.IAggregateRootEvent})] Unknown reference link target &#39;T:Composable.CQRS.EventSourcing.IAggregateRootEvent&#39;. [C:\Dev\Composable\SandcastleDocumentation\Help\Working\BuildTopics.proj]
BuildAssembler : warning : ResolveReferenceLinksComponent: [M:Composable.CQRS.EventSourcing.InMemoryEventStore.StreamEvents(System.Int32,System.Action{System.Collections.Generic.IReadOnlyList{Composable.CQRS.EventSourcing.IAggregateRootEvent}})] Unknown reference link target &#39;T:Composable.CQRS.EventSourcing.IAggregateRootEvent&#39;. [C:\Dev\Composable\SandcastleDocumentation\Help\Working\BuildTopics.proj]
BuildAssembler : warning : ResolveReferenceLinksComponent: [M:Composable.CQRS.EventSourcing.IReplayEvents.Replay(Composable.CQRS.EventSourcing.IEvent)] Unknown reference link target &#39;T:Composable.CQRS.EventSourcing.IEvent&#39;. [C:\Dev\Composable\SandcastleDocumentation\Help\Working\BuildTopics.proj]
BuildAssembler : warning : ResolveReferenceLinksComponent: [M:Composable.CQRS.EventSourcing.ISharedOwnershipAggregateRoot.IntegrateExternallyRaisedEvent(Composable.CQRS.EventSourcing.IAggregateRootEvent)] Unknown reference link target &#39;T:Composable.CQRS.EventSourcing.IAggregateRootEvent&#39;. [C:\Dev\Composable\SandcastleDocumentation\Help\Working\BuildTopics.proj]
BuildAssembler : warning : ResolveReferenceLinksComponent: [M:Composable.CQRS.EventSourcing.RegisteredHandlerMissingException.#ctor(System.Type,Composable.CQRS.EventSourcing.IAggregateRootEvent,System.Type)] Unknown reference link target &#39;T:Composable.CQRS.EventSourcing.IAggregateRootEvent&#39;. [C:\Dev\Composable\SandcastleDocumentation\Help\Working\BuildTopics.proj]
BuildAssembler : warning : ResolveReferenceLinksComponent: [M:Composable.CQRS.EventSourcing.MicrosoftSQLServer.SqlServerEventStore.GetAggregateHistory(System.Guid)] Unknown reference link target &#39;T:Composable.CQRS.EventSourcing.IAggregateRootEvent&#39;. [C:\Dev\Composable\SandcastleDocumentation\Help\Working\BuildTopics.proj]
BuildAssembler : warning : ResolveReferenceLinksComponent: [M:Composable.CQRS.EventSourcing.MicrosoftSQLServer.SqlServerEventStore.GetAggregateHistoryForUpdate(System.Guid)] Unknown reference link target &#39;T:Composable.CQRS.EventSourcing.IAggregateRootEvent&#39;. [C:\Dev\Composable\SandcastleDocumentation\Help\Working\BuildTopics.proj]
BuildAssembler : warning : ResolveReferenceLinksComponent: [M:Composable.CQRS.EventSourcing.MicrosoftSQLServer.SqlServerEventStore.SaveEvents(System.Collections.Generic.IEnumerable{Composable.CQRS.EventSourcing.IAggregateRootEvent})] Unknown reference link target &#39;T:Composable.CQRS.EventSourcing.IAggregateRootEvent&#39;. [C:\Dev\Composable\SandcastleDocumentation\Help\Working\BuildTopics.proj]
BuildAssembler : warning : ResolveReferenceLinksComponent: [M:Composable.CQRS.EventSourcing.MicrosoftSQLServer.SqlServerEventStore.StreamEvents(System.Int32,System.Action{System.Collections.Generic.IReadOnlyList{Composable.CQRS.EventSourcing.IAggregateRootEvent}})] Unknown reference link target &#39;T:Composable.CQRS.EventSourcing.IAggregateRootEvent&#39;. [C:\Dev\Composable\SandcastleDocumentation\Help\Working\BuildTopics.proj]
BuildAssembler : warning : ResolveReferenceLinksComponent: [M:Composable.CQRS.EventSourcing.MicrosoftSQLServer.SqlServerEventStoreEventsCache.Entry.#ctor(System.Collections.Generic.IReadOnlyList{Composable.CQRS.EventSourcing.AggregateRootEvent},System.Int32)] Unknown reference link target &#39;T:Composable.CQRS.EventSourcing.AggregateRootEvent&#39;. [C:\Dev\Composable\SandcastleDocumentation\Help\Working\BuildTopics.proj]
BuildAssembler : warning : ResolveReferenceLinksComponent: [P:Composable.CQRS.EventSourcing.MicrosoftSQLServer.SqlServerEventStoreEventsCache.Entry.Events] Unknown reference link target &#39;T:Composable.CQRS.EventSourcing.AggregateRootEvent&#39;. [C:\Dev\Composable\SandcastleDocumentation\Help\Working\BuildTopics.proj]
BuildAssembler : warning : ResolveReferenceLinksComponent: [T:Composable.CQRS.EventSourcing.Refactoring.Migrations.EndOfAggregateHistoryEventPlaceHolder] Unknown reference link target &#39;T:Composable.CQRS.EventSourcing.AggregateRootEvent&#39;. [C:\Dev\Composable\SandcastleDocumentation\Help\Working\BuildTopics.proj]
BuildAssembler : warning : ResolveReferenceLinksComponent: [T:Composable.CQRS.EventSourcing.Refactoring.Migrations.EndOfAggregateHistoryEventPlaceHolder] Unknown reference link target &#39;T:Composable.CQRS.EventSourcing.AggregateRootEvent&#39;. [C:\Dev\Composable\SandcastleDocumentation\Help\Working\BuildTopics.proj]
BuildAssembler : warning : ResolveReferenceLinksComponent: [T:Composable.CQRS.EventSourcing.Refactoring.Migrations.EndOfAggregateHistoryEventPlaceHolder] Unknown reference link target &#39;P:Composable.CQRS.EventSourcing.AggregateRootEvent.AggregateRootId&#39;. [C:\Dev\Composable\SandcastleDocumentation\Help\Working\BuildTopics.proj]
BuildAssembler : warning : ResolveReferenceLinksComponent: [T:Composable.CQRS.EventSourcing.Refactoring.Migrations.EndOfAggregateHistoryEventPlaceHolder] Unknown reference link target &#39;T:Composable.CQRS.EventSourcing.AggregateRootEvent&#39;. [C:\Dev\Composable\SandcastleDocumentation\Help\Working\BuildTopics.proj]
BuildAssembler : warning : ResolveReferenceLinksComponent: [T:Composable.CQRS.EventSourcing.Refactoring.Migrations.EndOfAggregateHistoryEventPlaceHolder] Unknown reference link target &#39;P:Composable.CQRS.EventSourcing.AggregateRootEvent.AggregateRootVersion&#39;. [C:\Dev\Composable\SandcastleDocumentation\Help\Working\BuildTopics.proj]
BuildAssembler : warning : ResolveReferenceLinksComponent: [T:Composable.CQRS.EventSourcing.Refactoring.Migrations.EndOfAggregateHistoryEventPlaceHolder] Unknown reference link target &#39;T:Composable.CQRS.EventSourcing.AggregateRootEvent&#39;. [C:\Dev\Composable\SandcastleDocumentation\Help\Working\BuildTopics.proj]
BuildAssembler : warning : ResolveReferenceLinksComponent: [T:Composable.CQRS.EventSourcing.Refactoring.Migrations.EndOfAggregateHistoryEventPlaceHolder] Unknown reference link target &#39;P:Composable.CQRS.EventSourcing.AggregateRootEvent.EventId&#39;. [C:\Dev\Composable\SandcastleDocumentation\Help\Working\BuildTopics.proj]
BuildAssembler : warning : ResolveReferenceLinksComponent: [T:Composable.CQRS.EventSourcing.Refactoring.Migrations.EndOfAggregateHistoryEventPlaceHolder] Unknown reference link target &#39;T:Composable.CQRS.EventSourcing.AggregateRootEvent&#39;. [C:\Dev\Composable\SandcastleDocumentation\Help\Working\BuildTopics.proj]
BuildAssembler : warning : ResolveReferenceLinksComponent: [T:Composable.CQRS.EventSourcing.Refactoring.Migrations.EndOfAggregateHistoryEventPlaceHolder] Unknown reference link target &#39;P:Composable.CQRS.EventSourcing.AggregateRootEvent.UtcTimeStamp&#39;. [C:\Dev\Composable\SandcastleDocumentation\Help\Working\BuildTopics.proj]
BuildAssembler : warning : ResolveReferenceLinksComponent: [T:Composable.CQRS.EventSourcing.Refactoring.Migrations.EndOfAggregateHistoryEventPlaceHolder] Unknown reference link target &#39;T:Composable.CQRS.EventSourcing.AggregateRootEvent&#39;. [C:\Dev\Composable\SandcastleDocumentation\Help\Working\BuildTopics.proj]
BuildAssembler : warning : ResolveReferenceLinksComponent: [Properties.T:Composable.CQRS.EventSourcing.Refactoring.Migrations.EndOfAggregateHistoryEventPlaceHolder] Unknown reference link target &#39;P:Composable.CQRS.EventSourcing.AggregateRootEvent.AggregateRootId&#39;. [C:\Dev\Composable\SandcastleDocumentation\Help\Working\BuildTopics.proj]
BuildAssembler : warning : ResolveReferenceLinksComponent: [Properties.T:Composable.CQRS.EventSourcing.Refactoring.Migrations.EndOfAggregateHistoryEventPlaceHolder] Unknown reference link target &#39;T:Composable.CQRS.EventSourcing.AggregateRootEvent&#39;. [C:\Dev\Composable\SandcastleDocumentation\Help\Working\BuildTopics.proj]
BuildAssembler : warning : ResolveReferenceLinksComponent: [Properties.T:Composable.CQRS.EventSourcing.Refactoring.Migrations.EndOfAggregateHistoryEventPlaceHolder] Unknown reference link target &#39;P:Composable.CQRS.EventSourcing.AggregateRootEvent.AggregateRootVersion&#39;. [C:\Dev\Composable\SandcastleDocumentation\Help\Working\BuildTopics.proj]
BuildAssembler : warning : ResolveReferenceLinksComponent: [Properties.T:Composable.CQRS.EventSourcing.Refactoring.Migrations.EndOfAggregateHistoryEventPlaceHolder] Unknown reference link target &#39;T:Composable.CQRS.EventSourcing.AggregateRootEvent&#39;. [C:\Dev\Composable\SandcastleDocumentation\Help\Working\BuildTopics.proj]
BuildAssembler : warning : ResolveReferenceLinksComponent: [Properties.T:Composable.CQRS.EventSourcing.Refactoring.Migrations.EndOfAggregateHistoryEventPlaceHolder] Unknown reference link target &#39;P:Composable.CQRS.EventSourcing.AggregateRootEvent.EventId&#39;. [C:\Dev\Composable\SandcastleDocumentation\Help\Working\BuildTopics.proj]
BuildAssembler : warning : ResolveReferenceLinksComponent: [Properties.T:Composable.CQRS.EventSourcing.Refactoring.Migrations.EndOfAggregateHistoryEventPlaceHolder] Unknown reference link target &#39;T:Composable.CQRS.EventSourcing.AggregateRootEvent&#39;. [C:\Dev\Composable\SandcastleDocumentation\Help\Working\BuildTopics.proj]
BuildAssembler : warning : ResolveReferenceLinksComponent: [Properties.T:Composable.CQRS.EventSourcing.Refactoring.Migrations.EndOfAggregateHistoryEventPlaceHolder] Unknown reference link target &#39;P:Composable.CQRS.EventSourcing.AggregateRootEvent.UtcTimeStamp&#39;. [C:\Dev\Composable\SandcastleDocumentation\Help\Working\BuildTopics.proj]
BuildAssembler : warning : ResolveReferenceLinksComponent: [Properties.T:Composable.CQRS.EventSourcing.Refactoring.Migrations.EndOfAggregateHistoryEventPlaceHolder] Unknown reference link target &#39;T:Composable.CQRS.EventSourcing.AggregateRootEvent&#39;. [C:\Dev\Composable\SandcastleDocumentation\Help\Working\BuildTopics.proj]
BuildAssembler : warning : ResolveReferenceLinksComponent: [M:Composable.CQRS.EventSourcing.Refactoring.Migrations.IEventModifier.InsertBefore(Composable.CQRS.EventSourcing.AggregateRootEvent[])] Unknown reference link target &#39;T:Composable.CQRS.EventSourcing.AggregateRootEvent&#39;. [C:\Dev\Composable\SandcastleDocumentation\Help\Working\BuildTopics.proj]
BuildAssembler : warning : ResolveReferenceLinksComponent: [M:Composable.CQRS.EventSourcing.Refactoring.Migrations.IEventModifier.Replace(Composable.CQRS.EventSourcing.AggregateRootEvent[])] Unknown reference link target &#39;T:Composable.CQRS.EventSourcing.AggregateRootEvent&#39;. [C:\Dev\Composable\SandcastleDocumentation\Help\Working\BuildTopics.proj]
BuildAssembler : warning : ResolveReferenceLinksComponent: [M:Composable.CQRS.EventSourcing.Refactoring.Migrations.ISingleAggregateInstanceHandlingEventMigrator.MigrateEvent(Composable.CQRS.EventSourcing.IAggregateRootEvent,Composable.CQRS.EventSourcing.Refactoring.Migrations.IEventModifier)] Unknown reference link target &#39;T:Composable.CQRS.EventSourcing.IAggregateRootEvent&#39;. [C:\Dev\Composable\SandcastleDocumentation\Help\Working\BuildTopics.proj]
BuildAssembler : warning : ResolveReferenceLinksComponent: [M:Composable.CQRS.Windsor.DocumentDbRegistrationExtensions.RegisterSqlServerDocumentDb(Castle.Windsor.IWindsorContainer,Composable.CQRS.Windsor.SqlServerDocumentDbRegistration,System.String,Castle.MicroKernel.Registration.Dependency)] Unknown reference link target &#39;T:Castle.Windsor.IWindsorContainer&#39;. [C:\Dev\Composable\SandcastleDocumentation\Help\Working\BuildTopics.proj]
BuildAssembler : warning : ResolveReferenceLinksComponent: [M:Composable.CQRS.Windsor.DocumentDbRegistrationExtensions.RegisterSqlServerDocumentDb(Castle.Windsor.IWindsorContainer,Composable.CQRS.Windsor.SqlServerDocumentDbRegistration,System.String,Castle.MicroKernel.Registration.Dependency)] Unknown reference link target &#39;T:Castle.MicroKernel.Registration.Dependency&#39;. [C:\Dev\Composable\SandcastleDocumentation\Help\Working\BuildTopics.proj]
BuildAssembler : warning : ResolveReferenceLinksComponent: [M:Composable.CQRS.Windsor.DocumentDbRegistrationExtensions.RegisterSqlServerDocumentDb(Castle.Windsor.IWindsorContainer,Composable.CQRS.Windsor.SqlServerDocumentDbRegistration,System.String,Castle.MicroKernel.Registration.Dependency)] Unknown reference link target &#39;T:Castle.Windsor.IWindsorContainer&#39;. [C:\Dev\Composable\SandcastleDocumentation\Help\Working\BuildTopics.proj]
BuildAssembler : warning : ResolveReferenceLinksComponent: [P:Composable.CQRS.Windsor.SqlServerDocumentDbRegistration.DocumentDb] Unknown reference link target &#39;T:Castle.MicroKernel.Registration.Dependency&#39;. [C:\Dev\Composable\SandcastleDocumentation\Help\Working\BuildTopics.proj]
BuildAssembler : warning : ResolveReferenceLinksComponent: [P:Composable.CQRS.Windsor.SqlServerDocumentDbRegistration.DocumentDbBulkReader] Unknown reference link target &#39;T:Castle.MicroKernel.Registration.Dependency&#39;. [C:\Dev\Composable\SandcastleDocumentation\Help\Working\BuildTopics.proj]
BuildAssembler : warning : ResolveReferenceLinksComponent: [P:Composable.CQRS.Windsor.SqlServerDocumentDbRegistration.DocumentDbReader] Unknown reference link target &#39;T:Castle.MicroKernel.Registration.Dependency&#39;. [C:\Dev\Composable\SandcastleDocumentation\Help\Working\BuildTopics.proj]
BuildAssembler : warning : ResolveReferenceLinksComponent: [P:Composable.CQRS.Windsor.SqlServerDocumentDbRegistration.DocumentDbSession] Unknown reference link target &#39;T:Castle.MicroKernel.Registration.Dependency&#39;. [C:\Dev\Composable\SandcastleDocumentation\Help\Working\BuildTopics.proj]
BuildAssembler : warning : ResolveReferenceLinksComponent: [P:Composable.CQRS.Windsor.SqlServerDocumentDbRegistration.DocumentDbUpdater] Unknown reference link target &#39;T:Castle.MicroKernel.Registration.Dependency&#39;. [C:\Dev\Composable\SandcastleDocumentation\Help\Working\BuildTopics.proj]
BuildAssembler : warning : ResolveReferenceLinksComponent: [P:Composable.CQRS.Windsor.SqlServerEventStoreRegistration.Reader] Unknown reference link target &#39;T:Castle.MicroKernel.Registration.Dependency&#39;. [C:\Dev\Composable\SandcastleDocumentation\Help\Working\BuildTopics.proj]
BuildAssembler : warning : ResolveReferenceLinksComponent: [P:Composable.CQRS.Windsor.SqlServerEventStoreRegistration.Session] Unknown reference link target &#39;T:Castle.MicroKernel.Registration.Dependency&#39;. [C:\Dev\Composable\SandcastleDocumentation\Help\Working\BuildTopics.proj]
BuildAssembler : warning : ResolveReferenceLinksComponent: [P:Composable.CQRS.Windsor.SqlServerEventStoreRegistration.Store] Unknown reference link target &#39;T:Castle.MicroKernel.Registration.Dependency&#39;. [C:\Dev\Composable\SandcastleDocumentation\Help\Working\BuildTopics.proj]
BuildAssembler : warning : ResolveReferenceLinksComponent: [M:Composable.CQRS.Windsor.SqlServerEventStoreRegistrationExtensions.RegisterSqlServerEventStore(Castle.Windsor.IWindsorContainer,Composable.CQRS.Windsor.SqlServerEventStoreRegistration,System.String,Castle.MicroKernel.Registration.Dependency,Castle.MicroKernel.Registration.Dependency)] Unknown reference link target &#39;T:Castle.Windsor.IWindsorContainer&#39;. [C:\Dev\Composable\SandcastleDocumentation\Help\Working\BuildTopics.proj]
BuildAssembler : warning : ResolveReferenceLinksComponent: [M:Composable.CQRS.Windsor.SqlServerEventStoreRegistrationExtensions.RegisterSqlServerEventStore(Castle.Windsor.IWindsorContainer,Composable.CQRS.Windsor.SqlServerEventStoreRegistration,System.String,Castle.MicroKernel.Registration.Dependency,Castle.MicroKernel.Registration.Dependency)] Unknown reference link target &#39;T:Castle.MicroKernel.Registration.Dependency&#39;. [C:\Dev\Composable\SandcastleDocumentation\Help\Working\BuildTopics.proj]
BuildAssembler : warning : ResolveReferenceLinksComponent: [M:Composable.CQRS.Windsor.SqlServerEventStoreRegistrationExtensions.RegisterSqlServerEventStore(Castle.Windsor.IWindsorContainer,Composable.CQRS.Windsor.SqlServerEventStoreRegistration,System.String,Castle.MicroKernel.Registration.Dependency,Castle.MicroKernel.Registration.Dependency)] Unknown reference link target &#39;T:Castle.MicroKernel.Registration.Dependency&#39;. [C:\Dev\Composable\SandcastleDocumentation\Help\Working\BuildTopics.proj]
BuildAssembler : warning : ResolveReferenceLinksComponent: [M:Composable.CQRS.Windsor.SqlServerEventStoreRegistrationExtensions.RegisterSqlServerEventStore(Castle.Windsor.IWindsorContainer,Composable.CQRS.Windsor.SqlServerEventStoreRegistration,System.String,Castle.MicroKernel.Registration.Dependency,Castle.MicroKernel.Registration.Dependency)] Unknown reference link target &#39;T:Castle.Windsor.IWindsorContainer&#39;. [C:\Dev\Composable\SandcastleDocumentation\Help\Working\BuildTopics.proj]
BuildAssembler : warning : ResolveReferenceLinksComponent: [M:Composable.CQRS.Windsor.SqlServerEventStoreRegistrationExtensions.RegisterSqlServerEventStore``3(Castle.Windsor.IWindsorContainer,System.String,Castle.MicroKernel.Registration.Dependency,Castle.MicroKernel.Registration.Dependency)] Unknown reference link target &#39;T:Castle.Windsor.IWindsorContainer&#39;. [C:\Dev\Composable\SandcastleDocumentation\Help\Working\BuildTopics.proj]
BuildAssembler : warning : ResolveReferenceLinksComponent: [M:Composable.CQRS.Windsor.SqlServerEventStoreRegistrationExtensions.RegisterSqlServerEventStore``3(Castle.Windsor.IWindsorContainer,System.String,Castle.MicroKernel.Registration.Dependency,Castle.MicroKernel.Registration.Dependency)] Unknown reference link target &#39;T:Castle.MicroKernel.Registration.Dependency&#39;. [C:\Dev\Composable\SandcastleDocumentation\Help\Working\BuildTopics.proj]
BuildAssembler : warning : ResolveReferenceLinksComponent: [M:Composable.CQRS.Windsor.SqlServerEventStoreRegistrationExtensions.RegisterSqlServerEventStore``3(Castle.Windsor.IWindsorContainer,System.String,Castle.MicroKernel.Registration.Dependency,Castle.MicroKernel.Registration.Dependency)] Unknown reference link target &#39;T:Castle.MicroKernel.Registration.Dependency&#39;. [C:\Dev\Composable\SandcastleDocumentation\Help\Working\BuildTopics.proj]
BuildAssembler : warning : ResolveReferenceLinksComponent: [M:Composable.CQRS.Windsor.SqlServerEventStoreRegistrationExtensions.RegisterSqlServerEventStore``3(Castle.Windsor.IWindsorContainer,System.String,Castle.MicroKernel.Registration.Dependency,Castle.MicroKernel.Registration.Dependency)] Unknown reference link target &#39;T:Castle.Windsor.IWindsorContainer&#39;. [C:\Dev\Composable\SandcastleDocumentation\Help\Working\BuildTopics.proj]
BuildAssembler : warning : ResolveReferenceLinksComponent: [M:Composable.ServiceBus.SynchronousBus.#ctor(Castle.Windsor.IWindsorContainer)] Unknown reference link target &#39;T:Castle.Windsor.IWindsorContainer&#39;. [C:\Dev\Composable\SandcastleDocumentation\Help\Working\BuildTopics.proj]
BuildAssembler : warning : ResolveReferenceLinksComponent: [M:Composable.ServiceBus.TestingOnlyServiceBus.#ctor(Castle.Windsor.IWindsorContainer,Composable.GenericAbstractions.Time.DummyTimeSource)] Unknown reference link target &#39;T:Castle.Windsor.IWindsorContainer&#39;. [C:\Dev\Composable\SandcastleDocumentation\Help\Working\BuildTopics.proj]
BuildAssembler : warning : ResolveReferenceLinksComponent: [M:Composable.Windsor.DefaultToKeyHandlerSelector.HasOpinionAbout(System.String,System.Type)] Unknown reference link target &#39;M:Castle.MicroKernel.IHandlerSelector.HasOpinionAbout(System.String,System.Type)&#39;. [C:\Dev\Composable\SandcastleDocumentation\Help\Working\BuildTopics.proj]
BuildAssembler : warning : ResolveReferenceLinksComponent: [M:Composable.Windsor.DefaultToKeyHandlerSelector.SelectHandler(System.String,System.Type,Castle.MicroKernel.IHandler[])] Unknown reference link target &#39;T:Castle.MicroKernel.IHandler&#39;. [C:\Dev\Composable\SandcastleDocumentation\Help\Working\BuildTopics.proj]
BuildAssembler : warning : ResolveReferenceLinksComponent: [M:Composable.Windsor.DefaultToKeyHandlerSelector.SelectHandler(System.String,System.Type,Castle.MicroKernel.IHandler[])] Unknown reference link target &#39;T:Castle.MicroKernel.IHandler&#39;. [C:\Dev\Composable\SandcastleDocumentation\Help\Working\BuildTopics.proj]
BuildAssembler : warning : ResolveReferenceLinksComponent: [M:Composable.Windsor.DefaultToKeyHandlerSelector.SelectHandler(System.String,System.Type,Castle.MicroKernel.IHandler[])] Unknown reference link target &#39;M:Castle.MicroKernel.IHandlerSelector.SelectHandler(System.String,System.Type,Castle.MicroKernel.IHandler[])&#39;. [C:\Dev\Composable\SandcastleDocumentation\Help\Working\BuildTopics.proj]
BuildAssembler : warning : ResolveReferenceLinksComponent: [M:Composable.Windsor.DisposableComponent`1.#ctor(`0,Castle.Windsor.IWindsorContainer)] Unknown reference link target &#39;T:Castle.Windsor.IWindsorContainer&#39;. [C:\Dev\Composable\SandcastleDocumentation\Help\Working\BuildTopics.proj]
BuildAssembler : warning : ResolveReferenceLinksComponent: [M:Composable.Windsor.DisposableComponentCollection`1.#ctor(System.Collections.Generic.IEnumerable{`0},Castle.Windsor.IWindsorContainer)] Unknown reference link target &#39;T:Castle.Windsor.IWindsorContainer&#39;. [C:\Dev\Composable\SandcastleDocumentation\Help\Working\BuildTopics.proj]
BuildAssembler : warning : ResolveReferenceLinksComponent: [M:Composable.Windsor.InProcessMessageHandlersInstallerBase`1.Install(Castle.Windsor.IWindsorContainer,Castle.MicroKernel.SubSystems.Configuration.IConfigurationStore)] Unknown reference link target &#39;T:Castle.Windsor.IWindsorContainer&#39;. [C:\Dev\Composable\SandcastleDocumentation\Help\Working\BuildTopics.proj]
BuildAssembler : warning : ResolveReferenceLinksComponent: [M:Composable.Windsor.InProcessMessageHandlersInstallerBase`1.Install(Castle.Windsor.IWindsorContainer,Castle.MicroKernel.SubSystems.Configuration.IConfigurationStore)] Unknown reference link target &#39;T:Castle.MicroKernel.SubSystems.Configuration.IConfigurationStore&#39;. [C:\Dev\Composable\SandcastleDocumentation\Help\Working\BuildTopics.proj]
BuildAssembler : warning : ResolveReferenceLinksComponent: [M:Composable.Windsor.InProcessMessageHandlersInstallerBase`1.Install(Castle.Windsor.IWindsorContainer,Castle.MicroKernel.SubSystems.Configuration.IConfigurationStore)] Unknown reference link target &#39;M:Castle.MicroKernel.Registration.IWindsorInstaller.Install(Castle.Windsor.IWindsorContainer,Castle.MicroKernel.SubSystems.Configuration.IConfigurationStore)&#39;. [C:\Dev\Composable\SandcastleDocumentation\Help\Working\BuildTopics.proj]
BuildAssembler : warning : ResolveReferenceLinksComponent: [M:Composable.Windsor.LifestyleRegistrationMutator.#ctor(Castle.Core.LifestyleType,Castle.Core.LifestyleType)] Unknown reference link target &#39;T:Castle.Core.LifestyleType&#39;. [C:\Dev\Composable\SandcastleDocumentation\Help\Working\BuildTopics.proj]
BuildAssembler : warning : ResolveReferenceLinksComponent: [M:Composable.Windsor.LifestyleRegistrationMutator.#ctor(Castle.Core.LifestyleType,Castle.Core.LifestyleType)] Unknown reference link target &#39;T:Castle.Core.LifestyleType&#39;. [C:\Dev\Composable\SandcastleDocumentation\Help\Working\BuildTopics.proj]
BuildAssembler : warning : ResolveReferenceLinksComponent: [M:Composable.Windsor.LifestyleRegistrationMutator.ProcessModel(Castle.MicroKernel.IKernel,Castle.Core.ComponentModel)] Unknown reference link target &#39;T:Castle.MicroKernel.IKernel&#39;. [C:\Dev\Composable\SandcastleDocumentation\Help\Working\BuildTopics.proj]
BuildAssembler : warning : ResolveReferenceLinksComponent: [M:Composable.Windsor.LifestyleRegistrationMutator.ProcessModel(Castle.MicroKernel.IKernel,Castle.Core.ComponentModel)] Unknown reference link target &#39;T:Castle.Core.ComponentModel&#39;. [C:\Dev\Composable\SandcastleDocumentation\Help\Working\BuildTopics.proj]
BuildAssembler : warning : ResolveReferenceLinksComponent: [M:Composable.Windsor.LifestyleRegistrationMutator.ProcessModel(Castle.MicroKernel.IKernel,Castle.Core.ComponentModel)] Unknown reference link target &#39;M:Castle.MicroKernel.ModelBuilder.IContributeComponentModelConstruction.ProcessModel(Castle.MicroKernel.IKernel,Castle.Core.ComponentModel)&#39;. [C:\Dev\Composable\SandcastleDocumentation\Help\Working\BuildTopics.proj]
BuildAssembler : warning : ResolveReferenceLinksComponent: [M:Composable.Windsor.TypedCollectionResolver`1.#ctor(Castle.MicroKernel.IKernel,System.Boolean)] Unknown reference link target &#39;T:Castle.MicroKernel.IKernel&#39;. [C:\Dev\Composable\SandcastleDocumentation\Help\Working\BuildTopics.proj]
BuildAssembler : warning : ResolveReferenceLinksComponent: [M:Composable.Windsor.TypedCollectionResolver`1.CanResolve(Castle.MicroKernel.Context.CreationContext,Castle.MicroKernel.ISubDependencyResolver,Castle.Core.ComponentModel,Castle.Core.DependencyModel)] Unknown reference link target &#39;T:Castle.MicroKernel.Context.CreationContext&#39;. [C:\Dev\Composable\SandcastleDocumentation\Help\Working\BuildTopics.proj]
BuildAssembler : warning : ResolveReferenceLinksComponent: [M:Composable.Windsor.TypedCollectionResolver`1.CanResolve(Castle.MicroKernel.Context.CreationContext,Castle.MicroKernel.ISubDependencyResolver,Castle.Core.ComponentModel,Castle.Core.DependencyModel)] Unknown reference link target &#39;T:Castle.MicroKernel.ISubDependencyResolver&#39;. [C:\Dev\Composable\SandcastleDocumentation\Help\Working\BuildTopics.proj]
BuildAssembler : warning : ResolveReferenceLinksComponent: [M:Composable.Windsor.TypedCollectionResolver`1.CanResolve(Castle.MicroKernel.Context.CreationContext,Castle.MicroKernel.ISubDependencyResolver,Castle.Core.ComponentModel,Castle.Core.DependencyModel)] Unknown reference link target &#39;T:Castle.Core.ComponentModel&#39;. [C:\Dev\Composable\SandcastleDocumentation\Help\Working\BuildTopics.proj]
BuildAssembler : warning : ResolveReferenceLinksComponent: [M:Composable.Windsor.TypedCollectionResolver`1.CanResolve(Castle.MicroKernel.Context.CreationContext,Castle.MicroKernel.ISubDependencyResolver,Castle.Core.ComponentModel,Castle.Core.DependencyModel)] Unknown reference link target &#39;T:Castle.Core.DependencyModel&#39;. [C:\Dev\Composable\SandcastleDocumentation\Help\Working\BuildTopics.proj]
BuildAssembler : warning : ResolveReferenceLinksComponent: [M:Composable.Windsor.TypedCollectionResolver`1.CanResolve(Castle.MicroKernel.Context.CreationContext,Castle.MicroKernel.ISubDependencyResolver,Castle.Core.ComponentModel,Castle.Core.DependencyModel)] Unknown reference link target &#39;M:Castle.MicroKernel.ISubDependencyResolver.CanResolve(Castle.MicroKernel.Context.CreationContext,Castle.MicroKernel.ISubDependencyResolver,Castle.Core.ComponentModel,Castle.Core.DependencyModel)&#39;. [C:\Dev\Composable\SandcastleDocumentation\Help\Working\BuildTopics.proj]
BuildAssembler : warning : ResolveReferenceLinksComponent: [M:Composable.Windsor.TypedCollectionResolver`1.HasParameter(Castle.Core.DependencyModel)] Unknown reference link target &#39;T:Castle.Core.DependencyModel&#39;. [C:\Dev\Composable\SandcastleDocumentation\Help\Working\BuildTopics.proj]
BuildAssembler : warning : ResolveReferenceLinksComponent: [M:Composable.Windsor.TypedCollectionResolver`1.Resolve(Castle.MicroKernel.Context.CreationContext,Castle.MicroKernel.ISubDependencyResolver,Castle.Core.ComponentModel,Castle.Core.DependencyModel)] Unknown reference link target &#39;T:Castle.MicroKernel.Context.CreationContext&#39;. [C:\Dev\Composable\SandcastleDocumentation\Help\Working\BuildTopics.proj]
BuildAssembler : warning : ResolveReferenceLinksComponent: [M:Composable.Windsor.TypedCollectionResolver`1.Resolve(Castle.MicroKernel.Context.CreationContext,Castle.MicroKernel.ISubDependencyResolver,Castle.Core.ComponentModel,Castle.Core.DependencyModel)] Unknown reference link target &#39;T:Castle.MicroKernel.ISubDependencyResolver&#39;. [C:\Dev\Composable\SandcastleDocumentation\Help\Working\BuildTopics.proj]
BuildAssembler : warning : ResolveReferenceLinksComponent: [M:Composable.Windsor.TypedCollectionResolver`1.Resolve(Castle.MicroKernel.Context.CreationContext,Castle.MicroKernel.ISubDependencyResolver,Castle.Core.ComponentModel,Castle.Core.DependencyModel)] Unknown reference link target &#39;T:Castle.Core.ComponentModel&#39;. [C:\Dev\Composable\SandcastleDocumentation\Help\Working\BuildTopics.proj]
BuildAssembler : warning : ResolveReferenceLinksComponent: [M:Composable.Windsor.TypedCollectionResolver`1.Resolve(Castle.MicroKernel.Context.CreationContext,Castle.MicroKernel.ISubDependencyResolver,Castle.Core.ComponentModel,Castle.Core.DependencyModel)] Unknown reference link target &#39;T:Castle.Core.DependencyModel&#39;. [C:\Dev\Composable\SandcastleDocumentation\Help\Working\BuildTopics.proj]
BuildAssembler : warning : ResolveReferenceLinksComponent: [M:Composable.Windsor.TypedCollectionResolver`1.Resolve(Castle.MicroKernel.Context.CreationContext,Castle.MicroKernel.ISubDependencyResolver,Castle.Core.ComponentModel,Castle.Core.DependencyModel)] Unknown reference link target &#39;M:Castle.MicroKernel.ISubDependencyResolver.Resolve(Castle.MicroKernel.Context.CreationContext,Castle.MicroKernel.ISubDependencyResolver,Castle.Core.ComponentModel,Castle.Core.DependencyModel)&#39;. [C:\Dev\Composable\SandcastleDocumentation\Help\Working\BuildTopics.proj]
BuildAssembler : warning : ResolveReferenceLinksComponent: [M:Composable.Windsor.WindsorComponentReplacer.ReplaceComponent``1(Castle.Windsor.IWindsorContainer,System.String,Castle.MicroKernel.Registration.ComponentRegistration{``0},System.String)] Unknown reference link target &#39;T:Castle.Windsor.IWindsorContainer&#39;. [C:\Dev\Composable\SandcastleDocumentation\Help\Working\BuildTopics.proj]
BuildAssembler : warning : ResolveReferenceLinksComponent: [M:Composable.Windsor.WindsorComponentReplacer.ReplaceComponent``1(Castle.Windsor.IWindsorContainer,System.String,Castle.MicroKernel.Registration.ComponentRegistration{``0},System.String)] Unknown reference link target &#39;T:Castle.MicroKernel.Registration.ComponentRegistration`1&#39;. [C:\Dev\Composable\SandcastleDocumentation\Help\Working\BuildTopics.proj]
BuildAssembler : warning : ResolveReferenceLinksComponent: [M:Composable.Windsor.WindsorComponentReplacer.ReplaceComponent``1(Castle.Windsor.IWindsorContainer,System.String,Castle.MicroKernel.Registration.ComponentRegistration{``0},System.String)] Unknown reference link target &#39;T:Castle.Windsor.IWindsorContainer&#39;. [C:\Dev\Composable\SandcastleDocumentation\Help\Working\BuildTopics.proj]
BuildAssembler : warning : ResolveReferenceLinksComponent: [M:Composable.Windsor.WindsorComponentReplacer.ReplaceComponent``1(Castle.Windsor.IWindsorContainer,System.String,Castle.MicroKernel.Registration.ComponentRegistration{``0},System.String)] Unknown reference link target &#39;T:Castle.Windsor.IWindsorContainer&#39;. [C:\Dev\Composable\SandcastleDocumentation\Help\Working\BuildTopics.proj]
BuildAssembler : warning : ResolveReferenceLinksComponent: [M:Composable.Windsor.WindsorComponentReplacer.ReplaceDefault``1(Castle.Windsor.IWindsorContainer,Castle.MicroKernel.Registration.ComponentRegistration{``0})] Unknown reference link target &#39;T:Castle.Windsor.IWindsorContainer&#39;. [C:\Dev\Composable\SandcastleDocumentation\Help\Working\BuildTopics.proj]
BuildAssembler : warning : ResolveReferenceLinksComponent: [M:Composable.Windsor.WindsorComponentReplacer.ReplaceDefault``1(Castle.Windsor.IWindsorContainer,Castle.MicroKernel.Registration.ComponentRegistration{``0})] Unknown reference link target &#39;T:Castle.MicroKernel.Registration.ComponentRegistration`1&#39;. [C:\Dev\Composable\SandcastleDocumentation\Help\Working\BuildTopics.proj]
BuildAssembler : warning : ResolveReferenceLinksComponent: [M:Composable.Windsor.WindsorComponentReplacer.ReplaceDefault``1(Castle.Windsor.IWindsorContainer,Castle.MicroKernel.Registration.ComponentRegistration{``0})] Unknown reference link target &#39;T:Castle.Windsor.IWindsorContainer&#39;. [C:\Dev\Composable\SandcastleDocumentation\Help\Working\BuildTopics.proj]
BuildAssembler : warning : ResolveReferenceLinksComponent: [M:Composable.Windsor.WindsorComponentReplacer.ReplaceDefault``1(Castle.Windsor.IWindsorContainer,Castle.MicroKernel.Registration.ComponentRegistration{``0})] Unknown reference link target &#39;T:Castle.Windsor.IWindsorContainer&#39;. [C:\Dev\Composable\SandcastleDocumentation\Help\Working\BuildTopics.proj]
BuildAssembler : warning : ResolveReferenceLinksComponent: [M:Composable.Windsor.WindsorConfigurationValidator.AssertConfigurationValid(Castle.Windsor.IWindsorContainer)] Unknown reference link target &#39;T:Castle.Windsor.IWindsorContainer&#39;. [C:\Dev\Composable\SandcastleDocumentation\Help\Working\BuildTopics.proj]
BuildAssembler : warning : ResolveReferenceLinksComponent: [M:Composable.Windsor.WindsorConfigurationValidator.AssertConfigurationValid(Castle.Windsor.IWindsorContainer)] Unknown reference link target &#39;T:Castle.Windsor.IWindsorContainer&#39;. [C:\Dev\Composable\SandcastleDocumentation\Help\Working\BuildTopics.proj]
BuildAssembler : warning : ResolveReferenceLinksComponent: [M:Composable.Windsor.WindsorDisposableExtensions.ResolveAllDisposable``1(Castle.Windsor.IWindsorContainer)] Unknown reference link target &#39;T:Castle.Windsor.IWindsorContainer&#39;. [C:\Dev\Composable\SandcastleDocumentation\Help\Working\BuildTopics.proj]
BuildAssembler : warning : ResolveReferenceLinksComponent: [M:Composable.Windsor.WindsorDisposableExtensions.ResolveAllDisposable``1(Castle.Windsor.IWindsorContainer)] Unknown reference link target &#39;T:Castle.Windsor.IWindsorContainer&#39;. [C:\Dev\Composable\SandcastleDocumentation\Help\Working\BuildTopics.proj]
BuildAssembler : warning : ResolveReferenceLinksComponent: [M:Composable.Windsor.WindsorDisposableExtensions.ResolveDisposable``1(Castle.Windsor.IWindsorContainer)] Unknown reference link target &#39;T:Castle.Windsor.IWindsorContainer&#39;. [C:\Dev\Composable\SandcastleDocumentation\Help\Working\BuildTopics.proj]
BuildAssembler : warning : ResolveReferenceLinksComponent: [M:Composable.Windsor.WindsorDisposableExtensions.ResolveDisposable``1(Castle.Windsor.IWindsorContainer)] Unknown reference link target &#39;T:Castle.Windsor.IWindsorContainer&#39;. [C:\Dev\Composable\SandcastleDocumentation\Help\Working\BuildTopics.proj]
BuildAssembler : warning : ResolveReferenceLinksComponent: [M:Composable.Windsor.WindsorDisposableExtensions.UseComponent``1(Castle.Windsor.IWindsorContainer,System.Action{``0})] Unknown reference link target &#39;T:Castle.Windsor.IWindsorContainer&#39;. [C:\Dev\Composable\SandcastleDocumentation\Help\Working\BuildTopics.proj]
BuildAssembler : warning : ResolveReferenceLinksComponent: [M:Composable.Windsor.WindsorDisposableExtensions.UseComponent``1(Castle.Windsor.IWindsorContainer,System.Action{``0})] Unknown reference link target &#39;T:Castle.Windsor.IWindsorContainer&#39;. [C:\Dev\Composable\SandcastleDocumentation\Help\Working\BuildTopics.proj]
BuildAssembler : warning : ResolveReferenceLinksComponent: [M:Composable.Windsor.WindsorDisposableExtensions.UseComponents``1(Castle.Windsor.IWindsorContainer,System.Action{System.Collections.Generic.IEnumerable{``0}})] Unknown reference link target &#39;T:Castle.Windsor.IWindsorContainer&#39;. [C:\Dev\Composable\SandcastleDocumentation\Help\Working\BuildTopics.proj]
BuildAssembler : warning : ResolveReferenceLinksComponent: [M:Composable.Windsor.WindsorDisposableExtensions.UseComponents``1(Castle.Windsor.IWindsorContainer,System.Action{System.Collections.Generic.IEnumerable{``0}})] Unknown reference link target &#39;T:Castle.Windsor.IWindsorContainer&#39;. [C:\Dev\Composable\SandcastleDocumentation\Help\Working\BuildTopics.proj]
BuildAssembler : warning : ResolveReferenceLinksComponent: [M:Composable.Windsor.WindsorExtensions.RegisterCommandHandlers(Castle.MicroKernel.Registration.FromAssemblyDescriptor)] Unknown reference link target &#39;T:Castle.MicroKernel.Registration.FromAssemblyDescriptor&#39;. [C:\Dev\Composable\SandcastleDocumentation\Help\Working\BuildTopics.proj]
BuildAssembler : warning : ResolveReferenceLinksComponent: [M:Composable.Windsor.WindsorExtensions.RegisterCommandHandlers(Castle.MicroKernel.Registration.FromAssemblyDescriptor)] Unknown reference link target &#39;T:Castle.MicroKernel.Registration.BasedOnDescriptor&#39;. [C:\Dev\Composable\SandcastleDocumentation\Help\Working\BuildTopics.proj]
BuildAssembler : warning : ResolveReferenceLinksComponent: [M:Composable.Windsor.WindsorExtensions.RegisterCommandHandlers(Castle.MicroKernel.Registration.FromAssemblyDescriptor)] Unknown reference link target &#39;T:Castle.MicroKernel.Registration.FromAssemblyDescriptor&#39;. [C:\Dev\Composable\SandcastleDocumentation\Help\Working\BuildTopics.proj]
BuildAssembler : warning : ResolveReferenceLinksComponent: [M:Composable.Windsor.WindsorExtensions.RegisterMessageHandlersFromAssemblyContainingType``1(Castle.Windsor.IWindsorContainer)] Unknown reference link target &#39;T:Castle.Windsor.IWindsorContainer&#39;. [C:\Dev\Composable\SandcastleDocumentation\Help\Working\BuildTopics.proj]
BuildAssembler : warning : ResolveReferenceLinksComponent: [M:Composable.Windsor.WindsorExtensions.RegisterMessageHandlersFromAssemblyContainingType``1(Castle.Windsor.IWindsorContainer)] Unknown reference link target &#39;T:Castle.Windsor.IWindsorContainer&#39;. [C:\Dev\Composable\SandcastleDocumentation\Help\Working\BuildTopics.proj]
BuildAssembler : warning : ResolveReferenceLinksComponent: [M:Composable.Windsor.WindsorExtensions.RegisterMessageHandlersFromAssemblyContainingType``1(Castle.Windsor.IWindsorContainer)] Unknown reference link target &#39;T:Castle.Windsor.IWindsorContainer&#39;. [C:\Dev\Composable\SandcastleDocumentation\Help\Working\BuildTopics.proj]
BuildAssembler : warning : ResolveReferenceLinksComponent: [M:Composable.Windsor.WindsorLifestyleRegistrationExtensions.PerNserviceBusMessage``1(Castle.MicroKernel.Registration.Lifestyle.LifestyleGroup{``0})] Unknown reference link target &#39;T:Castle.MicroKernel.Registration.Lifestyle.LifestyleGroup`1&#39;. [C:\Dev\Composable\SandcastleDocumentation\Help\Working\BuildTopics.proj]
BuildAssembler : warning : ResolveReferenceLinksComponent: [M:Composable.Windsor.WindsorLifestyleRegistrationExtensions.PerNserviceBusMessage``1(Castle.MicroKernel.Registration.Lifestyle.LifestyleGroup{``0})] Unknown reference link target &#39;T:Castle.MicroKernel.Registration.ComponentRegistration`1&#39;. [C:\Dev\Composable\SandcastleDocumentation\Help\Working\BuildTopics.proj]
BuildAssembler : warning : ResolveReferenceLinksComponent: [M:Composable.Windsor.WindsorLifestyleRegistrationExtensions.PerNserviceBusMessage``1(Castle.MicroKernel.Registration.Lifestyle.LifestyleGroup{``0})] Unknown reference link target &#39;T:Castle.MicroKernel.Registration.Lifestyle.LifestyleGroup`1&#39;. [C:\Dev\Composable\SandcastleDocumentation\Help\Working\BuildTopics.proj]
BuildAssembler : warning : ResolveReferenceLinksComponent: [M:Composable.Windsor.WindsorUnitOfWorkExtensions.ExecuteInIsolatedScope(Castle.Windsor.IWindsorContainer,System.Action)] Unknown reference link target &#39;T:Castle.Windsor.IWindsorContainer&#39;. [C:\Dev\Composable\SandcastleDocumentation\Help\Working\BuildTopics.proj]
BuildAssembler : warning : ResolveReferenceLinksComponent: [M:Composable.Windsor.WindsorUnitOfWorkExtensions.ExecuteInIsolatedScope(Castle.Windsor.IWindsorContainer,System.Action)] Unknown reference link target &#39;T:Castle.Windsor.IWindsorContainer&#39;. [C:\Dev\Composable\SandcastleDocumentation\Help\Working\BuildTopics.proj]
BuildAssembler : warning : ResolveReferenceLinksComponent: [M:Composable.Windsor.WindsorUnitOfWorkExtensions.ExecuteInIsolatedScope``1(Castle.Windsor.IWindsorContainer,System.Func{``0})] Unknown reference link target &#39;T:Castle.Windsor.IWindsorContainer&#39;. [C:\Dev\Composable\SandcastleDocumentation\Help\Working\BuildTopics.proj]
BuildAssembler : warning : ResolveReferenceLinksComponent: [M:Composable.Windsor.WindsorUnitOfWorkExtensions.ExecuteInIsolatedScope``1(Castle.Windsor.IWindsorContainer,System.Func{``0})] Unknown reference link target &#39;T:Castle.Windsor.IWindsorContainer&#39;. [C:\Dev\Composable\SandcastleDocumentation\Help\Working\BuildTopics.proj]
BuildAssembler : warning : ResolveReferenceLinksComponent: [M:Composable.Windsor.WindsorUnitOfWorkExtensions.ExecuteUnitOfWork(Castle.Windsor.IWindsorContainer,System.Action)] Unknown reference link target &#39;T:Castle.Windsor.IWindsorContainer&#39;. [C:\Dev\Composable\SandcastleDocumentation\Help\Working\BuildTopics.proj]
BuildAssembler : warning : ResolveReferenceLinksComponent: [M:Composable.Windsor.WindsorUnitOfWorkExtensions.ExecuteUnitOfWork(Castle.Windsor.IWindsorContainer,System.Action)] Unknown reference link target &#39;T:Castle.Windsor.IWindsorContainer&#39;. [C:\Dev\Composable\SandcastleDocumentation\Help\Working\BuildTopics.proj]
BuildAssembler : warning : ResolveReferenceLinksComponent: [M:Composable.Windsor.WindsorUnitOfWorkExtensions.ExecuteUnitOfWork``1(Castle.Windsor.IWindsorContainer,System.Func{``0})] Unknown reference link target &#39;T:Castle.Windsor.IWindsorContainer&#39;. [C:\Dev\Composable\SandcastleDocumentation\Help\Working\BuildTopics.proj]
BuildAssembler : warning : ResolveReferenceLinksComponent: [M:Composable.Windsor.WindsorUnitOfWorkExtensions.ExecuteUnitOfWork``1(Castle.Windsor.IWindsorContainer,System.Func{``0})] Unknown reference link target &#39;T:Castle.Windsor.IWindsorContainer&#39;. [C:\Dev\Composable\SandcastleDocumentation\Help\Working\BuildTopics.proj]
BuildAssembler : warning : ResolveReferenceLinksComponent: [M:Composable.Windsor.WindsorUnitOfWorkExtensions.ExecuteUnitOfWorkInIsolatedScope(Castle.Windsor.IWindsorContainer,System.Action)] Unknown reference link target &#39;T:Castle.Windsor.IWindsorContainer&#39;. [C:\Dev\Composable\SandcastleDocumentation\Help\Working\BuildTopics.proj]
BuildAssembler : warning : ResolveReferenceLinksComponent: [M:Composable.Windsor.WindsorUnitOfWorkExtensions.ExecuteUnitOfWorkInIsolatedScope(Castle.Windsor.IWindsorContainer,System.Action)] Unknown reference link target &#39;T:Castle.Windsor.IWindsorContainer&#39;. [C:\Dev\Composable\SandcastleDocumentation\Help\Working\BuildTopics.proj]
BuildAssembler : warning : ResolveReferenceLinksComponent: [M:Composable.Windsor.WindsorUnitOfWorkExtensions.ExecuteUnitOfWorkInIsolatedScope``1(Castle.Windsor.IWindsorContainer,System.Func{``0})] Unknown reference link target &#39;T:Castle.Windsor.IWindsorContainer&#39;. [C:\Dev\Composable\SandcastleDocumentation\Help\Working\BuildTopics.proj]
BuildAssembler : warning : ResolveReferenceLinksComponent: [M:Composable.Windsor.WindsorUnitOfWorkExtensions.ExecuteUnitOfWorkInIsolatedScope``1(Castle.Windsor.IWindsorContainer,System.Func{``0})] Unknown reference link target &#39;T:Castle.Windsor.IWindsorContainer&#39;. [C:\Dev\Composable\SandcastleDocumentation\Help\Working\BuildTopics.proj]
BuildAssembler : warning : ResolveReferenceLinksComponent: [M:Composable.Windsor.Testing.ExecuteActionsWhenRewiringForTests.#ctor(Castle.Windsor.IWindsorContainer)] Unknown reference link target &#39;T:Castle.Windsor.IWindsorContainer&#39;. [C:\Dev\Composable\SandcastleDocumentation\Help\Working\BuildTopics.proj]
BuildAssembler : warning : ResolveReferenceLinksComponent: [M:Composable.Windsor.Testing.ExecuteActionsWhenRewiringForTests.Execute(System.Action{Castle.Windsor.IWindsorContainer})] Unknown reference link target &#39;T:Castle.Windsor.IWindsorContainer&#39;. [C:\Dev\Composable\SandcastleDocumentation\Help\Working\BuildTopics.proj]
BuildAssembler : warning : ResolveReferenceLinksComponent: [M:Composable.Windsor.Testing.ForTestsEventHandlerInstallerBase`1.Install(Castle.Windsor.IWindsorContainer,Castle.MicroKernel.SubSystems.Configuration.IConfigurationStore)] Unknown reference link target &#39;T:Castle.Windsor.IWindsorContainer&#39;. [C:\Dev\Composable\SandcastleDocumentation\Help\Working\BuildTopics.proj]
BuildAssembler : warning : ResolveReferenceLinksComponent: [M:Composable.Windsor.Testing.ForTestsEventHandlerInstallerBase`1.Install(Castle.Windsor.IWindsorContainer,Castle.MicroKernel.SubSystems.Configuration.IConfigurationStore)] Unknown reference link target &#39;T:Castle.MicroKernel.SubSystems.Configuration.IConfigurationStore&#39;. [C:\Dev\Composable\SandcastleDocumentation\Help\Working\BuildTopics.proj]
BuildAssembler : warning : ResolveReferenceLinksComponent: [M:Composable.Windsor.Testing.ForTestsEventHandlerInstallerBase`1.Install(Castle.Windsor.IWindsorContainer,Castle.MicroKernel.SubSystems.Configuration.IConfigurationStore)] Unknown reference link target &#39;M:Castle.MicroKernel.Registration.IWindsorInstaller.Install(Castle.Windsor.IWindsorContainer,Castle.MicroKernel.SubSystems.Configuration.IConfigurationStore)&#39;. [C:\Dev\Composable\SandcastleDocumentation\Help\Working\BuildTopics.proj]
BuildAssembler : warning : ResolveReferenceLinksComponent: [M:Composable.Windsor.Testing.IExecuteActionsWhenRewiringForTesting.Execute(System.Action{Castle.Windsor.IWindsorContainer})] Unknown reference link target &#39;T:Castle.Windsor.IWindsorContainer&#39;. [C:\Dev\Composable\SandcastleDocumentation\Help\Working\BuildTopics.proj]
BuildAssembler : warning : ResolveReferenceLinksComponent: [M:Composable.Windsor.Testing.RegisterEventHandlersForTest`1.#ctor(Castle.Windsor.IWindsorContainer)] Unknown reference link target &#39;T:Castle.Windsor.IWindsorContainer&#39;. [C:\Dev\Composable\SandcastleDocumentation\Help\Working\BuildTopics.proj]
BuildAssembler : warning : ResolveReferenceLinksComponent: [M:Composable.Windsor.Testing.RewiringHelperExtensions.Register(Composable.Windsor.Testing.IExecuteActionsWhenRewiringForTesting,Castle.MicroKernel.Registration.IRegistration[])] Unknown reference link target &#39;T:Castle.MicroKernel.Registration.IRegistration&#39;. [C:\Dev\Composable\SandcastleDocumentation\Help\Working\BuildTopics.proj]
BuildAssembler : warning : ResolveReferenceLinksComponent: [M:Composable.Windsor.Testing.RewiringHelperExtensions.ReplaceComponent``1(Composable.Windsor.Testing.IExecuteActionsWhenRewiringForTesting,System.String,Castle.MicroKernel.Registration.ComponentRegistration{``0},System.String)] Unknown reference link target &#39;T:Castle.MicroKernel.Registration.ComponentRegistration`1&#39;. [C:\Dev\Composable\SandcastleDocumentation\Help\Working\BuildTopics.proj]
BuildAssembler : warning : ResolveReferenceLinksComponent: [M:Composable.Windsor.Testing.RewiringHelperExtensions.ReplaceDefault``1(Composable.Windsor.Testing.IExecuteActionsWhenRewiringForTesting,Castle.MicroKernel.Registration.ComponentRegistration{``0})] Unknown reference link target &#39;T:Castle.MicroKernel.Registration.ComponentRegistration`1&#39;. [C:\Dev\Composable\SandcastleDocumentation\Help\Working\BuildTopics.proj]
BuildAssembler : warning : ResolveReferenceLinksComponent: [M:Composable.Windsor.Testing.RewiringHelperExtensions.Run(Composable.Windsor.Testing.IExecuteActionsWhenRewiringForTesting,System.Action{Castle.Windsor.IWindsorContainer})] Unknown reference link target &#39;T:Castle.Windsor.IWindsorContainer&#39;. [C:\Dev\Composable\SandcastleDocumentation\Help\Working\BuildTopics.proj]
BuildAssembler : warning : ResolveReferenceLinksComponent: [M:Composable.Windsor.Testing.TestingWindsorExtensions.AssertCanResolveAllComponents(Castle.Windsor.IWindsorContainer,System.Collections.Generic.IEnumerable{System.Type},System.Collections.Generic.IEnumerable{System.String})] Unknown reference link target &#39;T:Castle.Windsor.IWindsorContainer&#39;. [C:\Dev\Composable\SandcastleDocumentation\Help\Working\BuildTopics.proj]
BuildAssembler : warning : ResolveReferenceLinksComponent: [M:Composable.Windsor.Testing.TestingWindsorExtensions.AssertCanResolveAllComponents(Castle.Windsor.IWindsorContainer,System.Collections.Generic.IEnumerable{System.Type},System.Collections.Generic.IEnumerable{System.String})] Unknown reference link target &#39;T:Castle.Windsor.IWindsorContainer&#39;. [C:\Dev\Composable\SandcastleDocumentation\Help\Working\BuildTopics.proj]
BuildAssembler : warning : ResolveReferenceLinksComponent: [M:Composable.Windsor.Testing.TestingWindsorExtensions.ConfigureWiringForTestsCallAfterAllOtherWiring(Castle.Windsor.IWindsorContainer)] Unknown reference link target &#39;T:Castle.Windsor.IWindsorContainer&#39;. [C:\Dev\Composable\SandcastleDocumentation\Help\Working\BuildTopics.proj]
BuildAssembler : warning : ResolveReferenceLinksComponent: [M:Composable.Windsor.Testing.TestingWindsorExtensions.ConfigureWiringForTestsCallAfterAllOtherWiring(Castle.Windsor.IWindsorContainer)] Unknown reference link target &#39;T:Castle.Windsor.IWindsorContainer&#39;. [C:\Dev\Composable\SandcastleDocumentation\Help\Working\BuildTopics.proj]
BuildAssembler : warning : ResolveReferenceLinksComponent: [M:Composable.Windsor.Testing.TestingWindsorExtensions.ConfigureWiringForTestsCallBeforeAllOtherWiring(Castle.Windsor.IWindsorContainer)] Unknown reference link target &#39;T:Castle.Windsor.IWindsorContainer&#39;. [C:\Dev\Composable\SandcastleDocumentation\Help\Working\BuildTopics.proj]
BuildAssembler : warning : ResolveReferenceLinksComponent: [M:Composable.Windsor.Testing.TestingWindsorExtensions.ConfigureWiringForTestsCallBeforeAllOtherWiring(Castle.Windsor.IWindsorContainer)] Unknown reference link target &#39;T:Castle.Windsor.IWindsorContainer&#39;. [C:\Dev\Composable\SandcastleDocumentation\Help\Working\BuildTopics.proj]
BuildAssembler : warning : ResolveReferenceLinksComponent: [M:Composable.Windsor.Testing.TestingWindsorExtensions.ResetTestDataBases(Castle.Windsor.IWindsorContainer)] Unknown reference link target &#39;T:Castle.Windsor.IWindsorContainer&#39;. [C:\Dev\Composable\SandcastleDocumentation\Help\Working\BuildTopics.proj]
BuildAssembler : warning : ResolveReferenceLinksComponent: [M:Composable.Windsor.Testing.TestingWindsorExtensions.ResetTestDataBases(Castle.Windsor.IWindsorContainer)] Unknown reference link target &#39;T:Castle.Windsor.IWindsorContainer&#39;. [C:\Dev\Composable\SandcastleDocumentation\Help\Working\BuildTopics.proj]
BuildAssembler : warning : ResolveReferenceLinksComponent: [M:Composable.Windsor.Testing.WindsorTestWiringExtensions.WhenTesting(Castle.Windsor.IWindsorContainer)] Unknown reference link target &#39;T:Castle.Windsor.IWindsorContainer&#39;. [C:\Dev\Composable\SandcastleDocumentation\Help\Working\BuildTopics.proj]
BuildAssembler : warning : ResolveReferenceLinksComponent: [M:Composable.Windsor.Testing.WindsorTestWiringExtensions.WhenTesting(Castle.Windsor.IWindsorContainer)] Unknown reference link target &#39;T:Castle.Windsor.IWindsorContainer&#39;. [C:\Dev\Composable\SandcastleDocumentation\Help\Working\BuildTopics.proj]
  Processed 1484 topic(s)
  159 warning(s)
  CopyFromIndexComponent: &quot;metadata&quot; in-memory cache entries used: 1 of 15.
  ResolveArtLinksComponent: Copying media files...
  CopyFromIndexComponent: &quot;reflection&quot; in-memory cache entries used: 11 of 15.
  CopyFromIndexComponent: &quot;comments&quot; in-memory cache entries used: 3 of 30.
Done Building Project &quot;C:\Dev\Composable\SandcastleDocumentation\Help\Working\BuildTopics.proj&quot; (default targets).

Build succeeded.

Time Elapsed 00:00:15.09
    Last step completed in 00:00:15,2065
</buildStep>
<buildStep step="CombiningIntermediateTocFiles">
Combining conceptual and API intermediate TOC files...
    Last step completed in 00:00:00,0155
</buildStep>
<buildStep step="ExtractingHtmlInfo">
Extracting HTML info for HTML Help 1 and/or website...
[C:\Program Files (x86)\MSBuild\14.0\bin\MSBuild.exe - ExtractHtmlInfo.proj]
Sandcastle Help File Builder and Tools, version 2016.9.17.0
Copyright &#184; 2006-2016, Eric Woodruff, All Rights Reserved
E-Mail: Eric@EWoodruff.us

Using LCID &#39;1033&#39;, code page &#39;65001&#39;, encoding charset &#39;UTF-8&#39;.

Processing website files in C:\Dev\Composable\SandcastleDocumentation\Help\Working\Output\Website
Processed 1484 HTML files
Sorting keywords and generating See Also indices
Saving website keyword index to C:\Dev\Composable\SandcastleDocumentation\Help\Working\WebKI.xml
Saving website table of contents to C:\Dev\Composable\SandcastleDocumentation\Help\Working\WebTOC.xml
    Last step completed in 00:00:00,8516
</buildStep>
<buildStep step="CopyStandardHelpContent">
Copying standard help content...
C:\Program Files (x86)\EWSoftware\Sandcastle Help File Builder\PresentationStyles\VS2013\icons\AlertCaution.png -&gt; C:\Dev\Composable\SandcastleDocumentation\Help\Working\Output\Website\icons\AlertCaution.png
C:\Program Files (x86)\EWSoftware\Sandcastle Help File Builder\PresentationStyles\VS2013\icons\AlertNote.png -&gt; C:\Dev\Composable\SandcastleDocumentation\Help\Working\Output\Website\icons\AlertNote.png
C:\Program Files (x86)\EWSoftware\Sandcastle Help File Builder\PresentationStyles\VS2013\icons\AlertSecurity.png -&gt; C:\Dev\Composable\SandcastleDocumentation\Help\Working\Output\Website\icons\AlertSecurity.png
C:\Program Files (x86)\EWSoftware\Sandcastle Help File Builder\PresentationStyles\VS2013\icons\CFW.gif -&gt; C:\Dev\Composable\SandcastleDocumentation\Help\Working\Output\Website\icons\CFW.gif
C:\Program Files (x86)\EWSoftware\Sandcastle Help File Builder\PresentationStyles\VS2013\icons\CodeExample.png -&gt; C:\Dev\Composable\SandcastleDocumentation\Help\Working\Output\Website\icons\CodeExample.png
C:\Program Files (x86)\EWSoftware\Sandcastle Help File Builder\PresentationStyles\VS2013\icons\favicon.ico -&gt; C:\Dev\Composable\SandcastleDocumentation\Help\Working\Output\Website\icons\favicon.ico
C:\Program Files (x86)\EWSoftware\Sandcastle Help File Builder\PresentationStyles\VS2013\icons\privclass.gif -&gt; C:\Dev\Composable\SandcastleDocumentation\Help\Working\Output\Website\icons\privclass.gif
C:\Program Files (x86)\EWSoftware\Sandcastle Help File Builder\PresentationStyles\VS2013\icons\privdelegate.gif -&gt; C:\Dev\Composable\SandcastleDocumentation\Help\Working\Output\Website\icons\privdelegate.gif
C:\Program Files (x86)\EWSoftware\Sandcastle Help File Builder\PresentationStyles\VS2013\icons\privenumeration.gif -&gt; C:\Dev\Composable\SandcastleDocumentation\Help\Working\Output\Website\icons\privenumeration.gif
C:\Program Files (x86)\EWSoftware\Sandcastle Help File Builder\PresentationStyles\VS2013\icons\privevent.gif -&gt; C:\Dev\Composable\SandcastleDocumentation\Help\Working\Output\Website\icons\privevent.gif
C:\Program Files (x86)\EWSoftware\Sandcastle Help File Builder\PresentationStyles\VS2013\icons\privextension.gif -&gt; C:\Dev\Composable\SandcastleDocumentation\Help\Working\Output\Website\icons\privextension.gif
C:\Program Files (x86)\EWSoftware\Sandcastle Help File Builder\PresentationStyles\VS2013\icons\privfield.gif -&gt; C:\Dev\Composable\SandcastleDocumentation\Help\Working\Output\Website\icons\privfield.gif
C:\Program Files (x86)\EWSoftware\Sandcastle Help File Builder\PresentationStyles\VS2013\icons\privinterface.gif -&gt; C:\Dev\Composable\SandcastleDocumentation\Help\Working\Output\Website\icons\privinterface.gif
C:\Program Files (x86)\EWSoftware\Sandcastle Help File Builder\PresentationStyles\VS2013\icons\privmethod.gif -&gt; C:\Dev\Composable\SandcastleDocumentation\Help\Working\Output\Website\icons\privmethod.gif
C:\Program Files (x86)\EWSoftware\Sandcastle Help File Builder\PresentationStyles\VS2013\icons\privproperty.gif -&gt; C:\Dev\Composable\SandcastleDocumentation\Help\Working\Output\Website\icons\privproperty.gif
C:\Program Files (x86)\EWSoftware\Sandcastle Help File Builder\PresentationStyles\VS2013\icons\privstructure.gif -&gt; C:\Dev\Composable\SandcastleDocumentation\Help\Working\Output\Website\icons\privstructure.gif
C:\Program Files (x86)\EWSoftware\Sandcastle Help File Builder\PresentationStyles\VS2013\icons\protclass.gif -&gt; C:\Dev\Composable\SandcastleDocumentation\Help\Working\Output\Website\icons\protclass.gif
C:\Program Files (x86)\EWSoftware\Sandcastle Help File Builder\PresentationStyles\VS2013\icons\protdelegate.gif -&gt; C:\Dev\Composable\SandcastleDocumentation\Help\Working\Output\Website\icons\protdelegate.gif
C:\Program Files (x86)\EWSoftware\Sandcastle Help File Builder\PresentationStyles\VS2013\icons\protenumeration.gif -&gt; C:\Dev\Composable\SandcastleDocumentation\Help\Working\Output\Website\icons\protenumeration.gif
C:\Program Files (x86)\EWSoftware\Sandcastle Help File Builder\PresentationStyles\VS2013\icons\protevent.gif -&gt; C:\Dev\Composable\SandcastleDocumentation\Help\Working\Output\Website\icons\protevent.gif
C:\Program Files (x86)\EWSoftware\Sandcastle Help File Builder\PresentationStyles\VS2013\icons\protextension.gif -&gt; C:\Dev\Composable\SandcastleDocumentation\Help\Working\Output\Website\icons\protextension.gif
C:\Program Files (x86)\EWSoftware\Sandcastle Help File Builder\PresentationStyles\VS2013\icons\protfield.gif -&gt; C:\Dev\Composable\SandcastleDocumentation\Help\Working\Output\Website\icons\protfield.gif
C:\Program Files (x86)\EWSoftware\Sandcastle Help File Builder\PresentationStyles\VS2013\icons\protinterface.gif -&gt; C:\Dev\Composable\SandcastleDocumentation\Help\Working\Output\Website\icons\protinterface.gif
C:\Program Files (x86)\EWSoftware\Sandcastle Help File Builder\PresentationStyles\VS2013\icons\protmethod.gif -&gt; C:\Dev\Composable\SandcastleDocumentation\Help\Working\Output\Website\icons\protmethod.gif
C:\Program Files (x86)\EWSoftware\Sandcastle Help File Builder\PresentationStyles\VS2013\icons\protoperator.gif -&gt; C:\Dev\Composable\SandcastleDocumentation\Help\Working\Output\Website\icons\protoperator.gif
C:\Program Files (x86)\EWSoftware\Sandcastle Help File Builder\PresentationStyles\VS2013\icons\protproperty.gif -&gt; C:\Dev\Composable\SandcastleDocumentation\Help\Working\Output\Website\icons\protproperty.gif
C:\Program Files (x86)\EWSoftware\Sandcastle Help File Builder\PresentationStyles\VS2013\icons\protstructure.gif -&gt; C:\Dev\Composable\SandcastleDocumentation\Help\Working\Output\Website\icons\protstructure.gif
C:\Program Files (x86)\EWSoftware\Sandcastle Help File Builder\PresentationStyles\VS2013\icons\pubclass.gif -&gt; C:\Dev\Composable\SandcastleDocumentation\Help\Working\Output\Website\icons\pubclass.gif
C:\Program Files (x86)\EWSoftware\Sandcastle Help File Builder\PresentationStyles\VS2013\icons\pubdelegate.gif -&gt; C:\Dev\Composable\SandcastleDocumentation\Help\Working\Output\Website\icons\pubdelegate.gif
C:\Program Files (x86)\EWSoftware\Sandcastle Help File Builder\PresentationStyles\VS2013\icons\pubenumeration.gif -&gt; C:\Dev\Composable\SandcastleDocumentation\Help\Working\Output\Website\icons\pubenumeration.gif
C:\Program Files (x86)\EWSoftware\Sandcastle Help File Builder\PresentationStyles\VS2013\icons\pubevent.gif -&gt; C:\Dev\Composable\SandcastleDocumentation\Help\Working\Output\Website\icons\pubevent.gif
C:\Program Files (x86)\EWSoftware\Sandcastle Help File Builder\PresentationStyles\VS2013\icons\pubextension.gif -&gt; C:\Dev\Composable\SandcastleDocumentation\Help\Working\Output\Website\icons\pubextension.gif
C:\Program Files (x86)\EWSoftware\Sandcastle Help File Builder\PresentationStyles\VS2013\icons\pubfield.gif -&gt; C:\Dev\Composable\SandcastleDocumentation\Help\Working\Output\Website\icons\pubfield.gif
C:\Program Files (x86)\EWSoftware\Sandcastle Help File Builder\PresentationStyles\VS2013\icons\pubinterface.gif -&gt; C:\Dev\Composable\SandcastleDocumentation\Help\Working\Output\Website\icons\pubinterface.gif
C:\Program Files (x86)\EWSoftware\Sandcastle Help File Builder\PresentationStyles\VS2013\icons\pubmethod.gif -&gt; C:\Dev\Composable\SandcastleDocumentation\Help\Working\Output\Website\icons\pubmethod.gif
C:\Program Files (x86)\EWSoftware\Sandcastle Help File Builder\PresentationStyles\VS2013\icons\puboperator.gif -&gt; C:\Dev\Composable\SandcastleDocumentation\Help\Working\Output\Website\icons\puboperator.gif
C:\Program Files (x86)\EWSoftware\Sandcastle Help File Builder\PresentationStyles\VS2013\icons\pubproperty.gif -&gt; C:\Dev\Composable\SandcastleDocumentation\Help\Working\Output\Website\icons\pubproperty.gif
C:\Program Files (x86)\EWSoftware\Sandcastle Help File Builder\PresentationStyles\VS2013\icons\pubstructure.gif -&gt; C:\Dev\Composable\SandcastleDocumentation\Help\Working\Output\Website\icons\pubstructure.gif
C:\Program Files (x86)\EWSoftware\Sandcastle Help File Builder\PresentationStyles\VS2013\icons\SectionCollapsed.png -&gt; C:\Dev\Composable\SandcastleDocumentation\Help\Working\Output\Website\icons\SectionCollapsed.png
C:\Program Files (x86)\EWSoftware\Sandcastle Help File Builder\PresentationStyles\VS2013\icons\SectionExpanded.png -&gt; C:\Dev\Composable\SandcastleDocumentation\Help\Working\Output\Website\icons\SectionExpanded.png
C:\Program Files (x86)\EWSoftware\Sandcastle Help File Builder\PresentationStyles\VS2013\icons\slMobile.gif -&gt; C:\Dev\Composable\SandcastleDocumentation\Help\Working\Output\Website\icons\slMobile.gif
C:\Program Files (x86)\EWSoftware\Sandcastle Help File Builder\PresentationStyles\VS2013\icons\static.gif -&gt; C:\Dev\Composable\SandcastleDocumentation\Help\Working\Output\Website\icons\static.gif
C:\Program Files (x86)\EWSoftware\Sandcastle Help File Builder\PresentationStyles\VS2013\icons\xna.gif -&gt; C:\Dev\Composable\SandcastleDocumentation\Help\Working\Output\Website\icons\xna.gif
C:\Program Files (x86)\EWSoftware\Sandcastle Help File Builder\PresentationStyles\VS2013\scripts\branding.js -&gt; C:\Dev\Composable\SandcastleDocumentation\Help\Working\Output\Website\scripts\branding.js
C:\Program Files (x86)\EWSoftware\Sandcastle Help File Builder\PresentationStyles\VS2013\styles\branding-cs-CZ.css -&gt; C:\Dev\Composable\SandcastleDocumentation\Help\Working\Output\Website\styles\branding-cs-CZ.css
C:\Program Files (x86)\EWSoftware\Sandcastle Help File Builder\PresentationStyles\VS2013\styles\branding-de-DE.css -&gt; C:\Dev\Composable\SandcastleDocumentation\Help\Working\Output\Website\styles\branding-de-DE.css
C:\Program Files (x86)\EWSoftware\Sandcastle Help File Builder\PresentationStyles\VS2013\styles\branding-en-US.css -&gt; C:\Dev\Composable\SandcastleDocumentation\Help\Working\Output\Website\styles\branding-en-US.css
C:\Program Files (x86)\EWSoftware\Sandcastle Help File Builder\PresentationStyles\VS2013\styles\branding-es-ES.css -&gt; C:\Dev\Composable\SandcastleDocumentation\Help\Working\Output\Website\styles\branding-es-ES.css
C:\Program Files (x86)\EWSoftware\Sandcastle Help File Builder\PresentationStyles\VS2013\styles\branding-fr-FR.css -&gt; C:\Dev\Composable\SandcastleDocumentation\Help\Working\Output\Website\styles\branding-fr-FR.css
C:\Program Files (x86)\EWSoftware\Sandcastle Help File Builder\PresentationStyles\VS2013\styles\branding-Help1.css -&gt; C:\Dev\Composable\SandcastleDocumentation\Help\Working\Output\Website\styles\branding-Help1.css
C:\Program Files (x86)\EWSoftware\Sandcastle Help File Builder\PresentationStyles\VS2013\styles\branding-HelpViewer.css -&gt; C:\Dev\Composable\SandcastleDocumentation\Help\Working\Output\Website\styles\branding-HelpViewer.css
C:\Program Files (x86)\EWSoftware\Sandcastle Help File Builder\PresentationStyles\VS2013\styles\branding-it-IT.css -&gt; C:\Dev\Composable\SandcastleDocumentation\Help\Working\Output\Website\styles\branding-it-IT.css
C:\Program Files (x86)\EWSoftware\Sandcastle Help File Builder\PresentationStyles\VS2013\styles\branding-ja-JP.css -&gt; C:\Dev\Composable\SandcastleDocumentation\Help\Working\Output\Website\styles\branding-ja-JP.css
C:\Program Files (x86)\EWSoftware\Sandcastle Help File Builder\PresentationStyles\VS2013\styles\branding-ko-KR.css -&gt; C:\Dev\Composable\SandcastleDocumentation\Help\Working\Output\Website\styles\branding-ko-KR.css
C:\Program Files (x86)\EWSoftware\Sandcastle Help File Builder\PresentationStyles\VS2013\styles\branding-pl-PL.css -&gt; C:\Dev\Composable\SandcastleDocumentation\Help\Working\Output\Website\styles\branding-pl-PL.css
C:\Program Files (x86)\EWSoftware\Sandcastle Help File Builder\PresentationStyles\VS2013\styles\branding-pt-BR.css -&gt; C:\Dev\Composable\SandcastleDocumentation\Help\Working\Output\Website\styles\branding-pt-BR.css
C:\Program Files (x86)\EWSoftware\Sandcastle Help File Builder\PresentationStyles\VS2013\styles\branding-ru-RU.css -&gt; C:\Dev\Composable\SandcastleDocumentation\Help\Working\Output\Website\styles\branding-ru-RU.css
C:\Program Files (x86)\EWSoftware\Sandcastle Help File Builder\PresentationStyles\VS2013\styles\branding-tr-TR.css -&gt; C:\Dev\Composable\SandcastleDocumentation\Help\Working\Output\Website\styles\branding-tr-TR.css
C:\Program Files (x86)\EWSoftware\Sandcastle Help File Builder\PresentationStyles\VS2013\styles\branding-Website.css -&gt; C:\Dev\Composable\SandcastleDocumentation\Help\Working\Output\Website\styles\branding-Website.css
C:\Program Files (x86)\EWSoftware\Sandcastle Help File Builder\PresentationStyles\VS2013\styles\branding-zh-CN.css -&gt; C:\Dev\Composable\SandcastleDocumentation\Help\Working\Output\Website\styles\branding-zh-CN.css
C:\Program Files (x86)\EWSoftware\Sandcastle Help File Builder\PresentationStyles\VS2013\styles\branding-zh-TW.css -&gt; C:\Dev\Composable\SandcastleDocumentation\Help\Working\Output\Website\styles\branding-zh-TW.css
C:\Program Files (x86)\EWSoftware\Sandcastle Help File Builder\PresentationStyles\VS2013\styles\branding.css -&gt; C:\Dev\Composable\SandcastleDocumentation\Help\Working\Output\Website\styles\branding.css
C:\Program Files (x86)\EWSoftware\Sandcastle Help File Builder\PresentationStyles\VS2013\Web\index.html -&gt; C:\Dev\Composable\SandcastleDocumentation\Help\Working\Output\Website\index.html
C:\Program Files (x86)\EWSoftware\Sandcastle Help File Builder\PresentationStyles\VS2013\Web\search.html -&gt; C:\Dev\Composable\SandcastleDocumentation\Help\Working\Output\Website\search.html
C:\Program Files (x86)\EWSoftware\Sandcastle Help File Builder\PresentationStyles\VS2013\Web\SearchHelp.aspx -&gt; C:\Dev\Composable\SandcastleDocumentation\Help\Working\Output\Website\SearchHelp.aspx
C:\Program Files (x86)\EWSoftware\Sandcastle Help File Builder\PresentationStyles\VS2013\Web\SearchHelp.inc.php -&gt; C:\Dev\Composable\SandcastleDocumentation\Help\Working\Output\Website\SearchHelp.inc.php
C:\Program Files (x86)\EWSoftware\Sandcastle Help File Builder\PresentationStyles\VS2013\Web\SearchHelp.php -&gt; C:\Dev\Composable\SandcastleDocumentation\Help\Working\Output\Website\SearchHelp.php
C:\Program Files (x86)\EWSoftware\Sandcastle Help File Builder\PresentationStyles\VS2013\Web\Web.Config -&gt; C:\Dev\Composable\SandcastleDocumentation\Help\Working\Output\Website\Web.Config
C:\Program Files (x86)\EWSoftware\Sandcastle Help File Builder\PresentationStyles\VS2013\Web\icons\Search.png -&gt; C:\Dev\Composable\SandcastleDocumentation\Help\Working\Output\Website\icons\Search.png
C:\Program Files (x86)\EWSoftware\Sandcastle Help File Builder\PresentationStyles\VS2013\Web\icons\TocClose.gif -&gt; C:\Dev\Composable\SandcastleDocumentation\Help\Working\Output\Website\icons\TocClose.gif
C:\Program Files (x86)\EWSoftware\Sandcastle Help File Builder\PresentationStyles\VS2013\Web\icons\TocCollapsed.gif -&gt; C:\Dev\Composable\SandcastleDocumentation\Help\Working\Output\Website\icons\TocCollapsed.gif
C:\Program Files (x86)\EWSoftware\Sandcastle Help File Builder\PresentationStyles\VS2013\Web\icons\TocExpanded.gif -&gt; C:\Dev\Composable\SandcastleDocumentation\Help\Working\Output\Website\icons\TocExpanded.gif
C:\Program Files (x86)\EWSoftware\Sandcastle Help File Builder\PresentationStyles\VS2013\Web\icons\TocOpen.gif -&gt; C:\Dev\Composable\SandcastleDocumentation\Help\Working\Output\Website\icons\TocOpen.gif
C:\Program Files (x86)\EWSoftware\Sandcastle Help File Builder\PresentationStyles\VS2013\Web\scripts\branding-Website.js -&gt; C:\Dev\Composable\SandcastleDocumentation\Help\Working\Output\Website\scripts\branding-Website.js
C:\Program Files (x86)\EWSoftware\Sandcastle Help File Builder\PresentationStyles\VS2013\Web\scripts\clipboard.min.js -&gt; C:\Dev\Composable\SandcastleDocumentation\Help\Working\Output\Website\scripts\clipboard.min.js
C:\Program Files (x86)\EWSoftware\Sandcastle Help File Builder\PresentationStyles\VS2013\Web\scripts\jquery-1.11.0.min.js -&gt; C:\Dev\Composable\SandcastleDocumentation\Help\Working\Output\Website\scripts\jquery-1.11.0.min.js
    Last step completed in 00:00:00,4478
</buildStep>
<buildStep step="GenerateHelpFormatTableOfContents">
Generating website table of contents file...
    Last step completed in 00:00:00,0010
</buildStep>
<buildStep step="GenerateFullTextIndex">
Generating full-text index for the website...

<plugIn name="Lightweight Website Style" behavior="After" priority="1000">
Adding lightweight search and TOC elements to each topic...
</plugIn>    Last step completed in 00:00:01,3837
</buildStep>
<buildStep step="CopyingWebsiteFiles">
Copying website files to output folder...

Copied 500 files
Copied 1000 files
Copied 1500 files
Copied 2000 files
Copied 2169 files for the website content
    Last step completed in 00:00:02,4185
</buildStep>
<buildStep step="CleanIntermediates">
Removing intermediate files...
    Last step completed in 00:00:01,2899
</buildStep>
<buildStep step="Completed">

Build completed successfully at 2016-11-26 12:45:54.  Total time: 00:00:25,6961

</buildStep>
</shfbBuild>
