<?xml version="1.0" encoding="utf-8"?>
<shfbBuild product="Sandcastle Help File Builder and Tools" version="2017.5.15.0" projectFile="C:\Dev\Composable\src\framework\SandcastleDocumentation\SandcastleDocumentation.shfbproj" started="2018-02-02 17:37:24">
<buildStep step="Initializing">
Finding tools...
The Sandcastle tools are located in &#39;C:\Program Files (x86)\EWSoftware\Sandcastle Help File Builder\&#39;
Locating components in the following folder(s):
    C:\Dev\Composable\src\framework\SandcastleDocumentation
    C:\ProgramData\EWSoftware\Sandcastle Help File Builder\Components and Plug-Ins\
    C:\Program Files (x86)\EWSoftware\Sandcastle Help File Builder\
Using framework reflection data for &#39;.NET Framework 4.6.1&#39; located in &#39;C:\Program Files (x86)\EWSoftware\Sandcastle Help File Builder\Data\.NETFramework&#39;
Using presentation style &#39;VS2013&#39; located in &#39;C:\Program Files (x86)\EWSoftware\Sandcastle Help File Builder\PresentationStyles\VS2013&#39;
Loading and initializing plug-ins...
Lightweight Website Style Version 2017.5.15.0
Copyright &#169; 2006-2017, Eric Woodruff, All Rights Reserved
Portions Copyright &#169; 2014, Sam Harwell, All Rights Reserved
</buildStep>
<buildStep step="ClearWorkFolder">
Clearing working folder...
-------------------------------
Clearing any prior web/markdown output...
</buildStep>
<buildStep step="ValidatingDocumentationSources">
Validating and copying documentation source information
Source: C:\Dev\Composable\src\framework\Composable.CQRS\Composable.CQRS.csproj
    Found project &#39;C:\Dev\Composable\src\framework\Composable.CQRS\Composable.CQRS.csproj&#39;

Parsing project files
    Found assembly &#39;C:\Dev\Composable\src\framework\Composable.CQRS\bin\Debug\netstandard2.0\Composable.CQRS.dll&#39;

References to include (excluding framework assemblies):
    C:\Users\Magnus\.nuget\packages\netstandard.library\2.0.1\build\netstandard2.0\ref\Microsoft.Win32.Primitives.dll
    C:\Users\Magnus\.nuget\packages\netstandard.library\2.0.1\build\netstandard2.0\ref\mscorlib.dll
    C:\Users\Magnus\.nuget\packages\netstandard.library\2.0.1\build\netstandard2.0\ref\netstandard.dll
    C:\Users\Magnus\.nuget\packages\netstandard.library\2.0.1\build\netstandard2.0\ref\System.AppContext.dll
    C:\Users\Magnus\.nuget\packages\netstandard.library\2.0.1\build\netstandard2.0\ref\System.Collections.Concurrent.dll
    C:\Users\Magnus\.nuget\packages\netstandard.library\2.0.1\build\netstandard2.0\ref\System.Collections.dll
    C:\Users\Magnus\.nuget\packages\netstandard.library\2.0.1\build\netstandard2.0\ref\System.Collections.NonGeneric.dll
    C:\Users\Magnus\.nuget\packages\netstandard.library\2.0.1\build\netstandard2.0\ref\System.Collections.Specialized.dll
    C:\Users\Magnus\.nuget\packages\netstandard.library\2.0.1\build\netstandard2.0\ref\System.ComponentModel.Composition.dll
    C:\Users\Magnus\.nuget\packages\netstandard.library\2.0.1\build\netstandard2.0\ref\System.ComponentModel.dll
    C:\Users\Magnus\.nuget\packages\netstandard.library\2.0.1\build\netstandard2.0\ref\System.ComponentModel.EventBasedAsync.dll
    C:\Users\Magnus\.nuget\packages\netstandard.library\2.0.1\build\netstandard2.0\ref\System.ComponentModel.Primitives.dll
    C:\Users\Magnus\.nuget\packages\netstandard.library\2.0.1\build\netstandard2.0\ref\System.ComponentModel.TypeConverter.dll
    C:\Users\Magnus\.nuget\packages\netstandard.library\2.0.1\build\netstandard2.0\ref\System.Console.dll
    C:\Users\Magnus\.nuget\packages\netstandard.library\2.0.1\build\netstandard2.0\ref\System.Core.dll
    C:\Users\Magnus\.nuget\packages\netstandard.library\2.0.1\build\netstandard2.0\ref\System.Data.Common.dll
    C:\Users\Magnus\.nuget\packages\netstandard.library\2.0.1\build\netstandard2.0\ref\System.Data.dll
    C:\Users\Magnus\.nuget\packages\netstandard.library\2.0.1\build\netstandard2.0\ref\System.Diagnostics.Contracts.dll
    C:\Users\Magnus\.nuget\packages\netstandard.library\2.0.1\build\netstandard2.0\ref\System.Diagnostics.Debug.dll
    C:\Users\Magnus\.nuget\packages\netstandard.library\2.0.1\build\netstandard2.0\ref\System.Diagnostics.FileVersionInfo.dll
    C:\Users\Magnus\.nuget\packages\netstandard.library\2.0.1\build\netstandard2.0\ref\System.Diagnostics.Process.dll
    C:\Users\Magnus\.nuget\packages\netstandard.library\2.0.1\build\netstandard2.0\ref\System.Diagnostics.StackTrace.dll
    C:\Users\Magnus\.nuget\packages\netstandard.library\2.0.1\build\netstandard2.0\ref\System.Diagnostics.TextWriterTraceListener.dll
    C:\Users\Magnus\.nuget\packages\netstandard.library\2.0.1\build\netstandard2.0\ref\System.Diagnostics.Tools.dll
    C:\Users\Magnus\.nuget\packages\netstandard.library\2.0.1\build\netstandard2.0\ref\System.Diagnostics.TraceSource.dll
    C:\Users\Magnus\.nuget\packages\netstandard.library\2.0.1\build\netstandard2.0\ref\System.Diagnostics.Tracing.dll
    C:\Users\Magnus\.nuget\packages\netstandard.library\2.0.1\build\netstandard2.0\ref\System.dll
    C:\Users\Magnus\.nuget\packages\netstandard.library\2.0.1\build\netstandard2.0\ref\System.Drawing.dll
    C:\Users\Magnus\.nuget\packages\netstandard.library\2.0.1\build\netstandard2.0\ref\System.Drawing.Primitives.dll
    C:\Users\Magnus\.nuget\packages\netstandard.library\2.0.1\build\netstandard2.0\ref\System.Dynamic.Runtime.dll
    C:\Users\Magnus\.nuget\packages\netstandard.library\2.0.1\build\netstandard2.0\ref\System.Globalization.Calendars.dll
    C:\Users\Magnus\.nuget\packages\netstandard.library\2.0.1\build\netstandard2.0\ref\System.Globalization.dll
    C:\Users\Magnus\.nuget\packages\netstandard.library\2.0.1\build\netstandard2.0\ref\System.Globalization.Extensions.dll
    C:\Users\Magnus\.nuget\packages\netstandard.library\2.0.1\build\netstandard2.0\ref\System.IO.Compression.dll
    C:\Users\Magnus\.nuget\packages\netstandard.library\2.0.1\build\netstandard2.0\ref\System.IO.Compression.FileSystem.dll
    C:\Users\Magnus\.nuget\packages\netstandard.library\2.0.1\build\netstandard2.0\ref\System.IO.Compression.ZipFile.dll
    C:\Users\Magnus\.nuget\packages\netstandard.library\2.0.1\build\netstandard2.0\ref\System.IO.dll
    C:\Users\Magnus\.nuget\packages\netstandard.library\2.0.1\build\netstandard2.0\ref\System.IO.FileSystem.dll
    C:\Users\Magnus\.nuget\packages\netstandard.library\2.0.1\build\netstandard2.0\ref\System.IO.FileSystem.DriveInfo.dll
    C:\Users\Magnus\.nuget\packages\netstandard.library\2.0.1\build\netstandard2.0\ref\System.IO.FileSystem.Primitives.dll
    C:\Users\Magnus\.nuget\packages\netstandard.library\2.0.1\build\netstandard2.0\ref\System.IO.FileSystem.Watcher.dll
    C:\Users\Magnus\.nuget\packages\netstandard.library\2.0.1\build\netstandard2.0\ref\System.IO.IsolatedStorage.dll
    C:\Users\Magnus\.nuget\packages\netstandard.library\2.0.1\build\netstandard2.0\ref\System.IO.MemoryMappedFiles.dll
    C:\Users\Magnus\.nuget\packages\netstandard.library\2.0.1\build\netstandard2.0\ref\System.IO.Pipes.dll
    C:\Users\Magnus\.nuget\packages\netstandard.library\2.0.1\build\netstandard2.0\ref\System.IO.UnmanagedMemoryStream.dll
    C:\Users\Magnus\.nuget\packages\netstandard.library\2.0.1\build\netstandard2.0\ref\System.Linq.dll
    C:\Users\Magnus\.nuget\packages\netstandard.library\2.0.1\build\netstandard2.0\ref\System.Linq.Expressions.dll
    C:\Users\Magnus\.nuget\packages\netstandard.library\2.0.1\build\netstandard2.0\ref\System.Linq.Parallel.dll
    C:\Users\Magnus\.nuget\packages\netstandard.library\2.0.1\build\netstandard2.0\ref\System.Linq.Queryable.dll
    C:\Users\Magnus\.nuget\packages\netstandard.library\2.0.1\build\netstandard2.0\ref\System.Net.dll
    C:\Users\Magnus\.nuget\packages\netstandard.library\2.0.1\build\netstandard2.0\ref\System.Net.Http.dll
    C:\Users\Magnus\.nuget\packages\netstandard.library\2.0.1\build\netstandard2.0\ref\System.Net.NameResolution.dll
    C:\Users\Magnus\.nuget\packages\netstandard.library\2.0.1\build\netstandard2.0\ref\System.Net.NetworkInformation.dll
    C:\Users\Magnus\.nuget\packages\netstandard.library\2.0.1\build\netstandard2.0\ref\System.Net.Ping.dll
    C:\Users\Magnus\.nuget\packages\netstandard.library\2.0.1\build\netstandard2.0\ref\System.Net.Primitives.dll
    C:\Users\Magnus\.nuget\packages\netstandard.library\2.0.1\build\netstandard2.0\ref\System.Net.Requests.dll
    C:\Users\Magnus\.nuget\packages\netstandard.library\2.0.1\build\netstandard2.0\ref\System.Net.Security.dll
    C:\Users\Magnus\.nuget\packages\netstandard.library\2.0.1\build\netstandard2.0\ref\System.Net.Sockets.dll
    C:\Users\Magnus\.nuget\packages\netstandard.library\2.0.1\build\netstandard2.0\ref\System.Net.WebHeaderCollection.dll
    C:\Users\Magnus\.nuget\packages\netstandard.library\2.0.1\build\netstandard2.0\ref\System.Net.WebSockets.Client.dll
    C:\Users\Magnus\.nuget\packages\netstandard.library\2.0.1\build\netstandard2.0\ref\System.Net.WebSockets.dll
    C:\Users\Magnus\.nuget\packages\netstandard.library\2.0.1\build\netstandard2.0\ref\System.Numerics.dll
    C:\Users\Magnus\.nuget\packages\netstandard.library\2.0.1\build\netstandard2.0\ref\System.ObjectModel.dll
    C:\Users\Magnus\.nuget\packages\netstandard.library\2.0.1\build\netstandard2.0\ref\System.Reflection.dll
    C:\Users\Magnus\.nuget\packages\netstandard.library\2.0.1\build\netstandard2.0\ref\System.Reflection.Extensions.dll
    C:\Users\Magnus\.nuget\packages\netstandard.library\2.0.1\build\netstandard2.0\ref\System.Reflection.Primitives.dll
    C:\Users\Magnus\.nuget\packages\netstandard.library\2.0.1\build\netstandard2.0\ref\System.Resources.Reader.dll
    C:\Users\Magnus\.nuget\packages\netstandard.library\2.0.1\build\netstandard2.0\ref\System.Resources.ResourceManager.dll
    C:\Users\Magnus\.nuget\packages\netstandard.library\2.0.1\build\netstandard2.0\ref\System.Resources.Writer.dll
    C:\Users\Magnus\.nuget\packages\netstandard.library\2.0.1\build\netstandard2.0\ref\System.Runtime.CompilerServices.VisualC.dll
    C:\Users\Magnus\.nuget\packages\netstandard.library\2.0.1\build\netstandard2.0\ref\System.Runtime.dll
    C:\Users\Magnus\.nuget\packages\netstandard.library\2.0.1\build\netstandard2.0\ref\System.Runtime.Extensions.dll
    C:\Users\Magnus\.nuget\packages\netstandard.library\2.0.1\build\netstandard2.0\ref\System.Runtime.Handles.dll
    C:\Users\Magnus\.nuget\packages\netstandard.library\2.0.1\build\netstandard2.0\ref\System.Runtime.InteropServices.dll
    C:\Users\Magnus\.nuget\packages\netstandard.library\2.0.1\build\netstandard2.0\ref\System.Runtime.InteropServices.RuntimeInformation.dll
    C:\Users\Magnus\.nuget\packages\netstandard.library\2.0.1\build\netstandard2.0\ref\System.Runtime.Numerics.dll
    C:\Users\Magnus\.nuget\packages\netstandard.library\2.0.1\build\netstandard2.0\ref\System.Runtime.Serialization.dll
    C:\Users\Magnus\.nuget\packages\netstandard.library\2.0.1\build\netstandard2.0\ref\System.Runtime.Serialization.Formatters.dll
    C:\Users\Magnus\.nuget\packages\netstandard.library\2.0.1\build\netstandard2.0\ref\System.Runtime.Serialization.Json.dll
    C:\Users\Magnus\.nuget\packages\netstandard.library\2.0.1\build\netstandard2.0\ref\System.Runtime.Serialization.Primitives.dll
    C:\Users\Magnus\.nuget\packages\netstandard.library\2.0.1\build\netstandard2.0\ref\System.Runtime.Serialization.Xml.dll
    C:\Users\Magnus\.nuget\packages\netstandard.library\2.0.1\build\netstandard2.0\ref\System.Security.Claims.dll
    C:\Users\Magnus\.nuget\packages\netstandard.library\2.0.1\build\netstandard2.0\ref\System.Security.Cryptography.Algorithms.dll
    C:\Users\Magnus\.nuget\packages\netstandard.library\2.0.1\build\netstandard2.0\ref\System.Security.Cryptography.Csp.dll
    C:\Users\Magnus\.nuget\packages\netstandard.library\2.0.1\build\netstandard2.0\ref\System.Security.Cryptography.Encoding.dll
    C:\Users\Magnus\.nuget\packages\netstandard.library\2.0.1\build\netstandard2.0\ref\System.Security.Cryptography.Primitives.dll
    C:\Users\Magnus\.nuget\packages\netstandard.library\2.0.1\build\netstandard2.0\ref\System.Security.Cryptography.X509Certificates.dll
    C:\Users\Magnus\.nuget\packages\netstandard.library\2.0.1\build\netstandard2.0\ref\System.Security.Principal.dll
    C:\Users\Magnus\.nuget\packages\netstandard.library\2.0.1\build\netstandard2.0\ref\System.Security.SecureString.dll
    C:\Users\Magnus\.nuget\packages\netstandard.library\2.0.1\build\netstandard2.0\ref\System.ServiceModel.Web.dll
    C:\Users\Magnus\.nuget\packages\netstandard.library\2.0.1\build\netstandard2.0\ref\System.Text.Encoding.dll
    C:\Users\Magnus\.nuget\packages\netstandard.library\2.0.1\build\netstandard2.0\ref\System.Text.Encoding.Extensions.dll
    C:\Users\Magnus\.nuget\packages\netstandard.library\2.0.1\build\netstandard2.0\ref\System.Text.RegularExpressions.dll
    C:\Users\Magnus\.nuget\packages\netstandard.library\2.0.1\build\netstandard2.0\ref\System.Threading.dll
    C:\Users\Magnus\.nuget\packages\netstandard.library\2.0.1\build\netstandard2.0\ref\System.Threading.Overlapped.dll
    C:\Users\Magnus\.nuget\packages\netstandard.library\2.0.1\build\netstandard2.0\ref\System.Threading.Tasks.dll
    C:\Users\Magnus\.nuget\packages\netstandard.library\2.0.1\build\netstandard2.0\ref\System.Threading.Tasks.Parallel.dll
    C:\Users\Magnus\.nuget\packages\netstandard.library\2.0.1\build\netstandard2.0\ref\System.Threading.Thread.dll
    C:\Users\Magnus\.nuget\packages\netstandard.library\2.0.1\build\netstandard2.0\ref\System.Threading.ThreadPool.dll
    C:\Users\Magnus\.nuget\packages\netstandard.library\2.0.1\build\netstandard2.0\ref\System.Threading.Timer.dll
    C:\Users\Magnus\.nuget\packages\netstandard.library\2.0.1\build\netstandard2.0\ref\System.Transactions.dll
    C:\Users\Magnus\.nuget\packages\netstandard.library\2.0.1\build\netstandard2.0\ref\System.ValueTuple.dll
    C:\Users\Magnus\.nuget\packages\netstandard.library\2.0.1\build\netstandard2.0\ref\System.Web.dll
    C:\Users\Magnus\.nuget\packages\netstandard.library\2.0.1\build\netstandard2.0\ref\System.Windows.dll
    C:\Users\Magnus\.nuget\packages\netstandard.library\2.0.1\build\netstandard2.0\ref\System.Xml.dll
    C:\Users\Magnus\.nuget\packages\netstandard.library\2.0.1\build\netstandard2.0\ref\System.Xml.Linq.dll
    C:\Users\Magnus\.nuget\packages\netstandard.library\2.0.1\build\netstandard2.0\ref\System.Xml.ReaderWriter.dll
    C:\Users\Magnus\.nuget\packages\netstandard.library\2.0.1\build\netstandard2.0\ref\System.Xml.Serialization.dll
    C:\Users\Magnus\.nuget\packages\netstandard.library\2.0.1\build\netstandard2.0\ref\System.Xml.XDocument.dll
    C:\Users\Magnus\.nuget\packages\netstandard.library\2.0.1\build\netstandard2.0\ref\System.Xml.XmlDocument.dll
    C:\Users\Magnus\.nuget\packages\netstandard.library\2.0.1\build\netstandard2.0\ref\System.Xml.XmlSerializer.dll
    C:\Users\Magnus\.nuget\packages\netstandard.library\2.0.1\build\netstandard2.0\ref\System.Xml.XPath.dll
    C:\Users\Magnus\.nuget\packages\netstandard.library\2.0.1\build\netstandard2.0\ref\System.Xml.XPath.XDocument.dll

Copying XML comments files
    C:\Dev\Composable\src\framework\Composable.CQRS\bin\Debug\netstandard2.0\Composable.CQRS.xml -&gt; C:\Dev\Composable\src\framework\SandcastleDocumentation\Help\Working\Composable.CQRS.xml
</buildStep>
<buildStep step="GenerateSharedContent">
Generating shared content files (en-US, English (United States))...
<plugIn name="Lightweight Website Style" behavior="After" priority="1000">
</plugIn>    Last step completed in 00:00:00,0161
</buildStep>
<buildStep step="GenerateApiFilter">
Generating API filter for MRefBuilder...
    Last step completed in 00:00:00,0015
</buildStep>
<buildStep step="GenerateReflectionInfo">
Generating reflection information...
[C:\Program Files (x86)\Microsoft Visual Studio\2017\Enterprise\MSBuild\15.0\Bin\MSBuild.exe - GenerateRefInfo.proj]
Build started 2018-02-02 17:37:25.
Project &quot;C:\Dev\Composable\src\framework\SandcastleDocumentation\Help\Working\GenerateRefInfo.proj&quot; on node 1 (default targets).
PrepareForBuild:
  Creating directory &quot;obj\Debug\&quot;.
_HandlePackageFileConflicts:
  Encountered conflict between &#39;Reference:C:\Users\Magnus\.nuget\packages\netstandard.library\2.0.1\build\netstandard2.0\ref\Microsoft.Win32.Primitives.dll&#39; and &#39;Reference:Microsoft.Win32.Primitives&#39;.  Could not determine winner due to equal file and assembly versions.
  Encountered conflict between &#39;Reference:C:\Users\Magnus\.nuget\packages\netstandard.library\2.0.1\build\netstandard2.0\ref\netstandard.dll&#39; and &#39;Reference:netstandard&#39;.  Choosing &#39;Reference:netstandard&#39; because file version &#39;4.6.25908.2&#39; is greater than &#39;1.0.25714.1&#39;.
  Encountered conflict between &#39;Reference:C:\Users\Magnus\.nuget\packages\netstandard.library\2.0.1\build\netstandard2.0\ref\System.AppContext.dll&#39; and &#39;Reference:System.AppContext&#39;.  Could not determine winner due to equal file and assembly versions.
  Encountered conflict between &#39;Reference:C:\Users\Magnus\.nuget\packages\netstandard.library\2.0.1\build\netstandard2.0\ref\System.Collections.Concurrent.dll&#39; and &#39;Reference:System.Collections.Concurrent&#39;.  Could not determine winner due to equal file and assembly versions.
  Encountered conflict between &#39;Reference:C:\Users\Magnus\.nuget\packages\netstandard.library\2.0.1\build\netstandard2.0\ref\System.Collections.dll&#39; and &#39;Reference:System.Collections&#39;.  Could not determine winner due to equal file and assembly versions.
  Encountered conflict between &#39;Reference:C:\Users\Magnus\.nuget\packages\netstandard.library\2.0.1\build\netstandard2.0\ref\System.Collections.NonGeneric.dll&#39; and &#39;Reference:System.Collections.NonGeneric&#39;.  Could not determine winner due to equal file and assembly versions.
  Encountered conflict between &#39;Reference:C:\Users\Magnus\.nuget\packages\netstandard.library\2.0.1\build\netstandard2.0\ref\System.Collections.Specialized.dll&#39; and &#39;Reference:System.Collections.Specialized&#39;.  Could not determine winner due to equal file and assembly versions.
  Encountered conflict between &#39;Reference:C:\Users\Magnus\.nuget\packages\netstandard.library\2.0.1\build\netstandard2.0\ref\System.ComponentModel.dll&#39; and &#39;Reference:System.ComponentModel&#39;.  Could not determine winner due to equal file and assembly versions.
  Encountered conflict between &#39;Reference:C:\Users\Magnus\.nuget\packages\netstandard.library\2.0.1\build\netstandard2.0\ref\System.ComponentModel.EventBasedAsync.dll&#39; and &#39;Reference:System.ComponentModel.EventBasedAsync&#39;.  Could not determine winner due to equal file and assembly versions.
  Encountered conflict between &#39;Reference:C:\Users\Magnus\.nuget\packages\netstandard.library\2.0.1\build\netstandard2.0\ref\System.ComponentModel.Primitives.dll&#39; and &#39;Reference:System.ComponentModel.Primitives&#39;.  Could not determine winner due to equal file and assembly versions.
  Encountered conflict between &#39;Reference:C:\Users\Magnus\.nuget\packages\netstandard.library\2.0.1\build\netstandard2.0\ref\System.ComponentModel.TypeConverter.dll&#39; and &#39;Reference:System.ComponentModel.TypeConverter&#39;.  Could not determine winner due to equal file and assembly versions.
  Encountered conflict between &#39;Reference:C:\Users\Magnus\.nuget\packages\netstandard.library\2.0.1\build\netstandard2.0\ref\System.Console.dll&#39; and &#39;Reference:System.Console&#39;.  Could not determine winner due to equal file and assembly versions.
  Encountered conflict between &#39;Reference:C:\Users\Magnus\.nuget\packages\netstandard.library\2.0.1\build\netstandard2.0\ref\System.Data.Common.dll&#39; and &#39;Reference:System.Data.Common&#39;.  Choosing &#39;Reference:System.Data.Common&#39; because AssemblyVersion &#39;4.2.0.0&#39; is greater than &#39;4.1.2.0&#39;.
  Encountered conflict between &#39;Reference:C:\Users\Magnus\.nuget\packages\netstandard.library\2.0.1\build\netstandard2.0\ref\System.Diagnostics.Contracts.dll&#39; and &#39;Reference:System.Diagnostics.Contracts&#39;.  Could not determine winner due to equal file and assembly versions.
  Encountered conflict between &#39;Reference:C:\Users\Magnus\.nuget\packages\netstandard.library\2.0.1\build\netstandard2.0\ref\System.Diagnostics.Debug.dll&#39; and &#39;Reference:System.Diagnostics.Debug&#39;.  Could not determine winner due to equal file and assembly versions.
  Encountered conflict between &#39;Reference:C:\Users\Magnus\.nuget\packages\netstandard.library\2.0.1\build\netstandard2.0\ref\System.Diagnostics.FileVersionInfo.dll&#39; and &#39;Reference:System.Diagnostics.FileVersionInfo&#39;.  Could not determine winner due to equal file and assembly versions.
  Encountered conflict between &#39;Reference:C:\Users\Magnus\.nuget\packages\netstandard.library\2.0.1\build\netstandard2.0\ref\System.Diagnostics.Process.dll&#39; and &#39;Reference:System.Diagnostics.Process&#39;.  Could not determine winner due to equal file and assembly versions.
  Encountered conflict between &#39;Reference:C:\Users\Magnus\.nuget\packages\netstandard.library\2.0.1\build\netstandard2.0\ref\System.Diagnostics.StackTrace.dll&#39; and &#39;Reference:System.Diagnostics.StackTrace&#39;.  Choosing &#39;Reference:System.Diagnostics.StackTrace&#39; because AssemblyVersion &#39;4.1.0.0&#39; is greater than &#39;4.0.4.0&#39;.
  Encountered conflict between &#39;Reference:C:\Users\Magnus\.nuget\packages\netstandard.library\2.0.1\build\netstandard2.0\ref\System.Diagnostics.TextWriterTraceListener.dll&#39; and &#39;Reference:System.Diagnostics.TextWriterTraceListener&#39;.  Could not determine winner due to equal file and assembly versions.
  Encountered conflict between &#39;Reference:C:\Users\Magnus\.nuget\packages\netstandard.library\2.0.1\build\netstandard2.0\ref\System.Diagnostics.Tools.dll&#39; and &#39;Reference:System.Diagnostics.Tools&#39;.  Could not determine winner due to equal file and assembly versions.
  Encountered conflict between &#39;Reference:C:\Users\Magnus\.nuget\packages\netstandard.library\2.0.1\build\netstandard2.0\ref\System.Diagnostics.TraceSource.dll&#39; and &#39;Reference:System.Diagnostics.TraceSource&#39;.  Could not determine winner due to equal file and assembly versions.
  Encountered conflict between &#39;Reference:C:\Users\Magnus\.nuget\packages\netstandard.library\2.0.1\build\netstandard2.0\ref\System.Diagnostics.Tracing.dll&#39; and &#39;Reference:System.Diagnostics.Tracing&#39;.  Choosing &#39;Reference:System.Diagnostics.Tracing&#39; because AssemblyVersion &#39;4.2.0.0&#39; is greater than &#39;4.1.2.0&#39;.
  Encountered conflict between &#39;Reference:C:\Users\Magnus\.nuget\packages\netstandard.library\2.0.1\build\netstandard2.0\ref\System.Drawing.Primitives.dll&#39; and &#39;Reference:System.Drawing.Primitives&#39;.  Could not determine winner due to equal file and assembly versions.
  Encountered conflict between &#39;Reference:C:\Users\Magnus\.nuget\packages\netstandard.library\2.0.1\build\netstandard2.0\ref\System.Dynamic.Runtime.dll&#39; and &#39;Reference:System.Dynamic.Runtime&#39;.  Could not determine winner due to equal file and assembly versions.
  Encountered conflict between &#39;Reference:C:\Users\Magnus\.nuget\packages\netstandard.library\2.0.1\build\netstandard2.0\ref\System.Globalization.Calendars.dll&#39; and &#39;Reference:System.Globalization.Calendars&#39;.  Could not determine winner due to equal file and assembly versions.
  Encountered conflict between &#39;Reference:C:\Users\Magnus\.nuget\packages\netstandard.library\2.0.1\build\netstandard2.0\ref\System.Globalization.dll&#39; and &#39;Reference:System.Globalization&#39;.  Could not determine winner due to equal file and assembly versions.
  Encountered conflict between &#39;Reference:C:\Users\Magnus\.nuget\packages\netstandard.library\2.0.1\build\netstandard2.0\ref\System.Globalization.Extensions.dll&#39; and &#39;Reference:System.Globalization.Extensions&#39;.  Choosing &#39;Reference:System.Globalization.Extensions&#39; because AssemblyVersion &#39;4.1.0.0&#39; is greater than &#39;4.0.3.0&#39;.
  Encountered conflict between &#39;Reference:C:\Users\Magnus\.nuget\packages\netstandard.library\2.0.1\build\netstandard2.0\ref\System.IO.Compression.dll&#39; and &#39;Reference:System.IO.Compression&#39;.  Choosing &#39;Reference:System.IO.Compression&#39; because AssemblyVersion &#39;4.2.0.0&#39; is greater than &#39;4.1.3.0&#39;.
  Encountered conflict between &#39;Reference:C:\Users\Magnus\.nuget\packages\netstandard.library\2.0.1\build\netstandard2.0\ref\System.IO.Compression.ZipFile.dll&#39; and &#39;Reference:System.IO.Compression.ZipFile&#39;.  Could not determine winner due to equal file and assembly versions.
  Encountered conflict between &#39;Reference:C:\Users\Magnus\.nuget\packages\netstandard.library\2.0.1\build\netstandard2.0\ref\System.IO.dll&#39; and &#39;Reference:System.IO&#39;.  Could not determine winner due to equal file and assembly versions.
  Encountered conflict between &#39;Reference:C:\Users\Magnus\.nuget\packages\netstandard.library\2.0.1\build\netstandard2.0\ref\System.IO.FileSystem.dll&#39; and &#39;Reference:System.IO.FileSystem&#39;.  Could not determine winner due to equal file and assembly versions.
  Encountered conflict between &#39;Reference:C:\Users\Magnus\.nuget\packages\netstandard.library\2.0.1\build\netstandard2.0\ref\System.IO.FileSystem.DriveInfo.dll&#39; and &#39;Reference:System.IO.FileSystem.DriveInfo&#39;.  Could not determine winner due to equal file and assembly versions.
  Encountered conflict between &#39;Reference:C:\Users\Magnus\.nuget\packages\netstandard.library\2.0.1\build\netstandard2.0\ref\System.IO.FileSystem.Primitives.dll&#39; and &#39;Reference:System.IO.FileSystem.Primitives&#39;.  Could not determine winner due to equal file and assembly versions.
  Encountered conflict between &#39;Reference:C:\Users\Magnus\.nuget\packages\netstandard.library\2.0.1\build\netstandard2.0\ref\System.IO.FileSystem.Watcher.dll&#39; and &#39;Reference:System.IO.FileSystem.Watcher&#39;.  Could not determine winner due to equal file and assembly versions.
  Encountered conflict between &#39;Reference:C:\Users\Magnus\.nuget\packages\netstandard.library\2.0.1\build\netstandard2.0\ref\System.IO.IsolatedStorage.dll&#39; and &#39;Reference:System.IO.IsolatedStorage&#39;.  Could not determine winner due to equal file and assembly versions.
  Encountered conflict between &#39;Reference:C:\Users\Magnus\.nuget\packages\netstandard.library\2.0.1\build\netstandard2.0\ref\System.IO.MemoryMappedFiles.dll&#39; and &#39;Reference:System.IO.MemoryMappedFiles&#39;.  Could not determine winner due to equal file and assembly versions.
  Encountered conflict between &#39;Reference:C:\Users\Magnus\.nuget\packages\netstandard.library\2.0.1\build\netstandard2.0\ref\System.IO.Pipes.dll&#39; and &#39;Reference:System.IO.Pipes&#39;.  Could not determine winner due to equal file and assembly versions.
  Encountered conflict between &#39;Reference:C:\Users\Magnus\.nuget\packages\netstandard.library\2.0.1\build\netstandard2.0\ref\System.IO.UnmanagedMemoryStream.dll&#39; and &#39;Reference:System.IO.UnmanagedMemoryStream&#39;.  Could not determine winner due to equal file and assembly versions.
  Encountered conflict between &#39;Reference:C:\Users\Magnus\.nuget\packages\netstandard.library\2.0.1\build\netstandard2.0\ref\System.Linq.dll&#39; and &#39;Reference:System.Linq&#39;.  Could not determine winner due to equal file and assembly versions.
  Encountered conflict between &#39;Reference:C:\Users\Magnus\.nuget\packages\netstandard.library\2.0.1\build\netstandard2.0\ref\System.Linq.Expressions.dll&#39; and &#39;Reference:System.Linq.Expressions&#39;.  Could not determine winner due to equal file and assembly versions.
  Encountered conflict between &#39;Reference:C:\Users\Magnus\.nuget\packages\netstandard.library\2.0.1\build\netstandard2.0\ref\System.Linq.Parallel.dll&#39; and &#39;Reference:System.Linq.Parallel&#39;.  Could not determine winner due to equal file and assembly versions.
  Encountered conflict between &#39;Reference:C:\Users\Magnus\.nuget\packages\netstandard.library\2.0.1\build\netstandard2.0\ref\System.Linq.Queryable.dll&#39; and &#39;Reference:System.Linq.Queryable&#39;.  Could not determine winner due to equal file and assembly versions.
  Encountered conflict between &#39;Reference:C:\Users\Magnus\.nuget\packages\netstandard.library\2.0.1\build\netstandard2.0\ref\System.Net.Http.dll&#39; and &#39;Reference:System.Net.Http&#39;.  Choosing &#39;Reference:System.Net.Http&#39; because AssemblyVersion &#39;4.2.0.0&#39; is greater than &#39;4.1.2.0&#39;.
  Encountered conflict between &#39;Reference:C:\Users\Magnus\.nuget\packages\netstandard.library\2.0.1\build\netstandard2.0\ref\System.Net.NameResolution.dll&#39; and &#39;Reference:System.Net.NameResolution&#39;.  Could not determine winner due to equal file and assembly versions.
  Encountered conflict between &#39;Reference:C:\Users\Magnus\.nuget\packages\netstandard.library\2.0.1\build\netstandard2.0\ref\System.Net.NetworkInformation.dll&#39; and &#39;Reference:System.Net.NetworkInformation&#39;.  Could not determine winner due to equal file and assembly versions.
  Encountered conflict between &#39;Reference:C:\Users\Magnus\.nuget\packages\netstandard.library\2.0.1\build\netstandard2.0\ref\System.Net.Ping.dll&#39; and &#39;Reference:System.Net.Ping&#39;.  Could not determine winner due to equal file and assembly versions.
  Encountered conflict between &#39;Reference:C:\Users\Magnus\.nuget\packages\netstandard.library\2.0.1\build\netstandard2.0\ref\System.Net.Primitives.dll&#39; and &#39;Reference:System.Net.Primitives&#39;.  Could not determine winner due to equal file and assembly versions.
  Encountered conflict between &#39;Reference:C:\Users\Magnus\.nuget\packages\netstandard.library\2.0.1\build\netstandard2.0\ref\System.Net.Requests.dll&#39; and &#39;Reference:System.Net.Requests&#39;.  Could not determine winner due to equal file and assembly versions.
  Encountered conflict between &#39;Reference:C:\Users\Magnus\.nuget\packages\netstandard.library\2.0.1\build\netstandard2.0\ref\System.Net.Security.dll&#39; and &#39;Reference:System.Net.Security&#39;.  Could not determine winner due to equal file and assembly versions.
  Encountered conflict between &#39;Reference:C:\Users\Magnus\.nuget\packages\netstandard.library\2.0.1\build\netstandard2.0\ref\System.Net.Sockets.dll&#39; and &#39;Reference:System.Net.Sockets&#39;.  Choosing &#39;Reference:System.Net.Sockets&#39; because AssemblyVersion &#39;4.2.0.0&#39; is greater than &#39;4.1.2.0&#39;.
  Encountered conflict between &#39;Reference:C:\Users\Magnus\.nuget\packages\netstandard.library\2.0.1\build\netstandard2.0\ref\System.Net.WebHeaderCollection.dll&#39; and &#39;Reference:System.Net.WebHeaderCollection&#39;.  Could not determine winner due to equal file and assembly versions.
  Encountered conflict between &#39;Reference:C:\Users\Magnus\.nuget\packages\netstandard.library\2.0.1\build\netstandard2.0\ref\System.Net.WebSockets.Client.dll&#39; and &#39;Reference:System.Net.WebSockets.Client&#39;.  Could not determine winner due to equal file and assembly versions.
  Encountered conflict between &#39;Reference:C:\Users\Magnus\.nuget\packages\netstandard.library\2.0.1\build\netstandard2.0\ref\System.Net.WebSockets.dll&#39; and &#39;Reference:System.Net.WebSockets&#39;.  Could not determine winner due to equal file and assembly versions.
  Encountered conflict between &#39;Reference:C:\Users\Magnus\.nuget\packages\netstandard.library\2.0.1\build\netstandard2.0\ref\System.ObjectModel.dll&#39; and &#39;Reference:System.ObjectModel&#39;.  Could not determine winner due to equal file and assembly versions.
  Encountered conflict between &#39;Reference:C:\Users\Magnus\.nuget\packages\netstandard.library\2.0.1\build\netstandard2.0\ref\System.Reflection.dll&#39; and &#39;Reference:System.Reflection&#39;.  Could not determine winner due to equal file and assembly versions.
  Encountered conflict between &#39;Reference:C:\Users\Magnus\.nuget\packages\netstandard.library\2.0.1\build\netstandard2.0\ref\System.Reflection.Extensions.dll&#39; and &#39;Reference:System.Reflection.Extensions&#39;.  Could not determine winner due to equal file and assembly versions.
  Encountered conflict between &#39;Reference:C:\Users\Magnus\.nuget\packages\netstandard.library\2.0.1\build\netstandard2.0\ref\System.Reflection.Primitives.dll&#39; and &#39;Reference:System.Reflection.Primitives&#39;.  Could not determine winner due to equal file and assembly versions.
  Encountered conflict between &#39;Reference:C:\Users\Magnus\.nuget\packages\netstandard.library\2.0.1\build\netstandard2.0\ref\System.Resources.Reader.dll&#39; and &#39;Reference:System.Resources.Reader&#39;.  Could not determine winner due to equal file and assembly versions.
  Encountered conflict between &#39;Reference:C:\Users\Magnus\.nuget\packages\netstandard.library\2.0.1\build\netstandard2.0\ref\System.Resources.ResourceManager.dll&#39; and &#39;Reference:System.Resources.ResourceManager&#39;.  Could not determine winner due to equal file and assembly versions.
  Encountered conflict between &#39;Reference:C:\Users\Magnus\.nuget\packages\netstandard.library\2.0.1\build\netstandard2.0\ref\System.Resources.Writer.dll&#39; and &#39;Reference:System.Resources.Writer&#39;.  Could not determine winner due to equal file and assembly versions.
  Encountered conflict between &#39;Reference:C:\Users\Magnus\.nuget\packages\netstandard.library\2.0.1\build\netstandard2.0\ref\System.Runtime.CompilerServices.VisualC.dll&#39; and &#39;Reference:System.Runtime.CompilerServices.VisualC&#39;.  Could not determine winner due to equal file and assembly versions.
  Encountered conflict between &#39;Reference:C:\Users\Magnus\.nuget\packages\netstandard.library\2.0.1\build\netstandard2.0\ref\System.Runtime.dll&#39; and &#39;Reference:System.Runtime&#39;.  Could not determine winner due to equal file and assembly versions.
  Encountered conflict between &#39;Reference:C:\Users\Magnus\.nuget\packages\netstandard.library\2.0.1\build\netstandard2.0\ref\System.Runtime.Extensions.dll&#39; and &#39;Reference:System.Runtime.Extensions&#39;.  Could not determine winner due to equal file and assembly versions.
  Encountered conflict between &#39;Reference:C:\Users\Magnus\.nuget\packages\netstandard.library\2.0.1\build\netstandard2.0\ref\System.Runtime.Handles.dll&#39; and &#39;Reference:System.Runtime.Handles&#39;.  Could not determine winner due to equal file and assembly versions.
  Encountered conflict between &#39;Reference:C:\Users\Magnus\.nuget\packages\netstandard.library\2.0.1\build\netstandard2.0\ref\System.Runtime.InteropServices.dll&#39; and &#39;Reference:System.Runtime.InteropServices&#39;.  Could not determine winner due to equal file and assembly versions.
  Encountered conflict between &#39;Reference:C:\Users\Magnus\.nuget\packages\netstandard.library\2.0.1\build\netstandard2.0\ref\System.Runtime.InteropServices.RuntimeInformation.dll&#39; and &#39;Reference:System.Runtime.InteropServices.RuntimeInformation&#39;.  Choosing &#39;Reference:System.Runtime.InteropServices.RuntimeInformation&#39; because file version &#39;4.6.25908.2&#39; is greater than &#39;4.6.25714.1&#39;.
  Encountered conflict between &#39;Reference:C:\Users\Magnus\.nuget\packages\netstandard.library\2.0.1\build\netstandard2.0\ref\System.Runtime.Numerics.dll&#39; and &#39;Reference:System.Runtime.Numerics&#39;.  Could not determine winner due to equal file and assembly versions.
  Encountered conflict between &#39;Reference:C:\Users\Magnus\.nuget\packages\netstandard.library\2.0.1\build\netstandard2.0\ref\System.Runtime.Serialization.Formatters.dll&#39; and &#39;Reference:System.Runtime.Serialization.Formatters&#39;.  Could not determine winner due to equal file and assembly versions.
  Encountered conflict between &#39;Reference:C:\Users\Magnus\.nuget\packages\netstandard.library\2.0.1\build\netstandard2.0\ref\System.Runtime.Serialization.Json.dll&#39; and &#39;Reference:System.Runtime.Serialization.Json&#39;.  Could not determine winner due to equal file and assembly versions.
  Encountered conflict between &#39;Reference:C:\Users\Magnus\.nuget\packages\netstandard.library\2.0.1\build\netstandard2.0\ref\System.Runtime.Serialization.Primitives.dll&#39; and &#39;Reference:System.Runtime.Serialization.Primitives&#39;.  Choosing &#39;Reference:System.Runtime.Serialization.Primitives&#39; because AssemblyVersion &#39;4.2.0.0&#39; is greater than &#39;4.1.3.0&#39;.
  Encountered conflict between &#39;Reference:C:\Users\Magnus\.nuget\packages\netstandard.library\2.0.1\build\netstandard2.0\ref\System.Runtime.Serialization.Xml.dll&#39; and &#39;Reference:System.Runtime.Serialization.Xml&#39;.  Choosing &#39;Reference:System.Runtime.Serialization.Xml&#39; because file version &#39;4.6.25908.2&#39; is greater than &#39;4.6.25714.1&#39;.
  Encountered conflict between &#39;Reference:C:\Users\Magnus\.nuget\packages\netstandard.library\2.0.1\build\netstandard2.0\ref\System.Security.Claims.dll&#39; and &#39;Reference:System.Security.Claims&#39;.  Could not determine winner due to equal file and assembly versions.
  Encountered conflict between &#39;Reference:C:\Users\Magnus\.nuget\packages\netstandard.library\2.0.1\build\netstandard2.0\ref\System.Security.Cryptography.Algorithms.dll&#39; and &#39;Reference:System.Security.Cryptography.Algorithms&#39;.  Choosing &#39;Reference:System.Security.Cryptography.Algorithms&#39; because AssemblyVersion &#39;4.3.0.0&#39; is greater than &#39;4.2.2.0&#39;.
  Encountered conflict between &#39;Reference:C:\Users\Magnus\.nuget\packages\netstandard.library\2.0.1\build\netstandard2.0\ref\System.Security.Cryptography.Csp.dll&#39; and &#39;Reference:System.Security.Cryptography.Csp&#39;.  Could not determine winner due to equal file and assembly versions.
  Encountered conflict between &#39;Reference:C:\Users\Magnus\.nuget\packages\netstandard.library\2.0.1\build\netstandard2.0\ref\System.Security.Cryptography.Encoding.dll&#39; and &#39;Reference:System.Security.Cryptography.Encoding&#39;.  Could not determine winner due to equal file and assembly versions.
  Encountered conflict between &#39;Reference:C:\Users\Magnus\.nuget\packages\netstandard.library\2.0.1\build\netstandard2.0\ref\System.Security.Cryptography.Primitives.dll&#39; and &#39;Reference:System.Security.Cryptography.Primitives&#39;.  Could not determine winner due to equal file and assembly versions.
  Encountered conflict between &#39;Reference:C:\Users\Magnus\.nuget\packages\netstandard.library\2.0.1\build\netstandard2.0\ref\System.Security.Cryptography.X509Certificates.dll&#39; and &#39;Reference:System.Security.Cryptography.X509Certificates&#39;.  Could not determine winner due to equal file and assembly versions.
  Encountered conflict between &#39;Reference:C:\Users\Magnus\.nuget\packages\netstandard.library\2.0.1\build\netstandard2.0\ref\System.Security.Principal.dll&#39; and &#39;Reference:System.Security.Principal&#39;.  Could not determine winner due to equal file and assembly versions.
  Encountered conflict between &#39;Reference:C:\Users\Magnus\.nuget\packages\netstandard.library\2.0.1\build\netstandard2.0\ref\System.Security.SecureString.dll&#39; and &#39;Reference:System.Security.SecureString&#39;.  Choosing &#39;Reference:System.Security.SecureString&#39; because AssemblyVersion &#39;4.1.0.0&#39; is greater than &#39;4.0.2.0&#39;.
  Encountered conflict between &#39;Reference:C:\Users\Magnus\.nuget\packages\netstandard.library\2.0.1\build\netstandard2.0\ref\System.Text.Encoding.dll&#39; and &#39;Reference:System.Text.Encoding&#39;.  Could not determine winner due to equal file and assembly versions.
  Encountered conflict between &#39;Reference:C:\Users\Magnus\.nuget\packages\netstandard.library\2.0.1\build\netstandard2.0\ref\System.Text.Encoding.Extensions.dll&#39; and &#39;Reference:System.Text.Encoding.Extensions&#39;.  Could not determine winner due to equal file and assembly versions.
  Encountered conflict between &#39;Reference:C:\Users\Magnus\.nuget\packages\netstandard.library\2.0.1\build\netstandard2.0\ref\System.Text.RegularExpressions.dll&#39; and &#39;Reference:System.Text.RegularExpressions&#39;.  Could not determine winner due to equal file and assembly versions.
  Encountered conflict between &#39;Reference:C:\Users\Magnus\.nuget\packages\netstandard.library\2.0.1\build\netstandard2.0\ref\System.Threading.dll&#39; and &#39;Reference:System.Threading&#39;.  Could not determine winner due to equal file and assembly versions.
  Encountered conflict between &#39;Reference:C:\Users\Magnus\.nuget\packages\netstandard.library\2.0.1\build\netstandard2.0\ref\System.Threading.Overlapped.dll&#39; and &#39;Reference:System.Threading.Overlapped&#39;.  Choosing &#39;Reference:System.Threading.Overlapped&#39; because AssemblyVersion &#39;4.1.0.0&#39; is greater than &#39;4.0.3.0&#39;.
  Encountered conflict between &#39;Reference:C:\Users\Magnus\.nuget\packages\netstandard.library\2.0.1\build\netstandard2.0\ref\System.Threading.Tasks.dll&#39; and &#39;Reference:System.Threading.Tasks&#39;.  Could not determine winner due to equal file and assembly versions.
  Encountered conflict between &#39;Reference:C:\Users\Magnus\.nuget\packages\netstandard.library\2.0.1\build\netstandard2.0\ref\System.Threading.Tasks.Parallel.dll&#39; and &#39;Reference:System.Threading.Tasks.Parallel&#39;.  Could not determine winner due to equal file and assembly versions.
  Encountered conflict between &#39;Reference:C:\Users\Magnus\.nuget\packages\netstandard.library\2.0.1\build\netstandard2.0\ref\System.Threading.Thread.dll&#39; and &#39;Reference:System.Threading.Thread&#39;.  Could not determine winner due to equal file and assembly versions.
  Encountered conflict between &#39;Reference:C:\Users\Magnus\.nuget\packages\netstandard.library\2.0.1\build\netstandard2.0\ref\System.Threading.ThreadPool.dll&#39; and &#39;Reference:System.Threading.ThreadPool&#39;.  Could not determine winner due to equal file and assembly versions.
  Encountered conflict between &#39;Reference:C:\Users\Magnus\.nuget\packages\netstandard.library\2.0.1\build\netstandard2.0\ref\System.Threading.Timer.dll&#39; and &#39;Reference:System.Threading.Timer&#39;.  Could not determine winner due to equal file and assembly versions.
  Encountered conflict between &#39;Reference:C:\Users\Magnus\.nuget\packages\netstandard.library\2.0.1\build\netstandard2.0\ref\System.ValueTuple.dll&#39; and &#39;Reference:System.ValueTuple&#39;.  Choosing &#39;Reference:System.ValueTuple&#39; because file version &#39;4.6.25908.2&#39; is greater than &#39;4.6.25714.1&#39;.
  Encountered conflict between &#39;Reference:C:\Users\Magnus\.nuget\packages\netstandard.library\2.0.1\build\netstandard2.0\ref\System.Xml.ReaderWriter.dll&#39; and &#39;Reference:System.Xml.ReaderWriter&#39;.  Could not determine winner due to equal file and assembly versions.
  Encountered conflict between &#39;Reference:C:\Users\Magnus\.nuget\packages\netstandard.library\2.0.1\build\netstandard2.0\ref\System.Xml.XDocument.dll&#39; and &#39;Reference:System.Xml.XDocument&#39;.  Could not determine winner due to equal file and assembly versions.
  Encountered conflict between &#39;Reference:C:\Users\Magnus\.nuget\packages\netstandard.library\2.0.1\build\netstandard2.0\ref\System.Xml.XmlDocument.dll&#39; and &#39;Reference:System.Xml.XmlDocument&#39;.  Could not determine winner due to equal file and assembly versions.
  Encountered conflict between &#39;Reference:C:\Users\Magnus\.nuget\packages\netstandard.library\2.0.1\build\netstandard2.0\ref\System.Xml.XmlSerializer.dll&#39; and &#39;Reference:System.Xml.XmlSerializer&#39;.  Could not determine winner due to equal file and assembly versions.
  Encountered conflict between &#39;Reference:C:\Users\Magnus\.nuget\packages\netstandard.library\2.0.1\build\netstandard2.0\ref\System.Xml.XPath.dll&#39; and &#39;Reference:System.Xml.XPath&#39;.  Could not determine winner due to equal file and assembly versions.
  Encountered conflict between &#39;Reference:C:\Users\Magnus\.nuget\packages\netstandard.library\2.0.1\build\netstandard2.0\ref\System.Xml.XPath.XDocument.dll&#39; and &#39;Reference:System.Xml.XPath.XDocument&#39;.  Choosing &#39;Reference:System.Xml.XPath.XDocument&#39; because AssemblyVersion &#39;4.1.0.0&#39; is greater than &#39;4.0.3.0&#39;.
  Encountered conflict between &#39;Reference:System.IO.Compression&#39; and &#39;Platform:System.IO.Compression.dll&#39;.  Choosing &#39;Reference:System.IO.Compression&#39; because AssemblyVersion &#39;4.2.0.0&#39; is greater than &#39;4.0.0.0&#39;.
  Encountered conflict between &#39;Reference:System.Net.Http&#39; and &#39;Platform:System.Net.Http.dll&#39;.  Choosing &#39;Reference:System.Net.Http&#39; because AssemblyVersion &#39;4.2.0.0&#39; is greater than &#39;4.0.0.0&#39;.
  Encountered conflict between &#39;Reference:C:\Users\Magnus\.nuget\packages\netstandard.library\2.0.1\build\netstandard2.0\ref\System.Collections.dll&#39; and &#39;Platform:System.Collections.dll&#39;.  Choosing &#39;Reference:C:\Users\Magnus\.nuget\packages\netstandard.library\2.0.1\build\netstandard2.0\ref\System.Collections.dll&#39; because AssemblyVersion &#39;4.0.11.0&#39; is greater than &#39;4.0.10.0&#39;.
  Encountered conflict between &#39;Reference:C:\Users\Magnus\.nuget\packages\netstandard.library\2.0.1\build\netstandard2.0\ref\System.Collections.Concurrent.dll&#39; and &#39;Platform:System.Collections.Concurrent.dll&#39;.  Choosing &#39;Reference:C:\Users\Magnus\.nuget\packages\netstandard.library\2.0.1\build\netstandard2.0\ref\System.Collections.Concurrent.dll&#39; because AssemblyVersion &#39;4.0.11.0&#39; is greater than &#39;4.0.10.0&#39;.
  Encountered conflict between &#39;Reference:C:\Users\Magnus\.nuget\packages\netstandard.library\2.0.1\build\netstandard2.0\ref\System.ComponentModel.dll&#39; and &#39;Platform:System.ComponentModel.dll&#39;.  Choosing &#39;Reference:C:\Users\Magnus\.nuget\packages\netstandard.library\2.0.1\build\netstandard2.0\ref\System.ComponentModel.dll&#39; because AssemblyVersion &#39;4.0.1.0&#39; is greater than &#39;4.0.0.0&#39;.
  Encountered conflict between &#39;Reference:C:\Users\Magnus\.nuget\packages\netstandard.library\2.0.1\build\netstandard2.0\ref\System.ComponentModel.EventBasedAsync.dll&#39; and &#39;Platform:System.ComponentModel.EventBasedAsync.dll&#39;.  Choosing &#39;Reference:C:\Users\Magnus\.nuget\packages\netstandard.library\2.0.1\build\netstandard2.0\ref\System.ComponentModel.EventBasedAsync.dll&#39; because AssemblyVersion &#39;4.0.11.0&#39; is greater than &#39;4.0.10.0&#39;.
  Encountered conflict between &#39;Reference:C:\Users\Magnus\.nuget\packages\netstandard.library\2.0.1\build\netstandard2.0\ref\System.Diagnostics.Contracts.dll&#39; and &#39;Platform:System.Diagnostics.Contracts.dll&#39;.  Choosing &#39;Reference:C:\Users\Magnus\.nuget\packages\netstandard.library\2.0.1\build\netstandard2.0\ref\System.Diagnostics.Contracts.dll&#39; because AssemblyVersion &#39;4.0.1.0&#39; is greater than &#39;4.0.0.0&#39;.
  Encountered conflict between &#39;Reference:C:\Users\Magnus\.nuget\packages\netstandard.library\2.0.1\build\netstandard2.0\ref\System.Diagnostics.Debug.dll&#39; and &#39;Platform:System.Diagnostics.Debug.dll&#39;.  Choosing &#39;Reference:C:\Users\Magnus\.nuget\packages\netstandard.library\2.0.1\build\netstandard2.0\ref\System.Diagnostics.Debug.dll&#39; because AssemblyVersion &#39;4.0.11.0&#39; is greater than &#39;4.0.10.0&#39;.
  Encountered conflict between &#39;Reference:C:\Users\Magnus\.nuget\packages\netstandard.library\2.0.1\build\netstandard2.0\ref\System.Diagnostics.Tools.dll&#39; and &#39;Platform:System.Diagnostics.Tools.dll&#39;.  Choosing &#39;Reference:C:\Users\Magnus\.nuget\packages\netstandard.library\2.0.1\build\netstandard2.0\ref\System.Diagnostics.Tools.dll&#39; because AssemblyVersion &#39;4.0.1.0&#39; is greater than &#39;4.0.0.0&#39;.
  Encountered conflict between &#39;Reference:System.Diagnostics.Tracing&#39; and &#39;Platform:System.Diagnostics.Tracing.dll&#39;.  Choosing &#39;Reference:System.Diagnostics.Tracing&#39; because AssemblyVersion &#39;4.2.0.0&#39; is greater than &#39;4.0.20.0&#39;.
  Encountered conflict between &#39;Reference:C:\Users\Magnus\.nuget\packages\netstandard.library\2.0.1\build\netstandard2.0\ref\System.Dynamic.Runtime.dll&#39; and &#39;Platform:System.Dynamic.Runtime.dll&#39;.  Choosing &#39;Reference:C:\Users\Magnus\.nuget\packages\netstandard.library\2.0.1\build\netstandard2.0\ref\System.Dynamic.Runtime.dll&#39; because AssemblyVersion &#39;4.0.11.0&#39; is greater than &#39;4.0.10.0&#39;.
  Encountered conflict between &#39;Reference:C:\Users\Magnus\.nuget\packages\netstandard.library\2.0.1\build\netstandard2.0\ref\System.Globalization.dll&#39; and &#39;Platform:System.Globalization.dll&#39;.  Choosing &#39;Reference:C:\Users\Magnus\.nuget\packages\netstandard.library\2.0.1\build\netstandard2.0\ref\System.Globalization.dll&#39; because AssemblyVersion &#39;4.0.11.0&#39; is greater than &#39;4.0.10.0&#39;.
  Encountered conflict between &#39;Reference:C:\Users\Magnus\.nuget\packages\netstandard.library\2.0.1\build\netstandard2.0\ref\System.IO.dll&#39; and &#39;Platform:System.IO.dll&#39;.  Choosing &#39;Reference:C:\Users\Magnus\.nuget\packages\netstandard.library\2.0.1\build\netstandard2.0\ref\System.IO.dll&#39; because AssemblyVersion &#39;4.1.2.0&#39; is greater than &#39;4.0.10.0&#39;.
  Encountered conflict between &#39;Reference:C:\Users\Magnus\.nuget\packages\netstandard.library\2.0.1\build\netstandard2.0\ref\System.Linq.dll&#39; and &#39;Platform:System.Linq.dll&#39;.  Choosing &#39;Reference:C:\Users\Magnus\.nuget\packages\netstandard.library\2.0.1\build\netstandard2.0\ref\System.Linq.dll&#39; because AssemblyVersion &#39;4.1.2.0&#39; is greater than &#39;4.0.0.0&#39;.
  Encountered conflict between &#39;Reference:C:\Users\Magnus\.nuget\packages\netstandard.library\2.0.1\build\netstandard2.0\ref\System.Linq.Expressions.dll&#39; and &#39;Platform:System.Linq.Expressions.dll&#39;.  Choosing &#39;Reference:C:\Users\Magnus\.nuget\packages\netstandard.library\2.0.1\build\netstandard2.0\ref\System.Linq.Expressions.dll&#39; because AssemblyVersion &#39;4.1.2.0&#39; is greater than &#39;4.0.10.0&#39;.
  Encountered conflict between &#39;Reference:C:\Users\Magnus\.nuget\packages\netstandard.library\2.0.1\build\netstandard2.0\ref\System.Linq.Parallel.dll&#39; and &#39;Platform:System.Linq.Parallel.dll&#39;.  Choosing &#39;Reference:C:\Users\Magnus\.nuget\packages\netstandard.library\2.0.1\build\netstandard2.0\ref\System.Linq.Parallel.dll&#39; because AssemblyVersion &#39;4.0.1.0&#39; is greater than &#39;4.0.0.0&#39;.
  Encountered conflict between &#39;Reference:C:\Users\Magnus\.nuget\packages\netstandard.library\2.0.1\build\netstandard2.0\ref\System.Linq.Queryable.dll&#39; and &#39;Platform:System.Linq.Queryable.dll&#39;.  Choosing &#39;Reference:C:\Users\Magnus\.nuget\packages\netstandard.library\2.0.1\build\netstandard2.0\ref\System.Linq.Queryable.dll&#39; because AssemblyVersion &#39;4.0.1.0&#39; is greater than &#39;4.0.0.0&#39;.
  Encountered conflict between &#39;Reference:C:\Users\Magnus\.nuget\packages\netstandard.library\2.0.1\build\netstandard2.0\ref\System.Net.NetworkInformation.dll&#39; and &#39;Platform:System.Net.NetworkInformation.dll&#39;.  Choosing &#39;Reference:C:\Users\Magnus\.nuget\packages\netstandard.library\2.0.1\build\netstandard2.0\ref\System.Net.NetworkInformation.dll&#39; because AssemblyVersion &#39;4.1.2.0&#39; is greater than &#39;4.0.10.0&#39;.
  Encountered conflict between &#39;Reference:C:\Users\Magnus\.nuget\packages\netstandard.library\2.0.1\build\netstandard2.0\ref\System.Net.Primitives.dll&#39; and &#39;Platform:System.Net.Primitives.dll&#39;.  Choosing &#39;Reference:C:\Users\Magnus\.nuget\packages\netstandard.library\2.0.1\build\netstandard2.0\ref\System.Net.Primitives.dll&#39; because AssemblyVersion &#39;4.0.11.0&#39; is greater than &#39;4.0.10.0&#39;.
  Encountered conflict between &#39;Reference:C:\Users\Magnus\.nuget\packages\netstandard.library\2.0.1\build\netstandard2.0\ref\System.Net.Requests.dll&#39; and &#39;Platform:System.Net.Requests.dll&#39;.  Choosing &#39;Reference:C:\Users\Magnus\.nuget\packages\netstandard.library\2.0.1\build\netstandard2.0\ref\System.Net.Requests.dll&#39; because AssemblyVersion &#39;4.0.11.0&#39; is greater than &#39;4.0.10.0&#39;.
  Encountered conflict between &#39;Reference:C:\Users\Magnus\.nuget\packages\netstandard.library\2.0.1\build\netstandard2.0\ref\System.Net.WebHeaderCollection.dll&#39; and &#39;Platform:System.Net.WebHeaderCollection.dll&#39;.  Choosing &#39;Reference:C:\Users\Magnus\.nuget\packages\netstandard.library\2.0.1\build\netstandard2.0\ref\System.Net.WebHeaderCollection.dll&#39; because AssemblyVersion &#39;4.0.1.0&#39; is greater than &#39;4.0.0.0&#39;.
  Encountered conflict between &#39;Reference:C:\Users\Magnus\.nuget\packages\netstandard.library\2.0.1\build\netstandard2.0\ref\System.ObjectModel.dll&#39; and &#39;Platform:System.ObjectModel.dll&#39;.  Choosing &#39;Reference:C:\Users\Magnus\.nuget\packages\netstandard.library\2.0.1\build\netstandard2.0\ref\System.ObjectModel.dll&#39; because AssemblyVersion &#39;4.0.11.0&#39; is greater than &#39;4.0.10.0&#39;.
  Encountered conflict between &#39;Reference:C:\Users\Magnus\.nuget\packages\netstandard.library\2.0.1\build\netstandard2.0\ref\System.Reflection.dll&#39; and &#39;Platform:System.Reflection.dll&#39;.  Choosing &#39;Reference:C:\Users\Magnus\.nuget\packages\netstandard.library\2.0.1\build\netstandard2.0\ref\System.Reflection.dll&#39; because AssemblyVersion &#39;4.1.2.0&#39; is greater than &#39;4.0.10.0&#39;.
  Encountered conflict between &#39;Reference:C:\Users\Magnus\.nuget\packages\netstandard.library\2.0.1\build\netstandard2.0\ref\System.Reflection.Extensions.dll&#39; and &#39;Platform:System.Reflection.Extensions.dll&#39;.  Choosing &#39;Reference:C:\Users\Magnus\.nuget\packages\netstandard.library\2.0.1\build\netstandard2.0\ref\System.Reflection.Extensions.dll&#39; because AssemblyVersion &#39;4.0.1.0&#39; is greater than &#39;4.0.0.0&#39;.
  Encountered conflict between &#39;Reference:C:\Users\Magnus\.nuget\packages\netstandard.library\2.0.1\build\netstandard2.0\ref\System.Reflection.Primitives.dll&#39; and &#39;Platform:System.Reflection.Primitives.dll&#39;.  Choosing &#39;Reference:C:\Users\Magnus\.nuget\packages\netstandard.library\2.0.1\build\netstandard2.0\ref\System.Reflection.Primitives.dll&#39; because AssemblyVersion &#39;4.0.1.0&#39; is greater than &#39;4.0.0.0&#39;.
  Encountered conflict between &#39;Reference:C:\Users\Magnus\.nuget\packages\netstandard.library\2.0.1\build\netstandard2.0\ref\System.Resources.ResourceManager.dll&#39; and &#39;Platform:System.Resources.ResourceManager.dll&#39;.  Choosing &#39;Reference:C:\Users\Magnus\.nuget\packages\netstandard.library\2.0.1\build\netstandard2.0\ref\System.Resources.ResourceManager.dll&#39; because AssemblyVersion &#39;4.0.1.0&#39; is greater than &#39;4.0.0.0&#39;.
  Encountered conflict between &#39;Reference:C:\Users\Magnus\.nuget\packages\netstandard.library\2.0.1\build\netstandard2.0\ref\System.Runtime.dll&#39; and &#39;Platform:System.Runtime.dll&#39;.  Choosing &#39;Reference:C:\Users\Magnus\.nuget\packages\netstandard.library\2.0.1\build\netstandard2.0\ref\System.Runtime.dll&#39; because AssemblyVersion &#39;4.1.2.0&#39; is greater than &#39;4.0.20.0&#39;.
  Encountered conflict between &#39;Reference:C:\Users\Magnus\.nuget\packages\netstandard.library\2.0.1\build\netstandard2.0\ref\System.Runtime.Extensions.dll&#39; and &#39;Platform:System.Runtime.Extensions.dll&#39;.  Choosing &#39;Reference:C:\Users\Magnus\.nuget\packages\netstandard.library\2.0.1\build\netstandard2.0\ref\System.Runtime.Extensions.dll&#39; because AssemblyVersion &#39;4.1.2.0&#39; is greater than &#39;4.0.10.0&#39;.
  Encountered conflict between &#39;Reference:C:\Users\Magnus\.nuget\packages\netstandard.library\2.0.1\build\netstandard2.0\ref\System.Runtime.Handles.dll&#39; and &#39;Platform:System.Runtime.Handles.dll&#39;.  Choosing &#39;Reference:C:\Users\Magnus\.nuget\packages\netstandard.library\2.0.1\build\netstandard2.0\ref\System.Runtime.Handles.dll&#39; because AssemblyVersion &#39;4.0.1.0&#39; is greater than &#39;4.0.0.0&#39;.
  Encountered conflict between &#39;Reference:C:\Users\Magnus\.nuget\packages\netstandard.library\2.0.1\build\netstandard2.0\ref\System.Runtime.InteropServices.dll&#39; and &#39;Platform:System.Runtime.InteropServices.dll&#39;.  Choosing &#39;Reference:C:\Users\Magnus\.nuget\packages\netstandard.library\2.0.1\build\netstandard2.0\ref\System.Runtime.InteropServices.dll&#39; because AssemblyVersion &#39;4.1.2.0&#39; is greater than &#39;4.0.20.0&#39;.
  Encountered conflict between &#39;Reference:C:\Users\Magnus\.nuget\packages\netstandard.library\2.0.1\build\netstandard2.0\ref\System.Runtime.Numerics.dll&#39; and &#39;Platform:System.Runtime.Numerics.dll&#39;.  Choosing &#39;Reference:C:\Users\Magnus\.nuget\packages\netstandard.library\2.0.1\build\netstandard2.0\ref\System.Runtime.Numerics.dll&#39; because AssemblyVersion &#39;4.0.1.0&#39; is greater than &#39;4.0.0.0&#39;.
  Encountered conflict between &#39;Reference:C:\Users\Magnus\.nuget\packages\netstandard.library\2.0.1\build\netstandard2.0\ref\System.Runtime.Serialization.Json.dll&#39; and &#39;Platform:System.Runtime.Serialization.Json.dll&#39;.  Choosing &#39;Reference:C:\Users\Magnus\.nuget\packages\netstandard.library\2.0.1\build\netstandard2.0\ref\System.Runtime.Serialization.Json.dll&#39; because AssemblyVersion &#39;4.0.1.0&#39; is greater than &#39;4.0.0.0&#39;.
  Encountered conflict between &#39;Reference:System.Runtime.Serialization.Primitives&#39; and &#39;Platform:System.Runtime.Serialization.Primitives.dll&#39;.  Choosing &#39;Reference:System.Runtime.Serialization.Primitives&#39; because AssemblyVersion &#39;4.2.0.0&#39; is greater than &#39;4.0.10.0&#39;.
  Encountered conflict between &#39;Reference:System.Runtime.Serialization.Xml&#39; and &#39;Platform:System.Runtime.Serialization.Xml.dll&#39;.  Choosing &#39;Reference:System.Runtime.Serialization.Xml&#39; because AssemblyVersion &#39;4.1.3.0&#39; is greater than &#39;4.0.10.0&#39;.
  Encountered conflict between &#39;Reference:C:\Users\Magnus\.nuget\packages\netstandard.library\2.0.1\build\netstandard2.0\ref\System.Security.Principal.dll&#39; and &#39;Platform:System.Security.Principal.dll&#39;.  Choosing &#39;Reference:C:\Users\Magnus\.nuget\packages\netstandard.library\2.0.1\build\netstandard2.0\ref\System.Security.Principal.dll&#39; because AssemblyVersion &#39;4.0.1.0&#39; is greater than &#39;4.0.0.0&#39;.
  Encountered conflict between &#39;Reference:C:\Users\Magnus\.nuget\packages\netstandard.library\2.0.1\build\netstandard2.0\ref\System.Text.Encoding.dll&#39; and &#39;Platform:System.Text.Encoding.dll&#39;.  Choosing &#39;Reference:C:\Users\Magnus\.nuget\packages\netstandard.library\2.0.1\build\netstandard2.0\ref\System.Text.Encoding.dll&#39; because AssemblyVersion &#39;4.0.11.0&#39; is greater than &#39;4.0.10.0&#39;.
  Encountered conflict between &#39;Reference:C:\Users\Magnus\.nuget\packages\netstandard.library\2.0.1\build\netstandard2.0\ref\System.Text.Encoding.Extensions.dll&#39; and &#39;Platform:System.Text.Encoding.Extensions.dll&#39;.  Choosing &#39;Reference:C:\Users\Magnus\.nuget\packages\netstandard.library\2.0.1\build\netstandard2.0\ref\System.Text.Encoding.Extensions.dll&#39; because AssemblyVersion &#39;4.0.11.0&#39; is greater than &#39;4.0.10.0&#39;.
  Encountered conflict between &#39;Reference:C:\Users\Magnus\.nuget\packages\netstandard.library\2.0.1\build\netstandard2.0\ref\System.Text.RegularExpressions.dll&#39; and &#39;Platform:System.Text.RegularExpressions.dll&#39;.  Choosing &#39;Reference:C:\Users\Magnus\.nuget\packages\netstandard.library\2.0.1\build\netstandard2.0\ref\System.Text.RegularExpressions.dll&#39; because AssemblyVersion &#39;4.1.1.0&#39; is greater than &#39;4.0.10.0&#39;.
  Encountered conflict between &#39;Reference:C:\Users\Magnus\.nuget\packages\netstandard.library\2.0.1\build\netstandard2.0\ref\System.Threading.dll&#39; and &#39;Platform:System.Threading.dll&#39;.  Choosing &#39;Reference:C:\Users\Magnus\.nuget\packages\netstandard.library\2.0.1\build\netstandard2.0\ref\System.Threading.dll&#39; because AssemblyVersion &#39;4.0.11.0&#39; is greater than &#39;4.0.10.0&#39;.
  Encountered conflict between &#39;Reference:C:\Users\Magnus\.nuget\packages\netstandard.library\2.0.1\build\netstandard2.0\ref\System.Threading.Tasks.dll&#39; and &#39;Platform:System.Threading.Tasks.dll&#39;.  Choosing &#39;Reference:C:\Users\Magnus\.nuget\packages\netstandard.library\2.0.1\build\netstandard2.0\ref\System.Threading.Tasks.dll&#39; because AssemblyVersion &#39;4.0.11.0&#39; is greater than &#39;4.0.10.0&#39;.
  Encountered conflict between &#39;Reference:C:\Users\Magnus\.nuget\packages\netstandard.library\2.0.1\build\netstandard2.0\ref\System.Threading.Tasks.Parallel.dll&#39; and &#39;Platform:System.Threading.Tasks.Parallel.dll&#39;.  Choosing &#39;Reference:C:\Users\Magnus\.nuget\packages\netstandard.library\2.0.1\build\netstandard2.0\ref\System.Threading.Tasks.Parallel.dll&#39; because AssemblyVersion &#39;4.0.1.0&#39; is greater than &#39;4.0.0.0&#39;.
  Encountered conflict between &#39;Reference:C:\Users\Magnus\.nuget\packages\netstandard.library\2.0.1\build\netstandard2.0\ref\System.Threading.Timer.dll&#39; and &#39;Platform:System.Threading.Timer.dll&#39;.  Choosing &#39;Reference:C:\Users\Magnus\.nuget\packages\netstandard.library\2.0.1\build\netstandard2.0\ref\System.Threading.Timer.dll&#39; because AssemblyVersion &#39;4.0.1.0&#39; is greater than &#39;4.0.0.0&#39;.
  Encountered conflict between &#39;Reference:C:\Users\Magnus\.nuget\packages\netstandard.library\2.0.1\build\netstandard2.0\ref\System.Xml.ReaderWriter.dll&#39; and &#39;Platform:System.Xml.ReaderWriter.dll&#39;.  Choosing &#39;Reference:C:\Users\Magnus\.nuget\packages\netstandard.library\2.0.1\build\netstandard2.0\ref\System.Xml.ReaderWriter.dll&#39; because AssemblyVersion &#39;4.1.1.0&#39; is greater than &#39;4.0.10.0&#39;.
  Encountered conflict between &#39;Reference:C:\Users\Magnus\.nuget\packages\netstandard.library\2.0.1\build\netstandard2.0\ref\System.Xml.XDocument.dll&#39; and &#39;Platform:System.Xml.XDocument.dll&#39;.  Choosing &#39;Reference:C:\Users\Magnus\.nuget\packages\netstandard.library\2.0.1\build\netstandard2.0\ref\System.Xml.XDocument.dll&#39; because AssemblyVersion &#39;4.0.11.0&#39; is greater than &#39;4.0.10.0&#39;.
  Encountered conflict between &#39;Reference:C:\Users\Magnus\.nuget\packages\netstandard.library\2.0.1\build\netstandard2.0\ref\System.Xml.XmlSerializer.dll&#39; and &#39;Platform:System.Xml.XmlSerializer.dll&#39;.  Choosing &#39;Reference:C:\Users\Magnus\.nuget\packages\netstandard.library\2.0.1\build\netstandard2.0\ref\System.Xml.XmlSerializer.dll&#39; because AssemblyVersion &#39;4.0.11.0&#39; is greater than &#39;4.0.10.0&#39;.
  Encountered conflict between &#39;Platform:System.Collections.Concurrent.dll&#39; and &#39;CopyLocal:C:\Program Files (x86)\Microsoft Visual Studio\2017\Enterprise\MSBuild\Microsoft\Microsoft.NET.Build.Extensions\net461\lib\System.Collections.Concurrent.dll&#39;.  Choosing &#39;CopyLocal:C:\Program Files (x86)\Microsoft Visual Studio\2017\Enterprise\MSBuild\Microsoft\Microsoft.NET.Build.Extensions\net461\lib\System.Collections.Concurrent.dll&#39; because AssemblyVersion &#39;4.0.11.0&#39; is greater than &#39;4.0.10.0&#39;.
  Encountered conflict between &#39;Platform:System.Collections.dll&#39; and &#39;CopyLocal:C:\Program Files (x86)\Microsoft Visual Studio\2017\Enterprise\MSBuild\Microsoft\Microsoft.NET.Build.Extensions\net461\lib\System.Collections.dll&#39;.  Choosing &#39;CopyLocal:C:\Program Files (x86)\Microsoft Visual Studio\2017\Enterprise\MSBuild\Microsoft\Microsoft.NET.Build.Extensions\net461\lib\System.Collections.dll&#39; because AssemblyVersion &#39;4.0.11.0&#39; is greater than &#39;4.0.10.0&#39;.
  Encountered conflict between &#39;Platform:System.ComponentModel.dll&#39; and &#39;CopyLocal:C:\Program Files (x86)\Microsoft Visual Studio\2017\Enterprise\MSBuild\Microsoft\Microsoft.NET.Build.Extensions\net461\lib\System.ComponentModel.dll&#39;.  Choosing &#39;CopyLocal:C:\Program Files (x86)\Microsoft Visual Studio\2017\Enterprise\MSBuild\Microsoft\Microsoft.NET.Build.Extensions\net461\lib\System.ComponentModel.dll&#39; because AssemblyVersion &#39;4.0.1.0&#39; is greater than &#39;4.0.0.0&#39;.
  Encountered conflict between &#39;Platform:System.ComponentModel.EventBasedAsync.dll&#39; and &#39;CopyLocal:C:\Program Files (x86)\Microsoft Visual Studio\2017\Enterprise\MSBuild\Microsoft\Microsoft.NET.Build.Extensions\net461\lib\System.ComponentModel.EventBasedAsync.dll&#39;.  Choosing &#39;CopyLocal:C:\Program Files (x86)\Microsoft Visual Studio\2017\Enterprise\MSBuild\Microsoft\Microsoft.NET.Build.Extensions\net461\lib\System.ComponentModel.EventBasedAsync.dll&#39; because AssemblyVersion &#39;4.0.11.0&#39; is greater than &#39;4.0.10.0&#39;.
  Encountered conflict between &#39;Platform:System.Diagnostics.Contracts.dll&#39; and &#39;CopyLocal:C:\Program Files (x86)\Microsoft Visual Studio\2017\Enterprise\MSBuild\Microsoft\Microsoft.NET.Build.Extensions\net461\lib\System.Diagnostics.Contracts.dll&#39;.  Choosing &#39;CopyLocal:C:\Program Files (x86)\Microsoft Visual Studio\2017\Enterprise\MSBuild\Microsoft\Microsoft.NET.Build.Extensions\net461\lib\System.Diagnostics.Contracts.dll&#39; because AssemblyVersion &#39;4.0.1.0&#39; is greater than &#39;4.0.0.0&#39;.
  Encountered conflict between &#39;Platform:System.Diagnostics.Debug.dll&#39; and &#39;CopyLocal:C:\Program Files (x86)\Microsoft Visual Studio\2017\Enterprise\MSBuild\Microsoft\Microsoft.NET.Build.Extensions\net461\lib\System.Diagnostics.Debug.dll&#39;.  Choosing &#39;CopyLocal:C:\Program Files (x86)\Microsoft Visual Studio\2017\Enterprise\MSBuild\Microsoft\Microsoft.NET.Build.Extensions\net461\lib\System.Diagnostics.Debug.dll&#39; because AssemblyVersion &#39;4.0.11.0&#39; is greater than &#39;4.0.10.0&#39;.
  Encountered conflict between &#39;Platform:System.Diagnostics.Tools.dll&#39; and &#39;CopyLocal:C:\Program Files (x86)\Microsoft Visual Studio\2017\Enterprise\MSBuild\Microsoft\Microsoft.NET.Build.Extensions\net461\lib\System.Diagnostics.Tools.dll&#39;.  Choosing &#39;CopyLocal:C:\Program Files (x86)\Microsoft Visual Studio\2017\Enterprise\MSBuild\Microsoft\Microsoft.NET.Build.Extensions\net461\lib\System.Diagnostics.Tools.dll&#39; because AssemblyVersion &#39;4.0.1.0&#39; is greater than &#39;4.0.0.0&#39;.
  Encountered conflict between &#39;Platform:System.Diagnostics.Tracing.dll&#39; and &#39;CopyLocal:C:\Program Files (x86)\Microsoft Visual Studio\2017\Enterprise\MSBuild\Microsoft\Microsoft.NET.Build.Extensions\net461\lib\System.Diagnostics.Tracing.dll&#39;.  Choosing &#39;CopyLocal:C:\Program Files (x86)\Microsoft Visual Studio\2017\Enterprise\MSBuild\Microsoft\Microsoft.NET.Build.Extensions\net461\lib\System.Diagnostics.Tracing.dll&#39; because AssemblyVersion &#39;4.2.0.0&#39; is greater than &#39;4.0.20.0&#39;.
  Encountered conflict between &#39;Platform:System.Dynamic.Runtime.dll&#39; and &#39;CopyLocal:C:\Program Files (x86)\Microsoft Visual Studio\2017\Enterprise\MSBuild\Microsoft\Microsoft.NET.Build.Extensions\net461\lib\System.Dynamic.Runtime.dll&#39;.  Choosing &#39;CopyLocal:C:\Program Files (x86)\Microsoft Visual Studio\2017\Enterprise\MSBuild\Microsoft\Microsoft.NET.Build.Extensions\net461\lib\System.Dynamic.Runtime.dll&#39; because AssemblyVersion &#39;4.0.11.0&#39; is greater than &#39;4.0.10.0&#39;.
  Encountered conflict between &#39;Platform:System.Globalization.dll&#39; and &#39;CopyLocal:C:\Program Files (x86)\Microsoft Visual Studio\2017\Enterprise\MSBuild\Microsoft\Microsoft.NET.Build.Extensions\net461\lib\System.Globalization.dll&#39;.  Choosing &#39;CopyLocal:C:\Program Files (x86)\Microsoft Visual Studio\2017\Enterprise\MSBuild\Microsoft\Microsoft.NET.Build.Extensions\net461\lib\System.Globalization.dll&#39; because AssemblyVersion &#39;4.0.11.0&#39; is greater than &#39;4.0.10.0&#39;.
  Encountered conflict between &#39;Platform:System.IO.Compression.dll&#39; and &#39;CopyLocal:C:\Program Files (x86)\Microsoft Visual Studio\2017\Enterprise\MSBuild\Microsoft\Microsoft.NET.Build.Extensions\net461\lib\System.IO.Compression.dll&#39;.  Choosing &#39;CopyLocal:C:\Program Files (x86)\Microsoft Visual Studio\2017\Enterprise\MSBuild\Microsoft\Microsoft.NET.Build.Extensions\net461\lib\System.IO.Compression.dll&#39; because AssemblyVersion &#39;4.2.0.0&#39; is greater than &#39;4.0.0.0&#39;.
  Encountered conflict between &#39;Platform:System.IO.dll&#39; and &#39;CopyLocal:C:\Program Files (x86)\Microsoft Visual Studio\2017\Enterprise\MSBuild\Microsoft\Microsoft.NET.Build.Extensions\net461\lib\System.IO.dll&#39;.  Choosing &#39;CopyLocal:C:\Program Files (x86)\Microsoft Visual Studio\2017\Enterprise\MSBuild\Microsoft\Microsoft.NET.Build.Extensions\net461\lib\System.IO.dll&#39; because AssemblyVersion &#39;4.1.2.0&#39; is greater than &#39;4.0.10.0&#39;.
  Encountered conflict between &#39;Platform:System.Linq.dll&#39; and &#39;CopyLocal:C:\Program Files (x86)\Microsoft Visual Studio\2017\Enterprise\MSBuild\Microsoft\Microsoft.NET.Build.Extensions\net461\lib\System.Linq.dll&#39;.  Choosing &#39;CopyLocal:C:\Program Files (x86)\Microsoft Visual Studio\2017\Enterprise\MSBuild\Microsoft\Microsoft.NET.Build.Extensions\net461\lib\System.Linq.dll&#39; because AssemblyVersion &#39;4.1.2.0&#39; is greater than &#39;4.0.0.0&#39;.
  Encountered conflict between &#39;Platform:System.Linq.Expressions.dll&#39; and &#39;CopyLocal:C:\Program Files (x86)\Microsoft Visual Studio\2017\Enterprise\MSBuild\Microsoft\Microsoft.NET.Build.Extensions\net461\lib\System.Linq.Expressions.dll&#39;.  Choosing &#39;CopyLocal:C:\Program Files (x86)\Microsoft Visual Studio\2017\Enterprise\MSBuild\Microsoft\Microsoft.NET.Build.Extensions\net461\lib\System.Linq.Expressions.dll&#39; because AssemblyVersion &#39;4.1.2.0&#39; is greater than &#39;4.0.10.0&#39;.
  Encountered conflict between &#39;Platform:System.Linq.Parallel.dll&#39; and &#39;CopyLocal:C:\Program Files (x86)\Microsoft Visual Studio\2017\Enterprise\MSBuild\Microsoft\Microsoft.NET.Build.Extensions\net461\lib\System.Linq.Parallel.dll&#39;.  Choosing &#39;CopyLocal:C:\Program Files (x86)\Microsoft Visual Studio\2017\Enterprise\MSBuild\Microsoft\Microsoft.NET.Build.Extensions\net461\lib\System.Linq.Parallel.dll&#39; because AssemblyVersion &#39;4.0.1.0&#39; is greater than &#39;4.0.0.0&#39;.
  Encountered conflict between &#39;Platform:System.Linq.Queryable.dll&#39; and &#39;CopyLocal:C:\Program Files (x86)\Microsoft Visual Studio\2017\Enterprise\MSBuild\Microsoft\Microsoft.NET.Build.Extensions\net461\lib\System.Linq.Queryable.dll&#39;.  Choosing &#39;CopyLocal:C:\Program Files (x86)\Microsoft Visual Studio\2017\Enterprise\MSBuild\Microsoft\Microsoft.NET.Build.Extensions\net461\lib\System.Linq.Queryable.dll&#39; because AssemblyVersion &#39;4.0.1.0&#39; is greater than &#39;4.0.0.0&#39;.
  Encountered conflict between &#39;Platform:System.Net.Http.dll&#39; and &#39;CopyLocal:C:\Program Files (x86)\Microsoft Visual Studio\2017\Enterprise\MSBuild\Microsoft\Microsoft.NET.Build.Extensions\net461\lib\System.Net.Http.dll&#39;.  Choosing &#39;CopyLocal:C:\Program Files (x86)\Microsoft Visual Studio\2017\Enterprise\MSBuild\Microsoft\Microsoft.NET.Build.Extensions\net461\lib\System.Net.Http.dll&#39; because AssemblyVersion &#39;4.2.0.0&#39; is greater than &#39;4.0.0.0&#39;.
  Encountered conflict between &#39;Platform:System.Net.NetworkInformation.dll&#39; and &#39;CopyLocal:C:\Program Files (x86)\Microsoft Visual Studio\2017\Enterprise\MSBuild\Microsoft\Microsoft.NET.Build.Extensions\net461\lib\System.Net.NetworkInformation.dll&#39;.  Choosing &#39;CopyLocal:C:\Program Files (x86)\Microsoft Visual Studio\2017\Enterprise\MSBuild\Microsoft\Microsoft.NET.Build.Extensions\net461\lib\System.Net.NetworkInformation.dll&#39; because AssemblyVersion &#39;4.1.2.0&#39; is greater than &#39;4.0.10.0&#39;.
  Encountered conflict between &#39;Platform:System.Net.Primitives.dll&#39; and &#39;CopyLocal:C:\Program Files (x86)\Microsoft Visual Studio\2017\Enterprise\MSBuild\Microsoft\Microsoft.NET.Build.Extensions\net461\lib\System.Net.Primitives.dll&#39;.  Choosing &#39;CopyLocal:C:\Program Files (x86)\Microsoft Visual Studio\2017\Enterprise\MSBuild\Microsoft\Microsoft.NET.Build.Extensions\net461\lib\System.Net.Primitives.dll&#39; because AssemblyVersion &#39;4.0.11.0&#39; is greater than &#39;4.0.10.0&#39;.
  Encountered conflict between &#39;Platform:System.Net.Requests.dll&#39; and &#39;CopyLocal:C:\Program Files (x86)\Microsoft Visual Studio\2017\Enterprise\MSBuild\Microsoft\Microsoft.NET.Build.Extensions\net461\lib\System.Net.Requests.dll&#39;.  Choosing &#39;CopyLocal:C:\Program Files (x86)\Microsoft Visual Studio\2017\Enterprise\MSBuild\Microsoft\Microsoft.NET.Build.Extensions\net461\lib\System.Net.Requests.dll&#39; because AssemblyVersion &#39;4.0.11.0&#39; is greater than &#39;4.0.10.0&#39;.
  Encountered conflict between &#39;Platform:System.Net.WebHeaderCollection.dll&#39; and &#39;CopyLocal:C:\Program Files (x86)\Microsoft Visual Studio\2017\Enterprise\MSBuild\Microsoft\Microsoft.NET.Build.Extensions\net461\lib\System.Net.WebHeaderCollection.dll&#39;.  Choosing &#39;CopyLocal:C:\Program Files (x86)\Microsoft Visual Studio\2017\Enterprise\MSBuild\Microsoft\Microsoft.NET.Build.Extensions\net461\lib\System.Net.WebHeaderCollection.dll&#39; because AssemblyVersion &#39;4.0.1.0&#39; is greater than &#39;4.0.0.0&#39;.
  Encountered conflict between &#39;Platform:System.ObjectModel.dll&#39; and &#39;CopyLocal:C:\Program Files (x86)\Microsoft Visual Studio\2017\Enterprise\MSBuild\Microsoft\Microsoft.NET.Build.Extensions\net461\lib\System.ObjectModel.dll&#39;.  Choosing &#39;CopyLocal:C:\Program Files (x86)\Microsoft Visual Studio\2017\Enterprise\MSBuild\Microsoft\Microsoft.NET.Build.Extensions\net461\lib\System.ObjectModel.dll&#39; because AssemblyVersion &#39;4.0.11.0&#39; is greater than &#39;4.0.10.0&#39;.
  Encountered conflict between &#39;Platform:System.Reflection.dll&#39; and &#39;CopyLocal:C:\Program Files (x86)\Microsoft Visual Studio\2017\Enterprise\MSBuild\Microsoft\Microsoft.NET.Build.Extensions\net461\lib\System.Reflection.dll&#39;.  Choosing &#39;CopyLocal:C:\Program Files (x86)\Microsoft Visual Studio\2017\Enterprise\MSBuild\Microsoft\Microsoft.NET.Build.Extensions\net461\lib\System.Reflection.dll&#39; because AssemblyVersion &#39;4.1.2.0&#39; is greater than &#39;4.0.10.0&#39;.
  Encountered conflict between &#39;Platform:System.Reflection.Extensions.dll&#39; and &#39;CopyLocal:C:\Program Files (x86)\Microsoft Visual Studio\2017\Enterprise\MSBuild\Microsoft\Microsoft.NET.Build.Extensions\net461\lib\System.Reflection.Extensions.dll&#39;.  Choosing &#39;CopyLocal:C:\Program Files (x86)\Microsoft Visual Studio\2017\Enterprise\MSBuild\Microsoft\Microsoft.NET.Build.Extensions\net461\lib\System.Reflection.Extensions.dll&#39; because AssemblyVersion &#39;4.0.1.0&#39; is greater than &#39;4.0.0.0&#39;.
  Encountered conflict between &#39;Platform:System.Reflection.Primitives.dll&#39; and &#39;CopyLocal:C:\Program Files (x86)\Microsoft Visual Studio\2017\Enterprise\MSBuild\Microsoft\Microsoft.NET.Build.Extensions\net461\lib\System.Reflection.Primitives.dll&#39;.  Choosing &#39;CopyLocal:C:\Program Files (x86)\Microsoft Visual Studio\2017\Enterprise\MSBuild\Microsoft\Microsoft.NET.Build.Extensions\net461\lib\System.Reflection.Primitives.dll&#39; because AssemblyVersion &#39;4.0.1.0&#39; is greater than &#39;4.0.0.0&#39;.
  Encountered conflict between &#39;Platform:System.Resources.ResourceManager.dll&#39; and &#39;CopyLocal:C:\Program Files (x86)\Microsoft Visual Studio\2017\Enterprise\MSBuild\Microsoft\Microsoft.NET.Build.Extensions\net461\lib\System.Resources.ResourceManager.dll&#39;.  Choosing &#39;CopyLocal:C:\Program Files (x86)\Microsoft Visual Studio\2017\Enterprise\MSBuild\Microsoft\Microsoft.NET.Build.Extensions\net461\lib\System.Resources.ResourceManager.dll&#39; because AssemblyVersion &#39;4.0.1.0&#39; is greater than &#39;4.0.0.0&#39;.
  Encountered conflict between &#39;Platform:System.Runtime.dll&#39; and &#39;CopyLocal:C:\Program Files (x86)\Microsoft Visual Studio\2017\Enterprise\MSBuild\Microsoft\Microsoft.NET.Build.Extensions\net461\lib\System.Runtime.dll&#39;.  Choosing &#39;CopyLocal:C:\Program Files (x86)\Microsoft Visual Studio\2017\Enterprise\MSBuild\Microsoft\Microsoft.NET.Build.Extensions\net461\lib\System.Runtime.dll&#39; because AssemblyVersion &#39;4.1.2.0&#39; is greater than &#39;4.0.20.0&#39;.
  Encountered conflict between &#39;Platform:System.Runtime.Extensions.dll&#39; and &#39;CopyLocal:C:\Program Files (x86)\Microsoft Visual Studio\2017\Enterprise\MSBuild\Microsoft\Microsoft.NET.Build.Extensions\net461\lib\System.Runtime.Extensions.dll&#39;.  Choosing &#39;CopyLocal:C:\Program Files (x86)\Microsoft Visual Studio\2017\Enterprise\MSBuild\Microsoft\Microsoft.NET.Build.Extensions\net461\lib\System.Runtime.Extensions.dll&#39; because AssemblyVersion &#39;4.1.2.0&#39; is greater than &#39;4.0.10.0&#39;.
  Encountered conflict between &#39;Platform:System.Runtime.Handles.dll&#39; and &#39;CopyLocal:C:\Program Files (x86)\Microsoft Visual Studio\2017\Enterprise\MSBuild\Microsoft\Microsoft.NET.Build.Extensions\net461\lib\System.Runtime.Handles.dll&#39;.  Choosing &#39;CopyLocal:C:\Program Files (x86)\Microsoft Visual Studio\2017\Enterprise\MSBuild\Microsoft\Microsoft.NET.Build.Extensions\net461\lib\System.Runtime.Handles.dll&#39; because AssemblyVersion &#39;4.0.1.0&#39; is greater than &#39;4.0.0.0&#39;.
  Encountered conflict between &#39;Platform:System.Runtime.InteropServices.dll&#39; and &#39;CopyLocal:C:\Program Files (x86)\Microsoft Visual Studio\2017\Enterprise\MSBuild\Microsoft\Microsoft.NET.Build.Extensions\net461\lib\System.Runtime.InteropServices.dll&#39;.  Choosing &#39;CopyLocal:C:\Program Files (x86)\Microsoft Visual Studio\2017\Enterprise\MSBuild\Microsoft\Microsoft.NET.Build.Extensions\net461\lib\System.Runtime.InteropServices.dll&#39; because AssemblyVersion &#39;4.1.2.0&#39; is greater than &#39;4.0.20.0&#39;.
  Encountered conflict between &#39;Platform:System.Runtime.Numerics.dll&#39; and &#39;CopyLocal:C:\Program Files (x86)\Microsoft Visual Studio\2017\Enterprise\MSBuild\Microsoft\Microsoft.NET.Build.Extensions\net461\lib\System.Runtime.Numerics.dll&#39;.  Choosing &#39;CopyLocal:C:\Program Files (x86)\Microsoft Visual Studio\2017\Enterprise\MSBuild\Microsoft\Microsoft.NET.Build.Extensions\net461\lib\System.Runtime.Numerics.dll&#39; because AssemblyVersion &#39;4.0.1.0&#39; is greater than &#39;4.0.0.0&#39;.
  Encountered conflict between &#39;Platform:System.Runtime.Serialization.Json.dll&#39; and &#39;CopyLocal:C:\Program Files (x86)\Microsoft Visual Studio\2017\Enterprise\MSBuild\Microsoft\Microsoft.NET.Build.Extensions\net461\lib\System.Runtime.Serialization.Json.dll&#39;.  Choosing &#39;CopyLocal:C:\Program Files (x86)\Microsoft Visual Studio\2017\Enterprise\MSBuild\Microsoft\Microsoft.NET.Build.Extensions\net461\lib\System.Runtime.Serialization.Json.dll&#39; because AssemblyVersion &#39;4.0.1.0&#39; is greater than &#39;4.0.0.0&#39;.
  Encountered conflict between &#39;Platform:System.Runtime.Serialization.Primitives.dll&#39; and &#39;CopyLocal:C:\Program Files (x86)\Microsoft Visual Studio\2017\Enterprise\MSBuild\Microsoft\Microsoft.NET.Build.Extensions\net461\lib\System.Runtime.Serialization.Primitives.dll&#39;.  Choosing &#39;CopyLocal:C:\Program Files (x86)\Microsoft Visual Studio\2017\Enterprise\MSBuild\Microsoft\Microsoft.NET.Build.Extensions\net461\lib\System.Runtime.Serialization.Primitives.dll&#39; because AssemblyVersion &#39;4.2.0.0&#39; is greater than &#39;4.0.10.0&#39;.
  Encountered conflict between &#39;Platform:System.Runtime.Serialization.Xml.dll&#39; and &#39;CopyLocal:C:\Program Files (x86)\Microsoft Visual Studio\2017\Enterprise\MSBuild\Microsoft\Microsoft.NET.Build.Extensions\net461\lib\System.Runtime.Serialization.Xml.dll&#39;.  Choosing &#39;CopyLocal:C:\Program Files (x86)\Microsoft Visual Studio\2017\Enterprise\MSBuild\Microsoft\Microsoft.NET.Build.Extensions\net461\lib\System.Runtime.Serialization.Xml.dll&#39; because AssemblyVersion &#39;4.1.3.0&#39; is greater than &#39;4.0.10.0&#39;.
  Encountered conflict between &#39;Platform:System.Security.Principal.dll&#39; and &#39;CopyLocal:C:\Program Files (x86)\Microsoft Visual Studio\2017\Enterprise\MSBuild\Microsoft\Microsoft.NET.Build.Extensions\net461\lib\System.Security.Principal.dll&#39;.  Choosing &#39;CopyLocal:C:\Program Files (x86)\Microsoft Visual Studio\2017\Enterprise\MSBuild\Microsoft\Microsoft.NET.Build.Extensions\net461\lib\System.Security.Principal.dll&#39; because AssemblyVersion &#39;4.0.1.0&#39; is greater than &#39;4.0.0.0&#39;.
  Encountered conflict between &#39;Platform:System.Text.Encoding.dll&#39; and &#39;CopyLocal:C:\Program Files (x86)\Microsoft Visual Studio\2017\Enterprise\MSBuild\Microsoft\Microsoft.NET.Build.Extensions\net461\lib\System.Text.Encoding.dll&#39;.  Choosing &#39;CopyLocal:C:\Program Files (x86)\Microsoft Visual Studio\2017\Enterprise\MSBuild\Microsoft\Microsoft.NET.Build.Extensions\net461\lib\System.Text.Encoding.dll&#39; because AssemblyVersion &#39;4.0.11.0&#39; is greater than &#39;4.0.10.0&#39;.
  Encountered conflict between &#39;Platform:System.Text.Encoding.Extensions.dll&#39; and &#39;CopyLocal:C:\Program Files (x86)\Microsoft Visual Studio\2017\Enterprise\MSBuild\Microsoft\Microsoft.NET.Build.Extensions\net461\lib\System.Text.Encoding.Extensions.dll&#39;.  Choosing &#39;CopyLocal:C:\Program Files (x86)\Microsoft Visual Studio\2017\Enterprise\MSBuild\Microsoft\Microsoft.NET.Build.Extensions\net461\lib\System.Text.Encoding.Extensions.dll&#39; because AssemblyVersion &#39;4.0.11.0&#39; is greater than &#39;4.0.10.0&#39;.
  Encountered conflict between &#39;Platform:System.Text.RegularExpressions.dll&#39; and &#39;CopyLocal:C:\Program Files (x86)\Microsoft Visual Studio\2017\Enterprise\MSBuild\Microsoft\Microsoft.NET.Build.Extensions\net461\lib\System.Text.RegularExpressions.dll&#39;.  Choosing &#39;CopyLocal:C:\Program Files (x86)\Microsoft Visual Studio\2017\Enterprise\MSBuild\Microsoft\Microsoft.NET.Build.Extensions\net461\lib\System.Text.RegularExpressions.dll&#39; because AssemblyVersion &#39;4.1.1.0&#39; is greater than &#39;4.0.10.0&#39;.
  Encountered conflict between &#39;Platform:System.Threading.dll&#39; and &#39;CopyLocal:C:\Program Files (x86)\Microsoft Visual Studio\2017\Enterprise\MSBuild\Microsoft\Microsoft.NET.Build.Extensions\net461\lib\System.Threading.dll&#39;.  Choosing &#39;CopyLocal:C:\Program Files (x86)\Microsoft Visual Studio\2017\Enterprise\MSBuild\Microsoft\Microsoft.NET.Build.Extensions\net461\lib\System.Threading.dll&#39; because AssemblyVersion &#39;4.0.11.0&#39; is greater than &#39;4.0.10.0&#39;.
  Encountered conflict between &#39;Platform:System.Threading.Tasks.dll&#39; and &#39;CopyLocal:C:\Program Files (x86)\Microsoft Visual Studio\2017\Enterprise\MSBuild\Microsoft\Microsoft.NET.Build.Extensions\net461\lib\System.Threading.Tasks.dll&#39;.  Choosing &#39;CopyLocal:C:\Program Files (x86)\Microsoft Visual Studio\2017\Enterprise\MSBuild\Microsoft\Microsoft.NET.Build.Extensions\net461\lib\System.Threading.Tasks.dll&#39; because AssemblyVersion &#39;4.0.11.0&#39; is greater than &#39;4.0.10.0&#39;.
  Encountered conflict between &#39;Platform:System.Threading.Tasks.Parallel.dll&#39; and &#39;CopyLocal:C:\Program Files (x86)\Microsoft Visual Studio\2017\Enterprise\MSBuild\Microsoft\Microsoft.NET.Build.Extensions\net461\lib\System.Threading.Tasks.Parallel.dll&#39;.  Choosing &#39;CopyLocal:C:\Program Files (x86)\Microsoft Visual Studio\2017\Enterprise\MSBuild\Microsoft\Microsoft.NET.Build.Extensions\net461\lib\System.Threading.Tasks.Parallel.dll&#39; because AssemblyVersion &#39;4.0.1.0&#39; is greater than &#39;4.0.0.0&#39;.
  Encountered conflict between &#39;Platform:System.Threading.Timer.dll&#39; and &#39;CopyLocal:C:\Program Files (x86)\Microsoft Visual Studio\2017\Enterprise\MSBuild\Microsoft\Microsoft.NET.Build.Extensions\net461\lib\System.Threading.Timer.dll&#39;.  Choosing &#39;CopyLocal:C:\Program Files (x86)\Microsoft Visual Studio\2017\Enterprise\MSBuild\Microsoft\Microsoft.NET.Build.Extensions\net461\lib\System.Threading.Timer.dll&#39; because AssemblyVersion &#39;4.0.1.0&#39; is greater than &#39;4.0.0.0&#39;.
  Encountered conflict between &#39;Platform:System.Xml.ReaderWriter.dll&#39; and &#39;CopyLocal:C:\Program Files (x86)\Microsoft Visual Studio\2017\Enterprise\MSBuild\Microsoft\Microsoft.NET.Build.Extensions\net461\lib\System.Xml.ReaderWriter.dll&#39;.  Choosing &#39;CopyLocal:C:\Program Files (x86)\Microsoft Visual Studio\2017\Enterprise\MSBuild\Microsoft\Microsoft.NET.Build.Extensions\net461\lib\System.Xml.ReaderWriter.dll&#39; because AssemblyVersion &#39;4.1.1.0&#39; is greater than &#39;4.0.10.0&#39;.
  Encountered conflict between &#39;Platform:System.Xml.XDocument.dll&#39; and &#39;CopyLocal:C:\Program Files (x86)\Microsoft Visual Studio\2017\Enterprise\MSBuild\Microsoft\Microsoft.NET.Build.Extensions\net461\lib\System.Xml.XDocument.dll&#39;.  Choosing &#39;CopyLocal:C:\Program Files (x86)\Microsoft Visual Studio\2017\Enterprise\MSBuild\Microsoft\Microsoft.NET.Build.Extensions\net461\lib\System.Xml.XDocument.dll&#39; because AssemblyVersion &#39;4.0.11.0&#39; is greater than &#39;4.0.10.0&#39;.
  Encountered conflict between &#39;Platform:System.Xml.XmlSerializer.dll&#39; and &#39;CopyLocal:C:\Program Files (x86)\Microsoft Visual Studio\2017\Enterprise\MSBuild\Microsoft\Microsoft.NET.Build.Extensions\net461\lib\System.Xml.XmlSerializer.dll&#39;.  Choosing &#39;CopyLocal:C:\Program Files (x86)\Microsoft Visual Studio\2017\Enterprise\MSBuild\Microsoft\Microsoft.NET.Build.Extensions\net461\lib\System.Xml.XmlSerializer.dll&#39; because AssemblyVersion &#39;4.0.11.0&#39; is greater than &#39;4.0.10.0&#39;.
GenerateRefInfo:
  MRefBuilder (v2017.5.15.0)
  Copyright c 2006-2017, Microsoft Corporation, All Rights Reserved.
  Portions Copyright c 2006-2016, Eric Woodruff, All Rights Reserved.
  No source code context base path specified.  Source context information is unavailable.
  Loaded 1 assemblies for reflection and 124 dependency assemblies.
MRefBuilder : warning : Ignoring unresolved assembly reference: System.Transactions (System.Transactions, Version=0.0.0.0, Culture=neutral, PublicKeyToken=b77a5c561934e089) required by netstandard [C:\Dev\Composable\src\framework\SandcastleDocumentation\Help\Working\GenerateRefInfo.proj]
MRefBuilder : error : Unresolved assembly reference: Newtonsoft.Json (Newtonsoft.Json, Version=10.0.0.0, Culture=neutral, PublicKeyToken=30ad4fe6b2a6aeed) required by Composable.CQRS [C:\Dev\Composable\src\framework\SandcastleDocumentation\Help\Working\GenerateRefInfo.proj]
    Last step completed in 00:00:03,0505
</buildStep>
<buildStep step="Failed">

SHFB: Error BE0043: Unexpected error detected in last build step.  See build log for details.
   at SandcastleBuilder.Utils.BuildEngine.TaskRunner.Run(String processFilename, String targetFile, String arguments)
   at SandcastleBuilder.Utils.BuildEngine.TaskRunner.RunProject(String projectFile, Boolean minimalOutput)
   at SandcastleBuilder.Utils.BuildEngine.BuildProcess.Build()

</buildStep>
</shfbBuild>
